[0mGET / [36m304[0m 50.092 ms - -[0m
[0mGET / [36m304[0m 12.118 ms - -[0m
[0mGET /users/profile/5fe8d56d84d338d08926a1d6 [32m200[0m 35.398 ms - 6443[0m
[0mGET /users/profile/5fe8d56d84d338d08926a1d6 [32m200[0m 27.339 ms - 6396[0m
[0mGET /users/profile/5fe8d56d84d338d08926a1d6 [32m200[0m 24.260 ms - 6434[0m
[0mGET / [32m200[0m 14.039 ms - 8642[0m
[0mGET / [36m304[0m 22.264 ms - -[0m
[0mGET /users/profile/5fe8d56d84d338d08926a1d6 [36m304[0m 18.015 ms - -[0m
[0mGET / [36m304[0m 31.896 ms - -[0m
[0mGET / [36m304[0m 13.503 ms - -[0m
[0mGET /users/profile/5fe8d56d84d338d08926a1d6 [36m304[0m 28.280 ms - -[0m
[0mGET /users/profile/5fe8d56d84d338d08926a1d6 [36m304[0m 28.662 ms - -[0m
[0mGET /users/profile/5fe8d56d84d338d08926a1d6 [36m304[0m 29.894 ms - -[0m
[0mGET /users/profile/5fe8d56d84d338d08926a1d6 [36m304[0m 26.331 ms - -[0m
[0mGET / [36m304[0m 22.587 ms - -[0m
[0mGET /users/profile/5fe8d56d84d338d08926a1d6 [36m304[0m 27.787 ms - -[0m
[0mGET /users/profile/5fe8d56d84d338d08926a1d6 [32m200[0m 24.542 ms - 6476[0m
[0mGET /users/profile/5fe8d56d84d338d08926a1d6 [36m304[0m 10.029 ms - -[0m
[0mGET / [36m304[0m 14.378 ms - -[0m
[0mGET /users/profile/5fe8d56d84d338d08926a1d6 [36m304[0m 24.017 ms - -[0m
[0mGET /users/profile/5fe8d56d84d338d08926a1d6 [32m200[0m 25.234 ms - 6524[0m
[0mGET /users/profile/5fe8d56d84d338d08926a1d6 [36m304[0m 25.613 ms - -[0m
[0mGET /users/profile/5fe8d56d84d338d08926a1d6 [36m304[0m 10.104 ms - -[0m
[0mGET /users/profile/5fe8d56d84d338d08926a1d6 [36m304[0m 19.190 ms - -[0m
[0mGET /users/profile/5fe8d56d84d338d08926a1d6 [36m304[0m 7.353 ms - -[0m
[0mGET /users/profile/5fe8d56d84d338d08926a1d6 [36m304[0m 22.210 ms - -[0m
[0mGET /users/profile/5fe8d56d84d338d08926a1d6 [36m304[0m 13.614 ms - -[0m
[0mGET /users/profile/5fe8d56d84d338d08926a1d6 [36m304[0m 10.162 ms - -[0m
[0mGET /users/profile/5fe8d56d84d338d08926a1d6 [32m200[0m 15.456 ms - 6533[0m
[0mGET /users/profile/5fe8d56d84d338d08926a1d6 [32m200[0m 9.696 ms - 6524[0m
[0mGET /users/profile/5fe8d56d84d338d08926a1d6 [36m304[0m 24.544 ms - -[0m
[0mGET /users/profile/5fe8d56d84d338d08926a1d6 [36m304[0m 6.356 ms - -[0m
[0mGET /users/profile/5fe8d56d84d338d08926a1d6 [36m304[0m 27.575 ms - -[0m
[0mGET /users/profile/5fe8d56d84d338d08926a1d6 [36m304[0m 24.023 ms - -[0m
[0mGET /users/profile/5fe8d56d84d338d08926a1d6 [36m304[0m 10.718 ms - -[0m
[0mGET /users/profile/5fe8d56d84d338d08926a1d6 [36m304[0m 30.948 ms - -[0m
[0mGET /users/profile/5fe8d56d84d338d08926a1d6 [36m304[0m 9.760 ms - -[0m
[0mGET /users/profile/5fe8d56d84d338d08926a1d6 [36m304[0m 7.909 ms - -[0m
[0mGET /users/profile/5fe8d56d84d338d08926a1d6 [36m304[0m 27.033 ms - -[0m
[0mGET /users/profile/5fe8d56d84d338d08926a1d6 [36m304[0m 10.216 ms - -[0m
[0mGET /users/profile/5fe8d56d84d338d08926a1d6 [32m200[0m 29.358 ms - 6584[0m
[0mGET /users/profile/5fe8d56d84d338d08926a1d6 [36m304[0m 24.911 ms - -[0m
[0mGET /users/profile/5fe8d56d84d338d08926a1d6 [36m304[0m 18.156 ms - -[0m
[0mGET /users/profile/5fe8d56d84d338d08926a1d6 [36m304[0m 10.516 ms - -[0m
[0mGET /users/profile/5fe8d56d84d338d08926a1d6 [36m304[0m 9.039 ms - -[0m
[0mGET /users/profile/5fe8d56d84d338d08926a1d6 [36m304[0m 27.525 ms - -[0m
[0mGET /users/profile/5fe8d56d84d338d08926a1d6 [32m200[0m 24.324 ms - 6639[0m
[0mGET /users/profile/5fe8d56d84d338d08926a1d6 [36m304[0m 18.113 ms - -[0m
[0mGET /users/profile/5fe8d56d84d338d08926a1d6 [36m304[0m 14.710 ms - -[0m
[0mGET /users/profile/5fe8d56d84d338d08926a1d6 [36m304[0m 15.854 ms - -[0m
[0mGET /users/profile/5fe8d56d84d338d08926a1d6 [36m304[0m 17.582 ms - -[0m
[0mGET /users/profile/5fe8d56d84d338d08926a1d6 [32m200[0m 27.180 ms - 6759[0m
[0mGET /users/profile/5fe8d56d84d338d08926a1d6 [36m304[0m 10.258 ms - -[0m
[0mGET /users/profile/5fe8d56d84d338d08926a1d6 [36m304[0m 9.280 ms - -[0m
[0mGET /users/profile/5fe8d56d84d338d08926a1d6 [36m304[0m 7.890 ms - -[0m
[0mGET /users/profile/5fe8d56d84d338d08926a1d6 [36m304[0m 11.031 ms - -[0m
[0mGET /users/profile/5fe8d56d84d338d08926a1d6 [36m304[0m 7.517 ms - -[0m
[0mGET /users/profile/5fe8d56d84d338d08926a1d6 [36m304[0m 9.043 ms - -[0m
[0mGET /users/profile/5fe8d56d84d338d08926a1d6 [36m304[0m 8.707 ms - -[0m
[0mGET /users/profile/5fe8d56d84d338d08926a1d6 [36m304[0m 25.691 ms - -[0m
[0mGET /users/profile/5fe8d56d84d338d08926a1d6 [36m304[0m 21.042 ms - -[0m
[0mGET /users/profile/5fe8d56d84d338d08926a1d6 [36m304[0m 26.975 ms - -[0m
[0mGET /users/profile/5fe8d56d84d338d08926a1d6 [36m304[0m 24.400 ms - -[0m
[0mGET /users/profile/5fe8d56d84d338d08926a1d6 [36m304[0m 24.925 ms - -[0m
[0mGET /users/profile/5fe8d56d84d338d08926a1d6 [36m304[0m 21.195 ms - -[0m
[0mGET /users/profile/5fe8d56d84d338d08926a1d6 [36m304[0m 9.687 ms - -[0m
[0mGET /users/profile/5fe8d56d84d338d08926a1d6 [36m304[0m 19.003 ms - -[0m
[0mGET /users/profile/5fe8d56d84d338d08926a1d6 [36m304[0m 8.838 ms - -[0m
[0mGET /users/profile/5fe8d56d84d338d08926a1d6 [36m304[0m 22.525 ms - -[0m
[0mGET /users/profile/5fe8d56d84d338d08926a1d6 [36m304[0m 15.461 ms - -[0m
[0mGET /users/profile/5fe8d56d84d338d08926a1d6 [36m304[0m 7.854 ms - -[0m
[0mGET /users/profile/5fe8d56d84d338d08926a1d6 [36m304[0m 26.950 ms - -[0m
[0mGET /users/profile/5fe8d56d84d338d08926a1d6 [36m304[0m 19.463 ms - -[0m
[0mGET /users/profile/5fe8d56d84d338d08926a1d6 [36m304[0m 8.459 ms - -[0m
[0mGET /users/profile/5fe8d56d84d338d08926a1d6 [36m304[0m 24.181 ms - -[0m
[0mGET /users/profile/5fe8d56d84d338d08926a1d6 [36m304[0m 23.841 ms - -[0m
[0mGET /users/profile/5fe8d56d84d338d08926a1d6 [36m304[0m 9.277 ms - -[0m
[0mGET /users/profile/5fe8d56d84d338d08926a1d6 [32m200[0m 12.902 ms - 6892[0m
[0mGET /users/profile/5fe8d56d84d338d08926a1d6 [36m304[0m 11.419 ms - -[0m
[0mGET /users/profile/5fe8d56d84d338d08926a1d6 [36m304[0m 24.024 ms - -[0m
[0mGET /users/profile/5fe8d56d84d338d08926a1d6 [36m304[0m 26.479 ms - -[0m
[0mGET /users/profile/5fe8d56d84d338d08926a1d6 [36m304[0m 28.763 ms - -[0m
[0mGET /users/profile/5fe8d56d84d338d08926a1d6 [36m304[0m 25.038 ms - -[0m
[0mGET / [36m304[0m 10.929 ms - -[0m
[0mGET /users/profile/5fe8d56d84d338d08926a1d6 [36m304[0m 22.693 ms - -[0m
[0mGET /users/profile/5fe8d56d84d338d08926a1d6 [36m304[0m 16.068 ms - -[0m
[0mGET /users/profile/5fe8d56d84d338d08926a1d6 [36m304[0m 10.702 ms - -[0m
[0mGET /users/profile/5fe8d56d84d338d08926a1d6 [36m304[0m 11.096 ms - -[0m
[0mGET /users/profile/5fe8d56d84d338d08926a1d6 [36m304[0m 12.816 ms - -[0m
[0mGET /users/profile/5fe8d56d84d338d08926a1d6 [36m304[0m 7.076 ms - -[0m
[0mGET /users/profile/5fe8d56d84d338d08926a1d6 [36m304[0m 8.452 ms - -[0m
[0mGET /users/profile/5fe8d56d84d338d08926a1d6 [36m304[0m 14.340 ms - -[0m
[0mGET /users/profile/5fe8d56d84d338d08926a1d6 [36m304[0m 8.608 ms - -[0m
[0mGET /users/profile/5fe8d56d84d338d08926a1d6 [36m304[0m 24.432 ms - -[0m
[0mGET /users/profile/5fe8d56d84d338d08926a1d6 [36m304[0m 7.401 ms - -[0m
[0mGET /users/profile/5fe8d56d84d338d08926a1d6 [36m304[0m 10.112 ms - -[0m
[0mGET /users/profile/5fe8d56d84d338d08926a1d6 [36m304[0m 10.589 ms - -[0m
[0mGET /users/profile/5fe8d56d84d338d08926a1d6 [36m304[0m 22.685 ms - -[0m
[0mGET /users/profile/5fe8d56d84d338d08926a1d6 [36m304[0m 19.497 ms - -[0m
[0mGET /users/profile/5fe8d56d84d338d08926a1d6 [36m304[0m 25.253 ms - -[0m
[0mGET /users/profile/5fe8d56d84d338d08926a1d6 [36m304[0m 9.659 ms - -[0m
[0mGET /users/profile/5fe8d56d84d338d08926a1d6 [36m304[0m 24.038 ms - -[0m
[0mGET /users/profile/5fe8d56d84d338d08926a1d6 [36m304[0m 23.186 ms - -[0m
[0mGET /users/profile/5fe8d56d84d338d08926a1d6 [36m304[0m 24.315 ms - -[0m
[0mGET /users/profile/5fe8d56d84d338d08926a1d6 [36m304[0m 8.447 ms - -[0m
[0mGET /users/profile/5fe8d56d84d338d08926a1d6 [36m304[0m 24.324 ms - -[0m
[0mGET /users/profile/5fe8d56d84d338d08926a1d6 [36m304[0m 6.109 ms - -[0m
[0mGET /users/profile/5fe8d56d84d338d08926a1d6 [36m304[0m 7.078 ms - -[0m
[0mGET /users/profile/5fe8d56d84d338d08926a1d6 [36m304[0m 23.383 ms - -[0m
[0mGET /users/profile/5fe8d56d84d338d08926a1d6 [36m304[0m 26.596 ms - -[0m
[0mGET /users/profile/5fe8d56d84d338d08926a1d6 [36m304[0m 6.445 ms - -[0m
[0mGET /users/profile/5fe8d56d84d338d08926a1d6 [32m200[0m 27.171 ms - 6902[0m
[0mGET /users/profile/5fe8d56d84d338d08926a1d6 [36m304[0m 12.211 ms - -[0m
[0mGET /users/profile/5fe8d56d84d338d08926a1d6 [36m304[0m 6.406 ms - -[0m
[0mGET /users/profile/5fe8d56d84d338d08926a1d6 [36m304[0m 7.870 ms - -[0m
[0mGET /users/profile/5fe8d56d84d338d08926a1d6 [36m304[0m 12.965 ms - -[0m
[0mGET /users/sign-out [36m302[0m 8.833 ms - 46[0m
[0mGET / [32m200[0m 5.874 ms - 10366[0m
[0mGET /users/sign-up [32m200[0m 496.555 ms - 6214[0m
[0mGET /rsrc.php/v3/yO/r/YQNfPR9MJfx.png [33m404[0m 4.200 ms - 171[0m
[0mPOST /users/create [36m302[0m 3219.940 ms - 46[0m
[0mGET / [32m200[0m 9.473 ms - 10353[0m
[0mGET /users/sign-in [32m200[0m 5.505 ms - 7086[0m
[0mGET /rsrc.php/v3/yO/r/YQNfPR9MJfx.png [33m404[0m 2.297 ms - 171[0m
[0mPOST /users/create-session [36m302[0m 7.642 ms - 46[0m
[0mGET / [32m200[0m 8.301 ms - 8910[0m
[0mGET /users/profile [33m404[0m 4.109 ms - 152[0m
[0mGET /users/profile/5fe8e14e515573d9883970f3 [32m200[0m 12.668 ms - 7346[0m
[0mGET /users/profile/5fe8e14e515573d9883970f3 [32m200[0m 19.363 ms - 7327[0m
[0mGET /users/friend-request/?to_user=5fe8e14e515573d9883970f3&type=Add [36m302[0m 714.953 ms - 164[0m
[0mGET /users/profile/5fe8e14e515573d9883970f3 [32m200[0m 18.047 ms - 7603[0m
[0mGET /users/friend-request/?to_user=5fe8e14e515573d9883970f3&type=Remove [36m302[0m 722.252 ms - 164[0m
[0mGET /users/profile/5fe8e14e515573d9883970f3 [32m200[0m 22.842 ms - 7599[0m
[0mGET / [32m200[0m 15.513 ms - 8642[0m
[0mGET /users/profile/5fe8d56d84d338d08926a1d6 [36m304[0m 9.032 ms - -[0m
[0mGET /users/profile/5fe8d56d84d338d08926a1d6 [36m304[0m 23.915 ms - -[0m
[0mGET / [32m200[0m 28.188 ms - 10097[0m
[0mGET /users/sign-up [36m304[0m 495.602 ms - -[0m
[0mGET /rsrc.php/v3/yO/r/YQNfPR9MJfx.png [33m404[0m 3.028 ms - 171[0m
[0mPOST /users/create [36m302[0m 3227.179 ms - 46[0m
[0mGET / [32m200[0m 13.570 ms - 10353[0m
[0mGET / [32m200[0m 28.439 ms - 10097[0m
[0mGET /users/sign-up [36m304[0m 498.234 ms - -[0m
[0mGET /rsrc.php/v3/yO/r/YQNfPR9MJfx.png [33m404[0m 2.436 ms - 171[0m
[0mPOST /users/create [36m302[0m 3233.004 ms - 46[0m
[0mGET / [32m200[0m 11.525 ms - 10353[0m
::1 - - [27/Dec/2020:19:36:54 +0000] "GET / HTTP/1.1" 200 10097 "http://localhost:8000/users/sign-up" "Mozilla/5.0 (X11; Linux x86_64) AppleWebKit/537.36 (KHTML, like Gecko) Chrome/87.0.4280.88 Safari/537.36"
::1 - - [27/Dec/2020:19:36:56 +0000] "GET /users/sign-up HTTP/1.1" 304 - "http://localhost:8000/" "Mozilla/5.0 (X11; Linux x86_64) AppleWebKit/537.36 (KHTML, like Gecko) Chrome/87.0.4280.88 Safari/537.36"
::1 - - [27/Dec/2020:19:36:56 +0000] "GET /rsrc.php/v3/yO/r/YQNfPR9MJfx.png HTTP/1.1" 404 171 "http://localhost:8000/css/user_sign_up.css" "Mozilla/5.0 (X11; Linux x86_64) AppleWebKit/537.36 (KHTML, like Gecko) Chrome/87.0.4280.88 Safari/537.36"
::1 - - [27/Dec/2020:19:37:03 +0000] "POST /users/create HTTP/1.1" 302 46 "http://localhost:8000/users/sign-up" "Mozilla/5.0 (X11; Linux x86_64) AppleWebKit/537.36 (KHTML, like Gecko) Chrome/87.0.4280.88 Safari/537.36"
::1 - - [27/Dec/2020:19:37:03 +0000] "GET / HTTP/1.1" 200 10353 "http://localhost:8000/users/sign-up" "Mozilla/5.0 (X11; Linux x86_64) AppleWebKit/537.36 (KHTML, like Gecko) Chrome/87.0.4280.88 Safari/537.36"
::1 - - [27/Dec/2020:19:37:23 +0000] "GET /users/sign-in HTTP/1.1" 304 - "http://localhost:8000/" "Mozilla/5.0 (X11; Linux x86_64) AppleWebKit/537.36 (KHTML, like Gecko) Chrome/87.0.4280.88 Safari/537.36"
::1 - - [27/Dec/2020:19:37:23 +0000] "GET /rsrc.php/v3/yO/r/YQNfPR9MJfx.png HTTP/1.1" 404 171 "http://localhost:8000/css/user_sign_in.css" "Mozilla/5.0 (X11; Linux x86_64) AppleWebKit/537.36 (KHTML, like Gecko) Chrome/87.0.4280.88 Safari/537.36"
::1 - - [27/Dec/2020:19:37:27 +0000] "GET /users/sign-up HTTP/1.1" 304 - "http://localhost:8000/" "Mozilla/5.0 (X11; Linux x86_64) AppleWebKit/537.36 (KHTML, like Gecko) Chrome/87.0.4280.88 Safari/537.36"
::1 - - [27/Dec/2020:19:37:27 +0000] "GET /rsrc.php/v3/yO/r/YQNfPR9MJfx.png HTTP/1.1" 404 171 "http://localhost:8000/css/user_sign_up.css" "Mozilla/5.0 (X11; Linux x86_64) AppleWebKit/537.36 (KHTML, like Gecko) Chrome/87.0.4280.88 Safari/537.36"
::1 - - [27/Dec/2020:19:37:31 +0000] "GET / HTTP/1.1" 200 10097 "http://localhost:8000/users/sign-up" "Mozilla/5.0 (X11; Linux x86_64) AppleWebKit/537.36 (KHTML, like Gecko) Chrome/87.0.4280.88 Safari/537.36"
::1 - - [27/Dec/2020:19:37:33 +0000] "GET /users/sign-up HTTP/1.1" 304 - "http://localhost:8000/" "Mozilla/5.0 (X11; Linux x86_64) AppleWebKit/537.36 (KHTML, like Gecko) Chrome/87.0.4280.88 Safari/537.36"
::1 - - [27/Dec/2020:19:37:33 +0000] "GET /rsrc.php/v3/yO/r/YQNfPR9MJfx.png HTTP/1.1" 404 171 "http://localhost:8000/css/user_sign_up.css" "Mozilla/5.0 (X11; Linux x86_64) AppleWebKit/537.36 (KHTML, like Gecko) Chrome/87.0.4280.88 Safari/537.36"
::1 - - [27/Dec/2020:19:37:36 +0000] "GET /users/sign-in HTTP/1.1" 304 - "http://localhost:8000/" "Mozilla/5.0 (X11; Linux x86_64) AppleWebKit/537.36 (KHTML, like Gecko) Chrome/87.0.4280.88 Safari/537.36"
::1 - - [27/Dec/2020:19:37:37 +0000] "GET /rsrc.php/v3/yO/r/YQNfPR9MJfx.png HTTP/1.1" 404 171 "http://localhost:8000/css/user_sign_in.css" "Mozilla/5.0 (X11; Linux x86_64) AppleWebKit/537.36 (KHTML, like Gecko) Chrome/87.0.4280.88 Safari/537.36"
::1 - - [27/Dec/2020:19:37:41 +0000] "GET /users/sign-up HTTP/1.1" 304 - "http://localhost:8000/" "Mozilla/5.0 (X11; Linux x86_64) AppleWebKit/537.36 (KHTML, like Gecko) Chrome/87.0.4280.88 Safari/537.36"
::1 - - [27/Dec/2020:19:37:41 +0000] "GET /rsrc.php/v3/yO/r/YQNfPR9MJfx.png HTTP/1.1" 404 171 "http://localhost:8000/css/user_sign_up.css" "Mozilla/5.0 (X11; Linux x86_64) AppleWebKit/537.36 (KHTML, like Gecko) Chrome/87.0.4280.88 Safari/537.36"
::1 - - [27/Dec/2020:19:37:50 +0000] "POST /users/create HTTP/1.1" 302 46 "http://localhost:8000/users/sign-up" "Mozilla/5.0 (X11; Linux x86_64) AppleWebKit/537.36 (KHTML, like Gecko) Chrome/87.0.4280.88 Safari/537.36"
::1 - - [27/Dec/2020:19:37:50 +0000] "GET / HTTP/1.1" 200 10353 "http://localhost:8000/users/sign-up" "Mozilla/5.0 (X11; Linux x86_64) AppleWebKit/537.36 (KHTML, like Gecko) Chrome/87.0.4280.88 Safari/537.36"
::1 - - [27/Dec/2020:19:38:13 +0000] "GET /users/profile HTTP/1.1" 404 152 "-" "Mozilla/5.0 (X11; Linux x86_64) AppleWebKit/537.36 (KHTML, like Gecko) Chrome/87.0.4280.88 Safari/537.36"
::1 - - [27/Dec/2020:19:38:16 +0000] "GET /users/profile/5fe8e25ccead99fe3149b43f HTTP/1.1" 302 72 "-" "Mozilla/5.0 (X11; Linux x86_64) AppleWebKit/537.36 (KHTML, like Gecko) Chrome/87.0.4280.88 Safari/537.36"
::1 - - [27/Dec/2020:19:38:16 +0000] "GET /users/sign-in HTTP/1.1" 304 - "-" "Mozilla/5.0 (X11; Linux x86_64) AppleWebKit/537.36 (KHTML, like Gecko) Chrome/87.0.4280.88 Safari/537.36"
::1 - - [27/Dec/2020:19:38:16 +0000] "GET /rsrc.php/v3/yO/r/YQNfPR9MJfx.png HTTP/1.1" 404 171 "http://localhost:8000/css/user_sign_in.css" "Mozilla/5.0 (X11; Linux x86_64) AppleWebKit/537.36 (KHTML, like Gecko) Chrome/87.0.4280.88 Safari/537.36"
::1 - - [27/Dec/2020:19:38:21 +0000] "POST /users/create-session HTTP/1.1" 302 46 "http://localhost:8000/users/sign-in" "Mozilla/5.0 (X11; Linux x86_64) AppleWebKit/537.36 (KHTML, like Gecko) Chrome/87.0.4280.88 Safari/537.36"
::1 - - [27/Dec/2020:19:38:21 +0000] "GET / HTTP/1.1" 200 8867 "http://localhost:8000/users/sign-in" "Mozilla/5.0 (X11; Linux x86_64) AppleWebKit/537.36 (KHTML, like Gecko) Chrome/87.0.4280.88 Safari/537.36"
::1 - - [27/Dec/2020:19:38:32 +0000] "GET /users/profile/5fe8e25ccead99fe3149b43f HTTP/1.1" 200 6816 "-" "Mozilla/5.0 (X11; Linux x86_64) AppleWebKit/537.36 (KHTML, like Gecko) Chrome/87.0.4280.88 Safari/537.36"
::1 - - [27/Dec/2020:19:38:37 +0000] "GET /users/sign-out HTTP/1.1" 302 46 "http://localhost:8000/users/profile/5fe8e25ccead99fe3149b43f" "Mozilla/5.0 (X11; Linux x86_64) AppleWebKit/537.36 (KHTML, like Gecko) Chrome/87.0.4280.88 Safari/537.36"
::1 - - [27/Dec/2020:19:38:37 +0000] "GET / HTTP/1.1" 200 10366 "http://localhost:8000/users/profile/5fe8e25ccead99fe3149b43f" "Mozilla/5.0 (X11; Linux x86_64) AppleWebKit/537.36 (KHTML, like Gecko) Chrome/87.0.4280.88 Safari/537.36"
::1 - - [27/Dec/2020:19:38:43 +0000] "GET /users/sign-in HTTP/1.1" 304 - "http://localhost:8000/" "Mozilla/5.0 (X11; Linux x86_64) AppleWebKit/537.36 (KHTML, like Gecko) Chrome/87.0.4280.88 Safari/537.36"
::1 - - [27/Dec/2020:19:38:43 +0000] "GET /rsrc.php/v3/yO/r/YQNfPR9MJfx.png HTTP/1.1" 404 171 "http://localhost:8000/css/user_sign_in.css" "Mozilla/5.0 (X11; Linux x86_64) AppleWebKit/537.36 (KHTML, like Gecko) Chrome/87.0.4280.88 Safari/537.36"
::1 - - [27/Dec/2020:19:38:46 +0000] "POST /users/create-session HTTP/1.1" 302 46 "http://localhost:8000/users/sign-in" "Mozilla/5.0 (X11; Linux x86_64) AppleWebKit/537.36 (KHTML, like Gecko) Chrome/87.0.4280.88 Safari/537.36"
::1 - - [27/Dec/2020:19:38:46 +0000] "GET / HTTP/1.1" 200 8832 "http://localhost:8000/users/sign-in" "Mozilla/5.0 (X11; Linux x86_64) AppleWebKit/537.36 (KHTML, like Gecko) Chrome/87.0.4280.88 Safari/537.36"
::1 - - [27/Dec/2020:19:38:51 +0000] "GET /users/sign-in HTTP/1.1" 302 46 "-" "Mozilla/5.0 (X11; Linux x86_64) AppleWebKit/537.36 (KHTML, like Gecko) Chrome/87.0.4280.88 Safari/537.36"
::1 - - [27/Dec/2020:19:38:54 +0000] "GET /users/profile/5fe8e25ccead99fe3149b43f HTTP/1.1" 200 7314 "-" "Mozilla/5.0 (X11; Linux x86_64) AppleWebKit/537.36 (KHTML, like Gecko) Chrome/87.0.4280.88 Safari/537.36"
::1 - - [27/Dec/2020:19:39:31 +0000] "GET /users/profile/5fe8e25ccead99fe3149b43f HTTP/1.1" 304 - "-" "Mozilla/5.0 (X11; Linux x86_64) AppleWebKit/537.36 (KHTML, like Gecko) Chrome/87.0.4280.88 Safari/537.36"
::1 - - [27/Dec/2020:19:39:37 +0000] "GET /users/profile/5fe8e25ccead99fe3149b43f HTTP/1.1" 304 - "-" "Mozilla/5.0 (X11; Linux x86_64) AppleWebKit/537.36 (KHTML, like Gecko) Chrome/87.0.4280.88 Safari/537.36"
::1 - - [27/Dec/2020:19:39:54 +0000] "GET /users/profile/5fe8e25ccead99fe3149b43f HTTP/1.1" 304 - "-" "Mozilla/5.0 (X11; Linux x86_64) AppleWebKit/537.36 (KHTML, like Gecko) Chrome/87.0.4280.88 Safari/537.36"
::1 - - [27/Dec/2020:19:40:01 +0000] "GET /users/profile/5fe8e25ccead99fe3149b43f HTTP/1.1" 304 - "-" "Mozilla/5.0 (X11; Linux x86_64) AppleWebKit/537.36 (KHTML, like Gecko) Chrome/87.0.4280.88 Safari/537.36"
::1 - - [27/Dec/2020:19:40:07 +0000] "GET /users/profile/5fe8e25ccead99fe3149b43f HTTP/1.1" 304 - "-" "Mozilla/5.0 (X11; Linux x86_64) AppleWebKit/537.36 (KHTML, like Gecko) Chrome/87.0.4280.88 Safari/537.36"
::1 - - [27/Dec/2020:19:40:13 +0000] "GET /users/profile/5fe8e25ccead99fe3149b43f HTTP/1.1" 304 - "-" "Mozilla/5.0 (X11; Linux x86_64) AppleWebKit/537.36 (KHTML, like Gecko) Chrome/87.0.4280.88 Safari/537.36"
::1 - - [27/Dec/2020:19:40:21 +0000] "GET /users/profile/5fe8e25ccead99fe3149b43f HTTP/1.1" 304 - "-" "Mozilla/5.0 (X11; Linux x86_64) AppleWebKit/537.36 (KHTML, like Gecko) Chrome/87.0.4280.88 Safari/537.36"
::1 - - [27/Dec/2020:19:40:25 +0000] "GET /users/profile/5fe8e25ccead99fe3149b43f HTTP/1.1" 304 - "-" "Mozilla/5.0 (X11; Linux x86_64) AppleWebKit/537.36 (KHTML, like Gecko) Chrome/87.0.4280.88 Safari/537.36"
::1 - - [27/Dec/2020:19:40:30 +0000] "GET /users/friend-request/?to_user=5fe8e25ccead99fe3149b43f&type=Add HTTP/1.1" 302 164 "http://localhost:8000/users/profile/5fe8e25ccead99fe3149b43f" "Mozilla/5.0 (X11; Linux x86_64) AppleWebKit/537.36 (KHTML, like Gecko) Chrome/87.0.4280.88 Safari/537.36"
::1 - - [27/Dec/2020:19:40:30 +0000] "GET /users/profile/5fe8e25ccead99fe3149b43f HTTP/1.1" 200 7590 "http://localhost:8000/users/profile/5fe8e25ccead99fe3149b43f" "Mozilla/5.0 (X11; Linux x86_64) AppleWebKit/537.36 (KHTML, like Gecko) Chrome/87.0.4280.88 Safari/537.36"
::1 - - [27/Dec/2020:19:40:33 +0000] "GET /users/friend-request/?to_user=5fe8e25ccead99fe3149b43f&type=Remove HTTP/1.1" 302 164 "http://localhost:8000/users/profile/5fe8e25ccead99fe3149b43f" "Mozilla/5.0 (X11; Linux x86_64) AppleWebKit/537.36 (KHTML, like Gecko) Chrome/87.0.4280.88 Safari/537.36"
::1 - - [27/Dec/2020:19:40:33 +0000] "GET /users/profile/5fe8e25ccead99fe3149b43f HTTP/1.1" 200 7594 "http://localhost:8000/users/profile/5fe8e25ccead99fe3149b43f" "Mozilla/5.0 (X11; Linux x86_64) AppleWebKit/537.36 (KHTML, like Gecko) Chrome/87.0.4280.88 Safari/537.36"
::1 - - [27/Dec/2020:19:40:43 +0000] "GET /users/profile/5fe8e25ccead99fe3149b43f HTTP/1.1" 200 7314 "http://localhost:8000/users/profile/5fe8e25ccead99fe3149b43f" "Mozilla/5.0 (X11; Linux x86_64) AppleWebKit/537.36 (KHTML, like Gecko) Chrome/87.0.4280.88 Safari/537.36"
::1 - - [27/Dec/2020:19:40:50 +0000] "GET /users/profile/5fe8e25ccead99fe3149b43f HTTP/1.1" 304 - "http://localhost:8000/users/profile/5fe8e25ccead99fe3149b43f" "Mozilla/5.0 (X11; Linux x86_64) AppleWebKit/537.36 (KHTML, like Gecko) Chrome/87.0.4280.88 Safari/537.36"
::1 - - [27/Dec/2020:19:40:54 +0000] "GET /users/profile/5fe8e25ccead99fe3149b43f HTTP/1.1" 304 - "http://localhost:8000/users/profile/5fe8e25ccead99fe3149b43f" "Mozilla/5.0 (X11; Linux x86_64) AppleWebKit/537.36 (KHTML, like Gecko) Chrome/87.0.4280.88 Safari/537.36"
::1 - - [27/Dec/2020:19:40:59 +0000] "GET /users/profile/5fe8e25ccead99fe3149b43f HTTP/1.1" 304 - "http://localhost:8000/users/profile/5fe8e25ccead99fe3149b43f" "Mozilla/5.0 (X11; Linux x86_64) AppleWebKit/537.36 (KHTML, like Gecko) Chrome/87.0.4280.88 Safari/537.36"
::1 - - [27/Dec/2020:19:41:09 +0000] "GET /users/profile/5fe8e25ccead99fe3149b43f HTTP/1.1" 304 - "http://localhost:8000/users/profile/5fe8e25ccead99fe3149b43f" "Mozilla/5.0 (X11; Linux x86_64) AppleWebKit/537.36 (KHTML, like Gecko) Chrome/87.0.4280.88 Safari/537.36"
::1 - - [27/Dec/2020:19:41:17 +0000] "GET /users/profile/5fe8e25ccead99fe3149b43f HTTP/1.1" 304 - "http://localhost:8000/users/profile/5fe8e25ccead99fe3149b43f" "Mozilla/5.0 (X11; Linux x86_64) AppleWebKit/537.36 (KHTML, like Gecko) Chrome/87.0.4280.88 Safari/537.36"
::1 - - [27/Dec/2020:19:41:20 +0000] "GET /users/profile/5fe8e25ccead99fe3149b43f HTTP/1.1" 304 - "http://localhost:8000/users/profile/5fe8e25ccead99fe3149b43f" "Mozilla/5.0 (X11; Linux x86_64) AppleWebKit/537.36 (KHTML, like Gecko) Chrome/87.0.4280.88 Safari/537.36"
::1 - - [27/Dec/2020:19:41:38 +0000] "GET /users/profile/5fe8e25ccead99fe3149b43f HTTP/1.1" 304 - "http://localhost:8000/users/profile/5fe8e25ccead99fe3149b43f" "Mozilla/5.0 (X11; Linux x86_64) AppleWebKit/537.36 (KHTML, like Gecko) Chrome/87.0.4280.88 Safari/537.36"
::1 - - [27/Dec/2020:19:41:58 +0000] "GET /users/profile/5fe8e25ccead99fe3149b43f HTTP/1.1" 304 - "http://localhost:8000/users/profile/5fe8e25ccead99fe3149b43f" "Mozilla/5.0 (X11; Linux x86_64) AppleWebKit/537.36 (KHTML, like Gecko) Chrome/87.0.4280.88 Safari/537.36"
::1 - - [27/Dec/2020:19:42:00 +0000] "GET /users/friend-request/?to_user=5fe8e25ccead99fe3149b43f&type=Add HTTP/1.1" 302 164 "http://localhost:8000/users/profile/5fe8e25ccead99fe3149b43f" "Mozilla/5.0 (X11; Linux x86_64) AppleWebKit/537.36 (KHTML, like Gecko) Chrome/87.0.4280.88 Safari/537.36"
::1 - - [27/Dec/2020:19:42:00 +0000] "GET /users/profile/5fe8e25ccead99fe3149b43f HTTP/1.1" 200 7590 "http://localhost:8000/users/profile/5fe8e25ccead99fe3149b43f" "Mozilla/5.0 (X11; Linux x86_64) AppleWebKit/537.36 (KHTML, like Gecko) Chrome/87.0.4280.88 Safari/537.36"
::1 - - [27/Dec/2020:19:42:02 +0000] "GET /users/friend-request/?to_user=5fe8e25ccead99fe3149b43f&type=Remove HTTP/1.1" 302 164 "http://localhost:8000/users/profile/5fe8e25ccead99fe3149b43f" "Mozilla/5.0 (X11; Linux x86_64) AppleWebKit/537.36 (KHTML, like Gecko) Chrome/87.0.4280.88 Safari/537.36"
::1 - - [27/Dec/2020:19:42:02 +0000] "GET /users/profile/5fe8e25ccead99fe3149b43f HTTP/1.1" 200 7594 "http://localhost:8000/users/profile/5fe8e25ccead99fe3149b43f" "Mozilla/5.0 (X11; Linux x86_64) AppleWebKit/537.36 (KHTML, like Gecko) Chrome/87.0.4280.88 Safari/537.36"
::1 - - [27/Dec/2020:19:42:11 +0000] "GET /users/profile/5fe8e25ccead99fe3149b43f HTTP/1.1" 200 7314 "http://localhost:8000/users/profile/5fe8e25ccead99fe3149b43f" "Mozilla/5.0 (X11; Linux x86_64) AppleWebKit/537.36 (KHTML, like Gecko) Chrome/87.0.4280.88 Safari/537.36"
::1 - - [27/Dec/2020:19:42:17 +0000] "GET /users/profile/5fe8e25ccead99fe3149b43f HTTP/1.1" 304 - "http://localhost:8000/users/profile/5fe8e25ccead99fe3149b43f" "Mozilla/5.0 (X11; Linux x86_64) AppleWebKit/537.36 (KHTML, like Gecko) Chrome/87.0.4280.88 Safari/537.36"
::1 - - [27/Dec/2020:19:42:22 +0000] "GET /users/profile/5fe8e25ccead99fe3149b43f HTTP/1.1" 304 - "http://localhost:8000/users/profile/5fe8e25ccead99fe3149b43f" "Mozilla/5.0 (X11; Linux x86_64) AppleWebKit/537.36 (KHTML, like Gecko) Chrome/87.0.4280.88 Safari/537.36"
::1 - - [27/Dec/2020:19:42:36 +0000] "GET /users/profile/5fe8e25ccead99fe3149b43f HTTP/1.1" 304 - "http://localhost:8000/users/profile/5fe8e25ccead99fe3149b43f" "Mozilla/5.0 (X11; Linux x86_64) AppleWebKit/537.36 (KHTML, like Gecko) Chrome/87.0.4280.88 Safari/537.36"
::1 - - [27/Dec/2020:19:42:39 +0000] "GET /users/friend-request/?to_user=5fe8e25ccead99fe3149b43f&type=Add HTTP/1.1" 302 164 "http://localhost:8000/users/profile/5fe8e25ccead99fe3149b43f" "Mozilla/5.0 (X11; Linux x86_64) AppleWebKit/537.36 (KHTML, like Gecko) Chrome/87.0.4280.88 Safari/537.36"
::1 - - [27/Dec/2020:19:42:39 +0000] "GET /users/profile/5fe8e25ccead99fe3149b43f HTTP/1.1" 200 7590 "http://localhost:8000/users/profile/5fe8e25ccead99fe3149b43f" "Mozilla/5.0 (X11; Linux x86_64) AppleWebKit/537.36 (KHTML, like Gecko) Chrome/87.0.4280.88 Safari/537.36"
::1 - - [27/Dec/2020:19:42:42 +0000] "GET /users/friend-request/?to_user=5fe8e25ccead99fe3149b43f&type=Remove HTTP/1.1" 302 164 "http://localhost:8000/users/profile/5fe8e25ccead99fe3149b43f" "Mozilla/5.0 (X11; Linux x86_64) AppleWebKit/537.36 (KHTML, like Gecko) Chrome/87.0.4280.88 Safari/537.36"
::1 - - [27/Dec/2020:19:42:42 +0000] "GET /users/profile/5fe8e25ccead99fe3149b43f HTTP/1.1" 200 7594 "http://localhost:8000/users/profile/5fe8e25ccead99fe3149b43f" "Mozilla/5.0 (X11; Linux x86_64) AppleWebKit/537.36 (KHTML, like Gecko) Chrome/87.0.4280.88 Safari/537.36"
::1 - - [27/Dec/2020:19:42:53 +0000] "GET /users/profile/5fe8e28bcead99fe3149b440 HTTP/1.1" 200 6754 "http://localhost:8000/users/profile/5fe8e25ccead99fe3149b43f" "Mozilla/5.0 (X11; Linux x86_64) AppleWebKit/537.36 (KHTML, like Gecko) Chrome/87.0.4280.88 Safari/537.36"
::1 - - [27/Dec/2020:19:42:56 +0000] "GET / HTTP/1.1" 200 8564 "http://localhost:8000/users/profile/5fe8e28bcead99fe3149b440" "Mozilla/5.0 (X11; Linux x86_64) AppleWebKit/537.36 (KHTML, like Gecko) Chrome/87.0.4280.88 Safari/537.36"
::1 - - [27/Dec/2020:19:43:17 +0000] "GET / HTTP/1.1" 304 - "http://localhost:8000/users/profile/5fe8e28bcead99fe3149b440" "Mozilla/5.0 (X11; Linux x86_64) AppleWebKit/537.36 (KHTML, like Gecko) Chrome/87.0.4280.88 Safari/537.36"
::1 - - [27/Dec/2020:19:43:49 +0000] "GET / HTTP/1.1" 304 - "http://localhost:8000/" "Mozilla/5.0 (X11; Linux x86_64) AppleWebKit/537.36 (KHTML, like Gecko) Chrome/87.0.4280.88 Safari/537.36"
::1 - - [27/Dec/2020:19:43:51 +0000] "GET /users/profile/5fe8e28bcead99fe3149b440 HTTP/1.1" 304 - "http://localhost:8000/" "Mozilla/5.0 (X11; Linux x86_64) AppleWebKit/537.36 (KHTML, like Gecko) Chrome/87.0.4280.88 Safari/537.36"
::1 - - [27/Dec/2020:19:44:03 +0000] "GET /users/profile/5fe8e28bcead99fe3149b440 HTTP/1.1" 304 - "http://localhost:8000/" "Mozilla/5.0 (X11; Linux x86_64) AppleWebKit/537.36 (KHTML, like Gecko) Chrome/87.0.4280.88 Safari/537.36"
::1 - - [27/Dec/2020:19:44:31 +0000] "GET /users/profile/5fe8e28bcead99fe3149b440 HTTP/1.1" 304 - "http://localhost:8000/" "Mozilla/5.0 (X11; Linux x86_64) AppleWebKit/537.36 (KHTML, like Gecko) Chrome/87.0.4280.88 Safari/537.36"
::1 - - [28/Dec/2020:07:01:42 +0000] "GET / HTTP/1.1" 200 10097 "-" "Mozilla/5.0 (X11; Linux x86_64) AppleWebKit/537.36 (KHTML, like Gecko) Chrome/87.0.4280.88 Safari/537.36"
::1 - - [28/Dec/2020:07:01:53 +0000] "GET /users/sign-in HTTP/1.1" 200 7086 "http://localhost:8000/" "Mozilla/5.0 (X11; Linux x86_64) AppleWebKit/537.36 (KHTML, like Gecko) Chrome/87.0.4280.88 Safari/537.36"
::1 - - [28/Dec/2020:07:01:53 +0000] "GET /rsrc.php/v3/yO/r/YQNfPR9MJfx.png HTTP/1.1" 404 171 "http://localhost:8000/css/user_sign_in.css" "Mozilla/5.0 (X11; Linux x86_64) AppleWebKit/537.36 (KHTML, like Gecko) Chrome/87.0.4280.88 Safari/537.36"
::1 - - [28/Dec/2020:07:01:56 +0000] "POST /users/create-session HTTP/1.1" 302 46 "http://localhost:8000/users/sign-in" "Mozilla/5.0 (X11; Linux x86_64) AppleWebKit/537.36 (KHTML, like Gecko) Chrome/87.0.4280.88 Safari/537.36"
::1 - - [28/Dec/2020:07:01:56 +0000] "GET / HTTP/1.1" 200 8867 "http://localhost:8000/users/sign-in" "Mozilla/5.0 (X11; Linux x86_64) AppleWebKit/537.36 (KHTML, like Gecko) Chrome/87.0.4280.88 Safari/537.36"
::1 - - [28/Dec/2020:07:01:58 +0000] "GET /users/profile/5fe8e25ccead99fe3149b43f HTTP/1.1" 200 6834 "http://localhost:8000/" "Mozilla/5.0 (X11; Linux x86_64) AppleWebKit/537.36 (KHTML, like Gecko) Chrome/87.0.4280.88 Safari/537.36"
::1 - - [28/Dec/2020:07:04:10 +0000] "GET /users/profile/5fe8e25ccead99fe3149b43f HTTP/1.1" 200 6816 "http://localhost:8000/" "Mozilla/5.0 (X11; Linux x86_64) AppleWebKit/537.36 (KHTML, like Gecko) Chrome/87.0.4280.88 Safari/537.36"
::1 - - [28/Dec/2020:07:04:21 +0000] "GET /users/profile/5fe8e25ccead99fe3149b43f HTTP/1.1" 304 - "http://localhost:8000/" "Mozilla/5.0 (X11; Linux x86_64) AppleWebKit/537.36 (KHTML, like Gecko) Chrome/87.0.4280.88 Safari/537.36"
::1 - - [28/Dec/2020:07:04:31 +0000] "GET /users/profile/5fe8e25ccead99fe3149b43f HTTP/1.1" 304 - "http://localhost:8000/" "Mozilla/5.0 (X11; Linux x86_64) AppleWebKit/537.36 (KHTML, like Gecko) Chrome/87.0.4280.88 Safari/537.36"
::1 - - [28/Dec/2020:07:04:36 +0000] "GET /users/profile/5fe8e25ccead99fe3149b43f HTTP/1.1" 304 - "http://localhost:8000/" "Mozilla/5.0 (X11; Linux x86_64) AppleWebKit/537.36 (KHTML, like Gecko) Chrome/87.0.4280.88 Safari/537.36"
::1 - - [28/Dec/2020:07:08:43 +0000] "GET /users/profile/5fe8e25ccead99fe3149b43f HTTP/1.1" 200 6815 "http://localhost:8000/" "Mozilla/5.0 (X11; Linux x86_64) AppleWebKit/537.36 (KHTML, like Gecko) Chrome/87.0.4280.88 Safari/537.36"
::1 - - [28/Dec/2020:07:09:10 +0000] "GET /users/profile/5fe8e28bcead99fe3149b440 HTTP/1.1" 200 7283 "-" "Mozilla/5.0 (X11; Linux x86_64) AppleWebKit/537.36 (KHTML, like Gecko) Chrome/87.0.4280.88 Safari/537.36"
::1 - - [28/Dec/2020:07:11:45 +0000] "GET /users/profile/5fe8e25ccead99fe3149b43f HTTP/1.1" 200 7391 "http://localhost:8000/" "Mozilla/5.0 (X11; Linux x86_64) AppleWebKit/537.36 (KHTML, like Gecko) Chrome/87.0.4280.88 Safari/537.36"
::1 - - [28/Dec/2020:07:13:19 +0000] "GET /users/profile/5fe8e25ccead99fe3149b43f HTTP/1.1" 304 - "http://localhost:8000/" "Mozilla/5.0 (X11; Linux x86_64) AppleWebKit/537.36 (KHTML, like Gecko) Chrome/87.0.4280.88 Safari/537.36"
::1 - - [28/Dec/2020:07:13:25 +0000] "GET /users/profile/5fe8e25ccead99fe3149b43f HTTP/1.1" 304 - "http://localhost:8000/" "Mozilla/5.0 (X11; Linux x86_64) AppleWebKit/537.36 (KHTML, like Gecko) Chrome/87.0.4280.88 Safari/537.36"
::1 - - [28/Dec/2020:07:13:35 +0000] "GET /users/profile/5fe8e25ccead99fe3149b43f HTTP/1.1" 304 - "http://localhost:8000/" "Mozilla/5.0 (X11; Linux x86_64) AppleWebKit/537.36 (KHTML, like Gecko) Chrome/87.0.4280.88 Safari/537.36"
::1 - - [28/Dec/2020:07:13:39 +0000] "GET /users/profile/5fe8e25ccead99fe3149b43f HTTP/1.1" 304 - "http://localhost:8000/" "Mozilla/5.0 (X11; Linux x86_64) AppleWebKit/537.36 (KHTML, like Gecko) Chrome/87.0.4280.88 Safari/537.36"
::1 - - [28/Dec/2020:07:14:38 +0000] "GET /users/profile/5fe8e25ccead99fe3149b43f HTTP/1.1" 304 - "http://localhost:8000/" "Mozilla/5.0 (X11; Linux x86_64) AppleWebKit/537.36 (KHTML, like Gecko) Chrome/87.0.4280.88 Safari/537.36"
::1 - - [28/Dec/2020:07:14:53 +0000] "GET /users/profile/5fe8e25ccead99fe3149b43f HTTP/1.1" 304 - "http://localhost:8000/" "Mozilla/5.0 (X11; Linux x86_64) AppleWebKit/537.36 (KHTML, like Gecko) Chrome/87.0.4280.88 Safari/537.36"
::1 - - [28/Dec/2020:07:15:01 +0000] "GET /users/profile/5fe8e25ccead99fe3149b43f HTTP/1.1" 304 - "http://localhost:8000/" "Mozilla/5.0 (X11; Linux x86_64) AppleWebKit/537.36 (KHTML, like Gecko) Chrome/87.0.4280.88 Safari/537.36"
::1 - - [28/Dec/2020:07:15:26 +0000] "GET /users/profile/5fe8e25ccead99fe3149b43f HTTP/1.1" 304 - "http://localhost:8000/" "Mozilla/5.0 (X11; Linux x86_64) AppleWebKit/537.36 (KHTML, like Gecko) Chrome/87.0.4280.88 Safari/537.36"
::1 - - [28/Dec/2020:07:16:09 +0000] "GET /users/profile/5fe8e25ccead99fe3149b43f HTTP/1.1" 304 - "http://localhost:8000/" "Mozilla/5.0 (X11; Linux x86_64) AppleWebKit/537.36 (KHTML, like Gecko) Chrome/87.0.4280.88 Safari/537.36"
::1 - - [28/Dec/2020:07:18:27 +0000] "GET /users/profile/5fe8e25ccead99fe3149b43f HTTP/1.1" 304 - "http://localhost:8000/" "Mozilla/5.0 (X11; Linux x86_64) AppleWebKit/537.36 (KHTML, like Gecko) Chrome/87.0.4280.88 Safari/537.36"
::1 - - [28/Dec/2020:07:18:43 +0000] "GET /users/profile/5fe8e25ccead99fe3149b43f HTTP/1.1" 304 - "http://localhost:8000/" "Mozilla/5.0 (X11; Linux x86_64) AppleWebKit/537.36 (KHTML, like Gecko) Chrome/87.0.4280.88 Safari/537.36"
::1 - - [28/Dec/2020:07:18:58 +0000] "GET /users/profile/5fe8e25ccead99fe3149b43f HTTP/1.1" 304 - "http://localhost:8000/" "Mozilla/5.0 (X11; Linux x86_64) AppleWebKit/537.36 (KHTML, like Gecko) Chrome/87.0.4280.88 Safari/537.36"
::1 - - [28/Dec/2020:07:19:08 +0000] "GET /users/profile/5fe8e25ccead99fe3149b43f HTTP/1.1" 304 - "http://localhost:8000/" "Mozilla/5.0 (X11; Linux x86_64) AppleWebKit/537.36 (KHTML, like Gecko) Chrome/87.0.4280.88 Safari/537.36"
::1 - - [28/Dec/2020:07:19:21 +0000] "GET /users/profile/5fe8e25ccead99fe3149b43f HTTP/1.1" 304 - "http://localhost:8000/" "Mozilla/5.0 (X11; Linux x86_64) AppleWebKit/537.36 (KHTML, like Gecko) Chrome/87.0.4280.88 Safari/537.36"
::1 - - [28/Dec/2020:07:19:34 +0000] "POST /users/update/5fe8e25ccead99fe3149b43f HTTP/1.1" 302 164 "http://localhost:8000/users/profile/5fe8e25ccead99fe3149b43f" "Mozilla/5.0 (X11; Linux x86_64) AppleWebKit/537.36 (KHTML, like Gecko) Chrome/87.0.4280.88 Safari/537.36"
::1 - - [28/Dec/2020:07:19:34 +0000] "GET /users/profile/5fe8e25ccead99fe3149b43f HTTP/1.1" 200 7738 "http://localhost:8000/users/profile/5fe8e25ccead99fe3149b43f" "Mozilla/5.0 (X11; Linux x86_64) AppleWebKit/537.36 (KHTML, like Gecko) Chrome/87.0.4280.88 Safari/537.36"
::1 - - [28/Dec/2020:07:19:39 +0000] "POST /users/update/5fe8e25ccead99fe3149b43f HTTP/1.1" 302 164 "http://localhost:8000/users/profile/5fe8e25ccead99fe3149b43f" "Mozilla/5.0 (X11; Linux x86_64) AppleWebKit/537.36 (KHTML, like Gecko) Chrome/87.0.4280.88 Safari/537.36"
::1 - - [28/Dec/2020:07:19:39 +0000] "GET /users/profile/5fe8e25ccead99fe3149b43f HTTP/1.1" 200 7738 "http://localhost:8000/users/profile/5fe8e25ccead99fe3149b43f" "Mozilla/5.0 (X11; Linux x86_64) AppleWebKit/537.36 (KHTML, like Gecko) Chrome/87.0.4280.88 Safari/537.36"
::1 - - [28/Dec/2020:07:20:06 +0000] "GET /users/profile/5fe8e25ccead99fe3149b43f HTTP/1.1" 200 7477 "http://localhost:8000/users/profile/5fe8e25ccead99fe3149b43f" "Mozilla/5.0 (X11; Linux x86_64) AppleWebKit/537.36 (KHTML, like Gecko) Chrome/87.0.4280.88 Safari/537.36"
::1 - - [28/Dec/2020:07:20:13 +0000] "GET /users/profile/5fe8e25ccead99fe3149b43f HTTP/1.1" 304 - "http://localhost:8000/users/profile/5fe8e25ccead99fe3149b43f" "Mozilla/5.0 (X11; Linux x86_64) AppleWebKit/537.36 (KHTML, like Gecko) Chrome/87.0.4280.88 Safari/537.36"
::1 - - [28/Dec/2020:07:20:24 +0000] "POST /users/update/5fe8e25ccead99fe3149b43f HTTP/1.1" 302 164 "http://localhost:8000/users/profile/5fe8e25ccead99fe3149b43f" "Mozilla/5.0 (X11; Linux x86_64) AppleWebKit/537.36 (KHTML, like Gecko) Chrome/87.0.4280.88 Safari/537.36"
::1 - - [28/Dec/2020:07:20:24 +0000] "GET /users/profile/5fe8e25ccead99fe3149b43f HTTP/1.1" 200 7741 "http://localhost:8000/users/profile/5fe8e25ccead99fe3149b43f" "Mozilla/5.0 (X11; Linux x86_64) AppleWebKit/537.36 (KHTML, like Gecko) Chrome/87.0.4280.88 Safari/537.36"
::1 - - [28/Dec/2020:07:20:28 +0000] "POST /users/update/5fe8e25ccead99fe3149b43f HTTP/1.1" 302 164 "http://localhost:8000/users/profile/5fe8e25ccead99fe3149b43f" "Mozilla/5.0 (X11; Linux x86_64) AppleWebKit/537.36 (KHTML, like Gecko) Chrome/87.0.4280.88 Safari/537.36"
::1 - - [28/Dec/2020:07:20:28 +0000] "GET /users/profile/5fe8e25ccead99fe3149b43f HTTP/1.1" 200 7738 "http://localhost:8000/users/profile/5fe8e25ccead99fe3149b43f" "Mozilla/5.0 (X11; Linux x86_64) AppleWebKit/537.36 (KHTML, like Gecko) Chrome/87.0.4280.88 Safari/537.36"
::1 - - [28/Dec/2020:07:20:49 +0000] "GET /users/profile/5fe8e25ccead99fe3149b43f HTTP/1.1" 200 7477 "http://localhost:8000/users/profile/5fe8e25ccead99fe3149b43f" "Mozilla/5.0 (X11; Linux x86_64) AppleWebKit/537.36 (KHTML, like Gecko) Chrome/87.0.4280.88 Safari/537.36"
::1 - - [28/Dec/2020:07:21:06 +0000] "GET /users/profile/5fe8e25ccead99fe3149b43f HTTP/1.1" 304 - "http://localhost:8000/users/profile/5fe8e25ccead99fe3149b43f" "Mozilla/5.0 (X11; Linux x86_64) AppleWebKit/537.36 (KHTML, like Gecko) Chrome/87.0.4280.88 Safari/537.36"
::1 - - [28/Dec/2020:07:21:18 +0000] "GET /users/profile/5fe8e25ccead99fe3149b43f HTTP/1.1" 304 - "http://localhost:8000/users/profile/5fe8e25ccead99fe3149b43f" "Mozilla/5.0 (X11; Linux x86_64) AppleWebKit/537.36 (KHTML, like Gecko) Chrome/87.0.4280.88 Safari/537.36"
::1 - - [28/Dec/2020:07:22:06 +0000] "GET /users/profile/5fe8e25ccead99fe3149b43f HTTP/1.1" 304 - "http://localhost:8000/users/profile/5fe8e25ccead99fe3149b43f" "Mozilla/5.0 (X11; Linux x86_64) AppleWebKit/537.36 (KHTML, like Gecko) Chrome/87.0.4280.88 Safari/537.36"
::1 - - [28/Dec/2020:07:22:15 +0000] "GET /users/profile/5fe8e25ccead99fe3149b43f HTTP/1.1" 304 - "http://localhost:8000/users/profile/5fe8e25ccead99fe3149b43f" "Mozilla/5.0 (X11; Linux x86_64) AppleWebKit/537.36 (KHTML, like Gecko) Chrome/87.0.4280.88 Safari/537.36"
::1 - - [28/Dec/2020:07:22:39 +0000] "GET /users/profile/5fe8e25ccead99fe3149b43f HTTP/1.1" 304 - "http://localhost:8000/users/profile/5fe8e25ccead99fe3149b43f" "Mozilla/5.0 (X11; Linux x86_64) AppleWebKit/537.36 (KHTML, like Gecko) Chrome/87.0.4280.88 Safari/537.36"
::1 - - [28/Dec/2020:07:22:48 +0000] "GET /users/profile/5fe8e25ccead99fe3149b43f HTTP/1.1" 304 - "http://localhost:8000/users/profile/5fe8e25ccead99fe3149b43f" "Mozilla/5.0 (X11; Linux x86_64) AppleWebKit/537.36 (KHTML, like Gecko) Chrome/87.0.4280.88 Safari/537.36"
::1 - - [28/Dec/2020:07:23:01 +0000] "GET /users/profile/5fe8e25ccead99fe3149b43f HTTP/1.1" 304 - "http://localhost:8000/users/profile/5fe8e25ccead99fe3149b43f" "Mozilla/5.0 (X11; Linux x86_64) AppleWebKit/537.36 (KHTML, like Gecko) Chrome/87.0.4280.88 Safari/537.36"
::1 - - [28/Dec/2020:07:23:11 +0000] "GET /users/profile/5fe8e25ccead99fe3149b43f HTTP/1.1" 304 - "http://localhost:8000/users/profile/5fe8e25ccead99fe3149b43f" "Mozilla/5.0 (X11; Linux x86_64) AppleWebKit/537.36 (KHTML, like Gecko) Chrome/87.0.4280.88 Safari/537.36"
::1 - - [28/Dec/2020:07:23:20 +0000] "GET /users/profile/5fe8e25ccead99fe3149b43f HTTP/1.1" 304 - "http://localhost:8000/users/profile/5fe8e25ccead99fe3149b43f" "Mozilla/5.0 (X11; Linux x86_64) AppleWebKit/537.36 (KHTML, like Gecko) Chrome/87.0.4280.88 Safari/537.36"
::1 - - [28/Dec/2020:07:23:28 +0000] "GET /users/profile/5fe8e25ccead99fe3149b43f HTTP/1.1" 304 - "http://localhost:8000/users/profile/5fe8e25ccead99fe3149b43f" "Mozilla/5.0 (X11; Linux x86_64) AppleWebKit/537.36 (KHTML, like Gecko) Chrome/87.0.4280.88 Safari/537.36"
::1 - - [28/Dec/2020:07:23:35 +0000] "GET /users/profile/5fe8e25ccead99fe3149b43f HTTP/1.1" 304 - "http://localhost:8000/users/profile/5fe8e25ccead99fe3149b43f" "Mozilla/5.0 (X11; Linux x86_64) AppleWebKit/537.36 (KHTML, like Gecko) Chrome/87.0.4280.88 Safari/537.36"
::1 - - [28/Dec/2020:07:23:48 +0000] "GET /users/profile/5fe8e25ccead99fe3149b43f HTTP/1.1" 304 - "http://localhost:8000/users/profile/5fe8e25ccead99fe3149b43f" "Mozilla/5.0 (X11; Linux x86_64) AppleWebKit/537.36 (KHTML, like Gecko) Chrome/87.0.4280.88 Safari/537.36"
::1 - - [28/Dec/2020:07:23:57 +0000] "POST /users/update/5fe8e25ccead99fe3149b43f HTTP/1.1" 302 164 "http://localhost:8000/users/profile/5fe8e25ccead99fe3149b43f" "Mozilla/5.0 (X11; Linux x86_64) AppleWebKit/537.36 (KHTML, like Gecko) Chrome/87.0.4280.88 Safari/537.36"
::1 - - [28/Dec/2020:07:23:57 +0000] "GET /users/profile/5fe8e25ccead99fe3149b43f HTTP/1.1" 200 7738 "http://localhost:8000/users/profile/5fe8e25ccead99fe3149b43f" "Mozilla/5.0 (X11; Linux x86_64) AppleWebKit/537.36 (KHTML, like Gecko) Chrome/87.0.4280.88 Safari/537.36"
::1 - - [28/Dec/2020:07:24:13 +0000] "GET /users/profile/5fe8e25ccead99fe3149b43f HTTP/1.1" 200 7477 "http://localhost:8000/users/profile/5fe8e25ccead99fe3149b43f" "Mozilla/5.0 (X11; Linux x86_64) AppleWebKit/537.36 (KHTML, like Gecko) Chrome/87.0.4280.88 Safari/537.36"
::1 - - [28/Dec/2020:07:24:34 +0000] "GET /users/profile/5fe8e25ccead99fe3149b43f HTTP/1.1" 304 - "http://localhost:8000/users/profile/5fe8e25ccead99fe3149b43f" "Mozilla/5.0 (X11; Linux x86_64) AppleWebKit/537.36 (KHTML, like Gecko) Chrome/87.0.4280.88 Safari/537.36"
::1 - - [28/Dec/2020:07:24:53 +0000] "GET /users/profile/5fe8e25ccead99fe3149b43f HTTP/1.1" 304 - "http://localhost:8000/users/profile/5fe8e25ccead99fe3149b43f" "Mozilla/5.0 (X11; Linux x86_64) AppleWebKit/537.36 (KHTML, like Gecko) Chrome/87.0.4280.88 Safari/537.36"
::1 - - [28/Dec/2020:07:25:12 +0000] "GET /users/profile/5fe8e25ccead99fe3149b43f HTTP/1.1" 304 - "http://localhost:8000/users/profile/5fe8e25ccead99fe3149b43f" "Mozilla/5.0 (X11; Linux x86_64) AppleWebKit/537.36 (KHTML, like Gecko) Chrome/87.0.4280.88 Safari/537.36"
::1 - - [28/Dec/2020:07:25:25 +0000] "GET /users/profile/5fe8e25ccead99fe3149b43f HTTP/1.1" 304 - "http://localhost:8000/users/profile/5fe8e25ccead99fe3149b43f" "Mozilla/5.0 (X11; Linux x86_64) AppleWebKit/537.36 (KHTML, like Gecko) Chrome/87.0.4280.88 Safari/537.36"
::1 - - [28/Dec/2020:07:25:31 +0000] "GET /users/profile/5fe8e25ccead99fe3149b43f HTTP/1.1" 304 - "http://localhost:8000/users/profile/5fe8e25ccead99fe3149b43f" "Mozilla/5.0 (X11; Linux x86_64) AppleWebKit/537.36 (KHTML, like Gecko) Chrome/87.0.4280.88 Safari/537.36"
::1 - - [28/Dec/2020:07:25:45 +0000] "GET /users/profile/5fe8e25ccead99fe3149b43f HTTP/1.1" 304 - "http://localhost:8000/users/profile/5fe8e25ccead99fe3149b43f" "Mozilla/5.0 (X11; Linux x86_64) AppleWebKit/537.36 (KHTML, like Gecko) Chrome/87.0.4280.88 Safari/537.36"
::1 - - [28/Dec/2020:07:25:51 +0000] "GET /users/profile/5fe8e25ccead99fe3149b43f HTTP/1.1" 304 - "http://localhost:8000/users/profile/5fe8e25ccead99fe3149b43f" "Mozilla/5.0 (X11; Linux x86_64) AppleWebKit/537.36 (KHTML, like Gecko) Chrome/87.0.4280.88 Safari/537.36"
::1 - - [28/Dec/2020:07:26:06 +0000] "GET /users/profile/5fe8e25ccead99fe3149b43f HTTP/1.1" 304 - "http://localhost:8000/users/profile/5fe8e25ccead99fe3149b43f" "Mozilla/5.0 (X11; Linux x86_64) AppleWebKit/537.36 (KHTML, like Gecko) Chrome/87.0.4280.88 Safari/537.36"
::1 - - [28/Dec/2020:07:26:20 +0000] "GET /users/profile/5fe8e25ccead99fe3149b43f HTTP/1.1" 304 - "http://localhost:8000/users/profile/5fe8e25ccead99fe3149b43f" "Mozilla/5.0 (X11; Linux x86_64) AppleWebKit/537.36 (KHTML, like Gecko) Chrome/87.0.4280.88 Safari/537.36"
::1 - - [28/Dec/2020:07:26:55 +0000] "GET /users/profile/5fe8e25ccead99fe3149b43f HTTP/1.1" 304 - "http://localhost:8000/users/profile/5fe8e25ccead99fe3149b43f" "Mozilla/5.0 (X11; Linux x86_64) AppleWebKit/537.36 (KHTML, like Gecko) Chrome/87.0.4280.88 Safari/537.36"
::1 - - [28/Dec/2020:07:27:00 +0000] "GET /users/profile/5fe8e25ccead99fe3149b43f HTTP/1.1" 304 - "http://localhost:8000/users/profile/5fe8e25ccead99fe3149b43f" "Mozilla/5.0 (X11; Linux x86_64) AppleWebKit/537.36 (KHTML, like Gecko) Chrome/87.0.4280.88 Safari/537.36"
::1 - - [28/Dec/2020:07:27:05 +0000] "GET /users/profile/5fe8e25ccead99fe3149b43f HTTP/1.1" 304 - "http://localhost:8000/users/profile/5fe8e25ccead99fe3149b43f" "Mozilla/5.0 (X11; Linux x86_64) AppleWebKit/537.36 (KHTML, like Gecko) Chrome/87.0.4280.88 Safari/537.36"
::1 - - [28/Dec/2020:07:27:59 +0000] "GET /users/profile/5fe8e25ccead99fe3149b43f HTTP/1.1" 304 - "http://localhost:8000/users/profile/5fe8e25ccead99fe3149b43f" "Mozilla/5.0 (X11; Linux x86_64) AppleWebKit/537.36 (KHTML, like Gecko) Chrome/87.0.4280.88 Safari/537.36"
::1 - - [28/Dec/2020:07:28:05 +0000] "GET /users/profile/5fe8e25ccead99fe3149b43f HTTP/1.1" 304 - "http://localhost:8000/users/profile/5fe8e25ccead99fe3149b43f" "Mozilla/5.0 (X11; Linux x86_64) AppleWebKit/537.36 (KHTML, like Gecko) Chrome/87.0.4280.88 Safari/537.36"
::1 - - [28/Dec/2020:07:28:06 +0000] "GET /users/profile/5fe8e25ccead99fe3149b43f HTTP/1.1" 304 - "http://localhost:8000/users/profile/5fe8e25ccead99fe3149b43f" "Mozilla/5.0 (X11; Linux x86_64) AppleWebKit/537.36 (KHTML, like Gecko) Chrome/87.0.4280.88 Safari/537.36"
::1 - - [28/Dec/2020:07:28:07 +0000] "GET / HTTP/1.1" 200 8642 "http://localhost:8000/users/profile/5fe8e25ccead99fe3149b43f" "Mozilla/5.0 (X11; Linux x86_64) AppleWebKit/537.36 (KHTML, like Gecko) Chrome/87.0.4280.88 Safari/537.36"
::1 - - [28/Dec/2020:07:29:06 +0000] "GET /users/profile/5fe8e25ccead99fe3149b43f HTTP/1.1" 304 - "http://localhost:8000/" "Mozilla/5.0 (X11; Linux x86_64) AppleWebKit/537.36 (KHTML, like Gecko) Chrome/87.0.4280.88 Safari/537.36"
::1 - - [28/Dec/2020:07:29:29 +0000] "POST /users/update/5fe8e25ccead99fe3149b43f HTTP/1.1" 302 164 "http://localhost:8000/users/profile/5fe8e25ccead99fe3149b43f" "Mozilla/5.0 (X11; Linux x86_64) AppleWebKit/537.36 (KHTML, like Gecko) Chrome/87.0.4280.88 Safari/537.36"
::1 - - [28/Dec/2020:07:29:29 +0000] "GET /users/profile/5fe8e25ccead99fe3149b43f HTTP/1.1" 200 7738 "http://localhost:8000/users/profile/5fe8e25ccead99fe3149b43f" "Mozilla/5.0 (X11; Linux x86_64) AppleWebKit/537.36 (KHTML, like Gecko) Chrome/87.0.4280.88 Safari/537.36"
::1 - - [28/Dec/2020:07:31:17 +0000] "GET /users/profile/5fe8e25ccead99fe3149b43f HTTP/1.1" 200 9960 "http://localhost:8000/users/profile/5fe8e25ccead99fe3149b43f" "Mozilla/5.0 (X11; Linux x86_64) AppleWebKit/537.36 (KHTML, like Gecko) Chrome/87.0.4280.88 Safari/537.36"
::1 - - [28/Dec/2020:07:32:03 +0000] "GET /users/profile/5fe8e25ccead99fe3149b43f HTTP/1.1" 200 9970 "http://localhost:8000/users/profile/5fe8e25ccead99fe3149b43f" "Mozilla/5.0 (X11; Linux x86_64) AppleWebKit/537.36 (KHTML, like Gecko) Chrome/87.0.4280.88 Safari/537.36"
::1 - - [28/Dec/2020:07:34:51 +0000] "GET /users/profile/5fe8e25ccead99fe3149b43f HTTP/1.1" 200 7477 "http://localhost:8000/users/profile/5fe8e25ccead99fe3149b43f" "Mozilla/5.0 (X11; Linux x86_64) AppleWebKit/537.36 (KHTML, like Gecko) Chrome/87.0.4280.88 Safari/537.36"
::1 - - [28/Dec/2020:07:34:56 +0000] "GET /users/profile/5fe8e25ccead99fe3149b43f HTTP/1.1" 304 - "http://localhost:8000/users/profile/5fe8e25ccead99fe3149b43f" "Mozilla/5.0 (X11; Linux x86_64) AppleWebKit/537.36 (KHTML, like Gecko) Chrome/87.0.4280.88 Safari/537.36"
::1 - - [28/Dec/2020:07:35:12 +0000] "GET /users/profile/5fe8e25ccead99fe3149b43f HTTP/1.1" 200 9966 "http://localhost:8000/users/profile/5fe8e25ccead99fe3149b43f" "Mozilla/5.0 (X11; Linux x86_64) AppleWebKit/537.36 (KHTML, like Gecko) Chrome/87.0.4280.88 Safari/537.36"
::1 - - [28/Dec/2020:07:36:01 +0000] "GET /users/profile/5fe8e25ccead99fe3149b43f HTTP/1.1" 304 - "http://localhost:8000/users/profile/5fe8e25ccead99fe3149b43f" "Mozilla/5.0 (X11; Linux x86_64) AppleWebKit/537.36 (KHTML, like Gecko) Chrome/87.0.4280.88 Safari/537.36"
::1 - - [28/Dec/2020:07:36:10 +0000] "GET / HTTP/1.1" 200 8642 "http://localhost:8000/users/profile/5fe8e25ccead99fe3149b43f" "Mozilla/5.0 (X11; Linux x86_64) AppleWebKit/537.36 (KHTML, like Gecko) Chrome/87.0.4280.88 Safari/537.36"
::1 - - [28/Dec/2020:07:36:13 +0000] "GET /users/profile/5fe8e25ccead99fe3149b43f HTTP/1.1" 304 - "http://localhost:8000/" "Mozilla/5.0 (X11; Linux x86_64) AppleWebKit/537.36 (KHTML, like Gecko) Chrome/87.0.4280.88 Safari/537.36"
::1 - - [28/Dec/2020:07:36:29 +0000] "GET /users/profile/5fe8e25ccead99fe3149b43f HTTP/1.1" 304 - "http://localhost:8000/" "Mozilla/5.0 (X11; Linux x86_64) AppleWebKit/537.36 (KHTML, like Gecko) Chrome/87.0.4280.88 Safari/537.36"
::1 - - [28/Dec/2020:07:36:50 +0000] "GET /users/profile/5fe8e25ccead99fe3149b43f HTTP/1.1" 304 - "http://localhost:8000/" "Mozilla/5.0 (X11; Linux x86_64) AppleWebKit/537.36 (KHTML, like Gecko) Chrome/87.0.4280.88 Safari/537.36"
::1 - - [28/Dec/2020:07:37:12 +0000] "GET /users/profile/5fe8e25ccead99fe3149b43f HTTP/1.1" 304 - "http://localhost:8000/" "Mozilla/5.0 (X11; Linux x86_64) AppleWebKit/537.36 (KHTML, like Gecko) Chrome/87.0.4280.88 Safari/537.36"
::1 - - [28/Dec/2020:07:37:17 +0000] "GET / HTTP/1.1" 304 - "http://localhost:8000/users/profile/5fe8e25ccead99fe3149b43f" "Mozilla/5.0 (X11; Linux x86_64) AppleWebKit/537.36 (KHTML, like Gecko) Chrome/87.0.4280.88 Safari/537.36"
::1 - - [28/Dec/2020:07:37:19 +0000] "GET /users/profile/5fe8e25ccead99fe3149b43f HTTP/1.1" 304 - "http://localhost:8000/" "Mozilla/5.0 (X11; Linux x86_64) AppleWebKit/537.36 (KHTML, like Gecko) Chrome/87.0.4280.88 Safari/537.36"
::1 - - [28/Dec/2020:07:37:33 +0000] "GET /users/profile/5fe8e25ccead99fe3149b43f HTTP/1.1" 304 - "http://localhost:8000/" "Mozilla/5.0 (X11; Linux x86_64) AppleWebKit/537.36 (KHTML, like Gecko) Chrome/87.0.4280.88 Safari/537.36"
::1 - - [28/Dec/2020:07:38:16 +0000] "GET /users/profile/5fe8e25ccead99fe3149b43f HTTP/1.1" 200 7478 "http://localhost:8000/" "Mozilla/5.0 (X11; Linux x86_64) AppleWebKit/537.36 (KHTML, like Gecko) Chrome/87.0.4280.88 Safari/537.36"
::1 - - [28/Dec/2020:07:38:37 +0000] "GET /users/profile/5fe8e25ccead99fe3149b43f HTTP/1.1" 200 9959 "http://localhost:8000/" "Mozilla/5.0 (X11; Linux x86_64) AppleWebKit/537.36 (KHTML, like Gecko) Chrome/87.0.4280.88 Safari/537.36"
::1 - - [28/Dec/2020:07:38:57 +0000] "GET /users/profile/5fe8e25ccead99fe3149b43f HTTP/1.1" 200 9959 "http://localhost:8000/" "Mozilla/5.0 (X11; Linux x86_64) AppleWebKit/537.36 (KHTML, like Gecko) Chrome/87.0.4280.88 Safari/537.36"
::1 - - [28/Dec/2020:07:39:09 +0000] "POST /users/update/5fe8e25ccead99fe3149b43f HTTP/1.1" 302 164 "http://localhost:8000/users/profile/5fe8e25ccead99fe3149b43f" "Mozilla/5.0 (X11; Linux x86_64) AppleWebKit/537.36 (KHTML, like Gecko) Chrome/87.0.4280.88 Safari/537.36"
::1 - - [28/Dec/2020:07:39:09 +0000] "GET /users/profile/5fe8e25ccead99fe3149b43f HTTP/1.1" 200 10220 "http://localhost:8000/users/profile/5fe8e25ccead99fe3149b43f" "Mozilla/5.0 (X11; Linux x86_64) AppleWebKit/537.36 (KHTML, like Gecko) Chrome/87.0.4280.88 Safari/537.36"
::1 - - [28/Dec/2020:07:40:01 +0000] "GET /users/profile/5fe8e25ccead99fe3149b43f HTTP/1.1" 200 9954 "http://localhost:8000/users/profile/5fe8e25ccead99fe3149b43f" "Mozilla/5.0 (X11; Linux x86_64) AppleWebKit/537.36 (KHTML, like Gecko) Chrome/87.0.4280.88 Safari/537.36"
::1 - - [28/Dec/2020:07:40:14 +0000] "GET /users/profile/5fe8e25ccead99fe3149b43f HTTP/1.1" 304 - "http://localhost:8000/users/profile/5fe8e25ccead99fe3149b43f" "Mozilla/5.0 (X11; Linux x86_64) AppleWebKit/537.36 (KHTML, like Gecko) Chrome/87.0.4280.88 Safari/537.36"
::1 - - [28/Dec/2020:07:41:26 +0000] "GET /users/profile/5fe8e28bcead99fe3149b440 HTTP/1.1" 200 9803 "-" "Mozilla/5.0 (X11; Linux x86_64) AppleWebKit/537.36 (KHTML, like Gecko) Chrome/87.0.4280.88 Safari/537.36"
::1 - - [28/Dec/2020:07:41:36 +0000] "GET /users/profile/5fe8e25ccead99fe3149b43f HTTP/1.1" 304 - "http://localhost:8000/users/profile/5fe8e28bcead99fe3149b440" "Mozilla/5.0 (X11; Linux x86_64) AppleWebKit/537.36 (KHTML, like Gecko) Chrome/87.0.4280.88 Safari/537.36"
::1 - - [28/Dec/2020:07:41:41 +0000] "POST /users/update/5fe8e25ccead99fe3149b43f HTTP/1.1" 302 164 "http://localhost:8000/users/profile/5fe8e25ccead99fe3149b43f" "Mozilla/5.0 (X11; Linux x86_64) AppleWebKit/537.36 (KHTML, like Gecko) Chrome/87.0.4280.88 Safari/537.36"
::1 - - [28/Dec/2020:07:41:41 +0000] "GET /users/profile/5fe8e25ccead99fe3149b43f HTTP/1.1" 200 10215 "http://localhost:8000/users/profile/5fe8e25ccead99fe3149b43f" "Mozilla/5.0 (X11; Linux x86_64) AppleWebKit/537.36 (KHTML, like Gecko) Chrome/87.0.4280.88 Safari/537.36"
::1 - - [28/Dec/2020:07:41:43 +0000] "GET /users/profile/5fe8e28bcead99fe3149b440 HTTP/1.1" 200 9803 "-" "Mozilla/5.0 (X11; Linux x86_64) AppleWebKit/537.36 (KHTML, like Gecko) Chrome/87.0.4280.88 Safari/537.36"
::1 - - [28/Dec/2020:07:42:00 +0000] "GET /users/profile/5fe8e28bcead99fe3149b440 HTTP/1.1" 200 9801 "-" "Mozilla/5.0 (X11; Linux x86_64) AppleWebKit/537.36 (KHTML, like Gecko) Chrome/87.0.4280.88 Safari/537.36"
::1 - - [28/Dec/2020:07:42:24 +0000] "GET /users/profile/5fe8e28bcead99fe3149b440 HTTP/1.1" 304 - "-" "Mozilla/5.0 (X11; Linux x86_64) AppleWebKit/537.36 (KHTML, like Gecko) Chrome/87.0.4280.88 Safari/537.36"
::1 - - [28/Dec/2020:07:42:25 +0000] "GET /users/profile/5fe8e28bcead99fe3149b440 HTTP/1.1" 304 - "-" "Mozilla/5.0 (X11; Linux x86_64) AppleWebKit/537.36 (KHTML, like Gecko) Chrome/87.0.4280.88 Safari/537.36"
::1 - - [28/Dec/2020:07:42:28 +0000] "GET /users/profile/5fe8e25ccead99fe3149b43f HTTP/1.1" 200 9952 "http://localhost:8000/users/profile/5fe8e28bcead99fe3149b440" "Mozilla/5.0 (X11; Linux x86_64) AppleWebKit/537.36 (KHTML, like Gecko) Chrome/87.0.4280.88 Safari/537.36"
::1 - - [28/Dec/2020:07:42:34 +0000] "POST /users/update/5fe8e25ccead99fe3149b43f HTTP/1.1" 302 164 "http://localhost:8000/users/profile/5fe8e25ccead99fe3149b43f" "Mozilla/5.0 (X11; Linux x86_64) AppleWebKit/537.36 (KHTML, like Gecko) Chrome/87.0.4280.88 Safari/537.36"
::1 - - [28/Dec/2020:07:42:34 +0000] "GET /users/profile/5fe8e25ccead99fe3149b43f HTTP/1.1" 200 10213 "http://localhost:8000/users/profile/5fe8e25ccead99fe3149b43f" "Mozilla/5.0 (X11; Linux x86_64) AppleWebKit/537.36 (KHTML, like Gecko) Chrome/87.0.4280.88 Safari/537.36"
::1 - - [28/Dec/2020:07:42:36 +0000] "GET /users/profile/5fe8e28bcead99fe3149b440 HTTP/1.1" 200 9801 "-" "Mozilla/5.0 (X11; Linux x86_64) AppleWebKit/537.36 (KHTML, like Gecko) Chrome/87.0.4280.88 Safari/537.36"
::1 - - [28/Dec/2020:07:42:42 +0000] "GET /users/sign-out HTTP/1.1" 302 46 "http://localhost:8000/users/profile/5fe8e28bcead99fe3149b440" "Mozilla/5.0 (X11; Linux x86_64) AppleWebKit/537.36 (KHTML, like Gecko) Chrome/87.0.4280.88 Safari/537.36"
::1 - - [28/Dec/2020:07:42:42 +0000] "GET / HTTP/1.1" 200 10366 "http://localhost:8000/users/profile/5fe8e28bcead99fe3149b440" "Mozilla/5.0 (X11; Linux x86_64) AppleWebKit/537.36 (KHTML, like Gecko) Chrome/87.0.4280.88 Safari/537.36"
::1 - - [28/Dec/2020:07:42:49 +0000] "GET /users/sign-in HTTP/1.1" 304 - "-" "Mozilla/5.0 (X11; Linux x86_64) AppleWebKit/537.36 (KHTML, like Gecko) Chrome/87.0.4280.88 Safari/537.36"
::1 - - [28/Dec/2020:07:42:53 +0000] "GET /users/profile/5fe8e28bcead99fe3149b440 HTTP/1.1" 302 72 "-" "Mozilla/5.0 (X11; Linux x86_64) AppleWebKit/537.36 (KHTML, like Gecko) Chrome/87.0.4280.88 Safari/537.36"
::1 - - [28/Dec/2020:07:42:53 +0000] "GET /rsrc.php/v3/yO/r/YQNfPR9MJfx.png HTTP/1.1" 404 171 "http://localhost:8000/css/user_sign_in.css" "Mozilla/5.0 (X11; Linux x86_64) AppleWebKit/537.36 (KHTML, like Gecko) Chrome/87.0.4280.88 Safari/537.36"
::1 - - [28/Dec/2020:07:42:56 +0000] "POST /users/create-session HTTP/1.1" 302 46 "http://localhost:8000/users/sign-in" "Mozilla/5.0 (X11; Linux x86_64) AppleWebKit/537.36 (KHTML, like Gecko) Chrome/87.0.4280.88 Safari/537.36"
::1 - - [28/Dec/2020:07:42:56 +0000] "GET / HTTP/1.1" 200 8910 "http://localhost:8000/users/sign-in" "Mozilla/5.0 (X11; Linux x86_64) AppleWebKit/537.36 (KHTML, like Gecko) Chrome/87.0.4280.88 Safari/537.36"
::1 - - [28/Dec/2020:07:43:03 +0000] "POST /users/create-session HTTP/1.1" 302 46 "http://localhost:8000/users/sign-in" "Mozilla/5.0 (X11; Linux x86_64) AppleWebKit/537.36 (KHTML, like Gecko) Chrome/87.0.4280.88 Safari/537.36"
::1 - - [28/Dec/2020:07:43:03 +0000] "GET / HTTP/1.1" 200 8832 "http://localhost:8000/users/sign-in" "Mozilla/5.0 (X11; Linux x86_64) AppleWebKit/537.36 (KHTML, like Gecko) Chrome/87.0.4280.88 Safari/537.36"
::1 - - [28/Dec/2020:07:43:06 +0000] "GET / HTTP/1.1" 200 8564 "http://localhost:8000/" "Mozilla/5.0 (X11; Linux x86_64) AppleWebKit/537.36 (KHTML, like Gecko) Chrome/87.0.4280.88 Safari/537.36"
::1 - - [28/Dec/2020:07:43:12 +0000] "POST /users/create-session HTTP/1.1" 302 46 "http://localhost:8000/users/sign-in" "Mozilla/5.0 (X11; Linux x86_64) AppleWebKit/537.36 (KHTML, like Gecko) Chrome/87.0.4280.88 Safari/537.36"
::1 - - [28/Dec/2020:07:43:12 +0000] "GET / HTTP/1.1" 200 8910 "http://localhost:8000/users/sign-in" "Mozilla/5.0 (X11; Linux x86_64) AppleWebKit/537.36 (KHTML, like Gecko) Chrome/87.0.4280.88 Safari/537.36"
::1 - - [28/Dec/2020:07:43:27 +0000] "GET / HTTP/1.1" 200 8642 "http://localhost:8000/" "Mozilla/5.0 (X11; Linux x86_64) AppleWebKit/537.36 (KHTML, like Gecko) Chrome/87.0.4280.88 Safari/537.36"
::1 - - [28/Dec/2020:07:43:29 +0000] "GET /users/profile/5fe8e25ccead99fe3149b43f HTTP/1.1" 200 9952 "http://localhost:8000/" "Mozilla/5.0 (X11; Linux x86_64) AppleWebKit/537.36 (KHTML, like Gecko) Chrome/87.0.4280.88 Safari/537.36"
::1 - - [28/Dec/2020:07:43:35 +0000] "GET / HTTP/1.1" 304 - "http://localhost:8000/users/profile/5fe8e25ccead99fe3149b43f" "Mozilla/5.0 (X11; Linux x86_64) AppleWebKit/537.36 (KHTML, like Gecko) Chrome/87.0.4280.88 Safari/537.36"
::1 - - [28/Dec/2020:07:43:37 +0000] "GET /users/profile/5fe8e25ccead99fe3149b43f HTTP/1.1" 304 - "http://localhost:8000/" "Mozilla/5.0 (X11; Linux x86_64) AppleWebKit/537.36 (KHTML, like Gecko) Chrome/87.0.4280.88 Safari/537.36"
::1 - - [28/Dec/2020:07:43:39 +0000] "GET /users/profile/5fe8e28bcead99fe3149b440 HTTP/1.1" 200 9801 "-" "Mozilla/5.0 (X11; Linux x86_64) AppleWebKit/537.36 (KHTML, like Gecko) Chrome/87.0.4280.88 Safari/537.36"
::1 - - [28/Dec/2020:07:43:42 +0000] "GET /users/friend-request/?to_user=5fe8e28bcead99fe3149b440&type=Add HTTP/1.1" 302 164 "http://localhost:8000/users/profile/5fe8e28bcead99fe3149b440" "Mozilla/5.0 (X11; Linux x86_64) AppleWebKit/537.36 (KHTML, like Gecko) Chrome/87.0.4280.88 Safari/537.36"
::1 - - [28/Dec/2020:07:43:42 +0000] "GET /users/profile/5fe8e28bcead99fe3149b440 HTTP/1.1" 200 10077 "http://localhost:8000/users/profile/5fe8e28bcead99fe3149b440" "Mozilla/5.0 (X11; Linux x86_64) AppleWebKit/537.36 (KHTML, like Gecko) Chrome/87.0.4280.88 Safari/537.36"
::1 - - [28/Dec/2020:07:43:45 +0000] "GET /users/friend-request/?to_user=5fe8e28bcead99fe3149b440&type=Remove HTTP/1.1" 302 164 "http://localhost:8000/users/profile/5fe8e28bcead99fe3149b440" "Mozilla/5.0 (X11; Linux x86_64) AppleWebKit/537.36 (KHTML, like Gecko) Chrome/87.0.4280.88 Safari/537.36"
::1 - - [28/Dec/2020:07:43:45 +0000] "GET /users/profile/5fe8e28bcead99fe3149b440 HTTP/1.1" 200 10073 "http://localhost:8000/users/profile/5fe8e28bcead99fe3149b440" "Mozilla/5.0 (X11; Linux x86_64) AppleWebKit/537.36 (KHTML, like Gecko) Chrome/87.0.4280.88 Safari/537.36"
::1 - - [28/Dec/2020:07:43:49 +0000] "GET /users/profile/5fe8e25ccead99fe3149b43f HTTP/1.1" 304 - "http://localhost:8000/users/profile/5fe8e28bcead99fe3149b440" "Mozilla/5.0 (X11; Linux x86_64) AppleWebKit/537.36 (KHTML, like Gecko) Chrome/87.0.4280.88 Safari/537.36"
::1 - - [28/Dec/2020:07:43:54 +0000] "POST /users/update/5fe8e25ccead99fe3149b43f HTTP/1.1" 302 164 "http://localhost:8000/users/profile/5fe8e25ccead99fe3149b43f" "Mozilla/5.0 (X11; Linux x86_64) AppleWebKit/537.36 (KHTML, like Gecko) Chrome/87.0.4280.88 Safari/537.36"
::1 - - [28/Dec/2020:07:43:54 +0000] "GET /users/profile/5fe8e25ccead99fe3149b43f HTTP/1.1" 200 10213 "http://localhost:8000/users/profile/5fe8e25ccead99fe3149b43f" "Mozilla/5.0 (X11; Linux x86_64) AppleWebKit/537.36 (KHTML, like Gecko) Chrome/87.0.4280.88 Safari/537.36"
::1 - - [28/Dec/2020:07:43:57 +0000] "GET /users/profile/5fe8e28bcead99fe3149b440 HTTP/1.1" 200 9801 "-" "Mozilla/5.0 (X11; Linux x86_64) AppleWebKit/537.36 (KHTML, like Gecko) Chrome/87.0.4280.88 Safari/537.36"
::1 - - [28/Dec/2020:07:44:12 +0000] "GET /users/profile/5fe8e28bcead99fe3149b440 HTTP/1.1" 304 - "-" "Mozilla/5.0 (X11; Linux x86_64) AppleWebKit/537.36 (KHTML, like Gecko) Chrome/87.0.4280.88 Safari/537.36"
::1 - - [28/Dec/2020:07:44:14 +0000] "GET /users/profile/5fe8e25ccead99fe3149b43f HTTP/1.1" 200 9952 "http://localhost:8000/users/profile/5fe8e28bcead99fe3149b440" "Mozilla/5.0 (X11; Linux x86_64) AppleWebKit/537.36 (KHTML, like Gecko) Chrome/87.0.4280.88 Safari/537.36"
::1 - - [28/Dec/2020:07:44:18 +0000] "POST /users/update/5fe8e25ccead99fe3149b43f HTTP/1.1" 302 164 "http://localhost:8000/users/profile/5fe8e25ccead99fe3149b43f" "Mozilla/5.0 (X11; Linux x86_64) AppleWebKit/537.36 (KHTML, like Gecko) Chrome/87.0.4280.88 Safari/537.36"
::1 - - [28/Dec/2020:07:44:18 +0000] "GET /users/profile/5fe8e25ccead99fe3149b43f HTTP/1.1" 200 10213 "http://localhost:8000/users/profile/5fe8e25ccead99fe3149b43f" "Mozilla/5.0 (X11; Linux x86_64) AppleWebKit/537.36 (KHTML, like Gecko) Chrome/87.0.4280.88 Safari/537.36"
::1 - - [28/Dec/2020:07:44:20 +0000] "GET /users/profile/5fe8e28bcead99fe3149b440 HTTP/1.1" 200 9801 "-" "Mozilla/5.0 (X11; Linux x86_64) AppleWebKit/537.36 (KHTML, like Gecko) Chrome/87.0.4280.88 Safari/537.36"
::1 - - [28/Dec/2020:07:44:27 +0000] "GET /users/profile/5fe8e25ccead99fe3149b43f HTTP/1.1" 200 9952 "http://localhost:8000/users/profile/5fe8e28bcead99fe3149b440" "Mozilla/5.0 (X11; Linux x86_64) AppleWebKit/537.36 (KHTML, like Gecko) Chrome/87.0.4280.88 Safari/537.36"
::1 - - [28/Dec/2020:07:44:55 +0000] "GET /users/profile/5fe8e25ccead99fe3149b43f HTTP/1.1" 200 9974 "http://localhost:8000/users/profile/5fe8e28bcead99fe3149b440" "Mozilla/5.0 (X11; Linux x86_64) AppleWebKit/537.36 (KHTML, like Gecko) Chrome/87.0.4280.88 Safari/537.36"
::1 - - [28/Dec/2020:07:44:58 +0000] "GET /users/profile/5fe8e25ccead99fe3149b43f HTTP/1.1" 200 9952 "http://localhost:8000/users/profile/5fe8e28bcead99fe3149b440" "Mozilla/5.0 (X11; Linux x86_64) AppleWebKit/537.36 (KHTML, like Gecko) Chrome/87.0.4280.88 Safari/537.36"
::1 - - [28/Dec/2020:07:45:35 +0000] "GET /users/profile/5fe8e25ccead99fe3149b43f HTTP/1.1" 304 - "http://localhost:8000/users/profile/5fe8e28bcead99fe3149b440" "Mozilla/5.0 (X11; Linux x86_64) AppleWebKit/537.36 (KHTML, like Gecko) Chrome/87.0.4280.88 Safari/537.36"
::1 - - [28/Dec/2020:07:46:07 +0000] "GET /users/profile/5fe8e28bcead99fe3149b440 HTTP/1.1" 304 - "-" "Mozilla/5.0 (X11; Linux x86_64) AppleWebKit/537.36 (KHTML, like Gecko) Chrome/87.0.4280.88 Safari/537.36"
::1 - - [28/Dec/2020:07:46:21 +0000] "GET /users/profile/5fe8e28bcead99fe3149b440 HTTP/1.1" 302 72 "-" "Mozilla/5.0 (X11; Linux x86_64) AppleWebKit/537.36 (KHTML, like Gecko) Chrome/87.0.4280.88 Safari/537.36"
::1 - - [28/Dec/2020:07:46:21 +0000] "GET /users/sign-in HTTP/1.1" 304 - "-" "Mozilla/5.0 (X11; Linux x86_64) AppleWebKit/537.36 (KHTML, like Gecko) Chrome/87.0.4280.88 Safari/537.36"
::1 - - [28/Dec/2020:07:46:21 +0000] "GET /rsrc.php/v3/yO/r/YQNfPR9MJfx.png HTTP/1.1" 404 171 "http://localhost:8000/css/user_sign_in.css" "Mozilla/5.0 (X11; Linux x86_64) AppleWebKit/537.36 (KHTML, like Gecko) Chrome/87.0.4280.88 Safari/537.36"
::1 - - [28/Dec/2020:07:46:25 +0000] "POST /users/create-session HTTP/1.1" 302 72 "http://localhost:8000/users/sign-in" "Mozilla/5.0 (X11; Linux x86_64) AppleWebKit/537.36 (KHTML, like Gecko) Chrome/87.0.4280.88 Safari/537.36"
::1 - - [28/Dec/2020:07:46:25 +0000] "GET /users/sign-in HTTP/1.1" 200 7376 "http://localhost:8000/users/sign-in" "Mozilla/5.0 (X11; Linux x86_64) AppleWebKit/537.36 (KHTML, like Gecko) Chrome/87.0.4280.88 Safari/537.36"
::1 - - [28/Dec/2020:07:46:25 +0000] "GET /rsrc.php/v3/yO/r/YQNfPR9MJfx.png HTTP/1.1" 404 171 "http://localhost:8000/css/user_sign_in.css" "Mozilla/5.0 (X11; Linux x86_64) AppleWebKit/537.36 (KHTML, like Gecko) Chrome/87.0.4280.88 Safari/537.36"
::1 - - [28/Dec/2020:07:46:31 +0000] "GET / HTTP/1.1" 200 10097 "http://localhost:8000/users/sign-in" "Mozilla/5.0 (X11; Linux x86_64) AppleWebKit/537.36 (KHTML, like Gecko) Chrome/87.0.4280.88 Safari/537.36"
::1 - - [28/Dec/2020:07:46:33 +0000] "GET /users/sign-up HTTP/1.1" 304 - "http://localhost:8000/" "Mozilla/5.0 (X11; Linux x86_64) AppleWebKit/537.36 (KHTML, like Gecko) Chrome/87.0.4280.88 Safari/537.36"
::1 - - [28/Dec/2020:07:46:33 +0000] "GET /rsrc.php/v3/yO/r/YQNfPR9MJfx.png HTTP/1.1" 404 171 "http://localhost:8000/css/user_sign_up.css" "Mozilla/5.0 (X11; Linux x86_64) AppleWebKit/537.36 (KHTML, like Gecko) Chrome/87.0.4280.88 Safari/537.36"
::1 - - [28/Dec/2020:07:46:40 +0000] "POST /users/create HTTP/1.1" 302 46 "http://localhost:8000/users/sign-up" "Mozilla/5.0 (X11; Linux x86_64) AppleWebKit/537.36 (KHTML, like Gecko) Chrome/87.0.4280.88 Safari/537.36"
::1 - - [28/Dec/2020:07:46:40 +0000] "GET / HTTP/1.1" 200 10353 "http://localhost:8000/users/sign-up" "Mozilla/5.0 (X11; Linux x86_64) AppleWebKit/537.36 (KHTML, like Gecko) Chrome/87.0.4280.88 Safari/537.36"
::1 - - [28/Dec/2020:07:46:53 +0000] "GET /users/sign-up HTTP/1.1" 304 - "http://localhost:8000/" "Mozilla/5.0 (X11; Linux x86_64) AppleWebKit/537.36 (KHTML, like Gecko) Chrome/87.0.4280.88 Safari/537.36"
::1 - - [28/Dec/2020:07:46:53 +0000] "GET /rsrc.php/v3/yO/r/YQNfPR9MJfx.png HTTP/1.1" 404 171 "http://localhost:8000/css/user_sign_up.css" "Mozilla/5.0 (X11; Linux x86_64) AppleWebKit/537.36 (KHTML, like Gecko) Chrome/87.0.4280.88 Safari/537.36"
::1 - - [28/Dec/2020:07:47:02 +0000] "POST /users/create HTTP/1.1" 302 46 "http://localhost:8000/users/sign-up" "Mozilla/5.0 (X11; Linux x86_64) AppleWebKit/537.36 (KHTML, like Gecko) Chrome/87.0.4280.88 Safari/537.36"
::1 - - [28/Dec/2020:07:47:02 +0000] "GET / HTTP/1.1" 304 - "http://localhost:8000/users/sign-up" "Mozilla/5.0 (X11; Linux x86_64) AppleWebKit/537.36 (KHTML, like Gecko) Chrome/87.0.4280.88 Safari/537.36"
::1 - - [28/Dec/2020:07:47:09 +0000] "GET /users/sign-in HTTP/1.1" 200 7086 "http://localhost:8000/" "Mozilla/5.0 (X11; Linux x86_64) AppleWebKit/537.36 (KHTML, like Gecko) Chrome/87.0.4280.88 Safari/537.36"
::1 - - [28/Dec/2020:07:47:10 +0000] "GET /rsrc.php/v3/yO/r/YQNfPR9MJfx.png HTTP/1.1" 404 171 "http://localhost:8000/css/user_sign_in.css" "Mozilla/5.0 (X11; Linux x86_64) AppleWebKit/537.36 (KHTML, like Gecko) Chrome/87.0.4280.88 Safari/537.36"
::1 - - [28/Dec/2020:07:47:14 +0000] "POST /users/create-session HTTP/1.1" 302 46 "http://localhost:8000/users/sign-in" "Mozilla/5.0 (X11; Linux x86_64) AppleWebKit/537.36 (KHTML, like Gecko) Chrome/87.0.4280.88 Safari/537.36"
::1 - - [28/Dec/2020:07:47:14 +0000] "GET / HTTP/1.1" 200 8832 "http://localhost:8000/users/sign-in" "Mozilla/5.0 (X11; Linux x86_64) AppleWebKit/537.36 (KHTML, like Gecko) Chrome/87.0.4280.88 Safari/537.36"
::1 - - [28/Dec/2020:07:47:15 +0000] "GET /users/profile/5fe98d73d491834fdb9ab14e HTTP/1.1" 200 9734 "http://localhost:8000/" "Mozilla/5.0 (X11; Linux x86_64) AppleWebKit/537.36 (KHTML, like Gecko) Chrome/87.0.4280.88 Safari/537.36"
::1 - - [28/Dec/2020:07:47:28 +0000] "POST /users/update/5fe98d73d491834fdb9ab14e HTTP/1.1" 302 164 "http://localhost:8000/users/profile/5fe98d73d491834fdb9ab14e" "Mozilla/5.0 (X11; Linux x86_64) AppleWebKit/537.36 (KHTML, like Gecko) Chrome/87.0.4280.88 Safari/537.36"
::1 - - [28/Dec/2020:07:47:28 +0000] "GET /users/profile/5fe98d73d491834fdb9ab14e HTTP/1.1" 200 10124 "http://localhost:8000/users/profile/5fe98d73d491834fdb9ab14e" "Mozilla/5.0 (X11; Linux x86_64) AppleWebKit/537.36 (KHTML, like Gecko) Chrome/87.0.4280.88 Safari/537.36"
::1 - - [28/Dec/2020:07:47:39 +0000] "GET /users/sign-out HTTP/1.1" 302 46 "http://localhost:8000/users/profile/5fe98d73d491834fdb9ab14e" "Mozilla/5.0 (X11; Linux x86_64) AppleWebKit/537.36 (KHTML, like Gecko) Chrome/87.0.4280.88 Safari/537.36"
::1 - - [28/Dec/2020:07:47:39 +0000] "GET / HTTP/1.1" 200 10366 "http://localhost:8000/users/profile/5fe98d73d491834fdb9ab14e" "Mozilla/5.0 (X11; Linux x86_64) AppleWebKit/537.36 (KHTML, like Gecko) Chrome/87.0.4280.88 Safari/537.36"
::1 - - [28/Dec/2020:07:48:11 +0000] "GET /users/sign-in HTTP/1.1" 304 - "http://localhost:8000/" "Mozilla/5.0 (X11; Linux x86_64) AppleWebKit/537.36 (KHTML, like Gecko) Chrome/87.0.4280.88 Safari/537.36"
::1 - - [28/Dec/2020:07:48:11 +0000] "GET /rsrc.php/v3/yO/r/YQNfPR9MJfx.png HTTP/1.1" 404 171 "http://localhost:8000/css/user_sign_in.css" "Mozilla/5.0 (X11; Linux x86_64) AppleWebKit/537.36 (KHTML, like Gecko) Chrome/87.0.4280.88 Safari/537.36"
::1 - - [28/Dec/2020:07:48:14 +0000] "POST /users/create-session HTTP/1.1" 302 46 "http://localhost:8000/users/sign-in" "Mozilla/5.0 (X11; Linux x86_64) AppleWebKit/537.36 (KHTML, like Gecko) Chrome/87.0.4280.88 Safari/537.36"
::1 - - [28/Dec/2020:07:48:14 +0000] "GET / HTTP/1.1" 200 8867 "http://localhost:8000/users/sign-in" "Mozilla/5.0 (X11; Linux x86_64) AppleWebKit/537.36 (KHTML, like Gecko) Chrome/87.0.4280.88 Safari/537.36"
::1 - - [28/Dec/2020:07:48:17 +0000] "GET /users/profile/5fe98d5cd491834fdb9ab14d HTTP/1.1" 200 9823 "http://localhost:8000/" "Mozilla/5.0 (X11; Linux x86_64) AppleWebKit/537.36 (KHTML, like Gecko) Chrome/87.0.4280.88 Safari/537.36"
::1 - - [28/Dec/2020:07:48:34 +0000] "GET /users/profile/5fe98d5cd491834fdb9ab14d HTTP/1.1" 304 - "http://localhost:8000/" "Mozilla/5.0 (X11; Linux x86_64) AppleWebKit/537.36 (KHTML, like Gecko) Chrome/87.0.4280.88 Safari/537.36"
::1 - - [28/Dec/2020:07:48:48 +0000] "GET /users/profile/5fe98d73d491834fdb9ab14e HTTP/1.1" 200 9758 "-" "Mozilla/5.0 (X11; Linux x86_64) AppleWebKit/537.36 (KHTML, like Gecko) Chrome/87.0.4280.88 Safari/537.36"
::1 - - [28/Dec/2020:07:49:18 +0000] "GET /users/profile/5fe98d73d491834fdb9ab14e HTTP/1.1" 200 9758 "-" "Mozilla/5.0 (X11; Linux x86_64) AppleWebKit/537.36 (KHTML, like Gecko) Chrome/87.0.4280.88 Safari/537.36"
::1 - - [28/Dec/2020:07:49:20 +0000] "GET /users/profile/5fe98d73d491834fdb9ab14e HTTP/1.1" 304 - "-" "Mozilla/5.0 (X11; Linux x86_64) AppleWebKit/537.36 (KHTML, like Gecko) Chrome/87.0.4280.88 Safari/537.36"
::1 - - [28/Dec/2020:07:49:33 +0000] "GET /users/profile/5fe98d73d491834fdb9ab14e HTTP/1.1" 200 9801 "-" "Mozilla/5.0 (X11; Linux x86_64) AppleWebKit/537.36 (KHTML, like Gecko) Chrome/87.0.4280.88 Safari/537.36"
::1 - - [28/Dec/2020:07:49:48 +0000] "GET /users/profile/5fe98d5cd491834fdb9ab14d HTTP/1.1" 304 - "http://localhost:8000/users/profile/5fe98d73d491834fdb9ab14e" "Mozilla/5.0 (X11; Linux x86_64) AppleWebKit/537.36 (KHTML, like Gecko) Chrome/87.0.4280.88 Safari/537.36"
::1 - - [28/Dec/2020:07:49:52 +0000] "GET /users/profile/5fe98d73d491834fdb9ab14e HTTP/1.1" 304 - "-" "Mozilla/5.0 (X11; Linux x86_64) AppleWebKit/537.36 (KHTML, like Gecko) Chrome/87.0.4280.88 Safari/537.36"
::1 - - [28/Dec/2020:07:50:10 +0000] "GET /users/profile/5fe98d73d491834fdb9ab14e HTTP/1.1" 304 - "-" "Mozilla/5.0 (X11; Linux x86_64) AppleWebKit/537.36 (KHTML, like Gecko) Chrome/87.0.4280.88 Safari/537.36"
::1 - - [28/Dec/2020:07:50:12 +0000] "GET /users/profile/5fe98d5cd491834fdb9ab14d HTTP/1.1" 304 - "http://localhost:8000/users/profile/5fe98d73d491834fdb9ab14e" "Mozilla/5.0 (X11; Linux x86_64) AppleWebKit/537.36 (KHTML, like Gecko) Chrome/87.0.4280.88 Safari/537.36"
::1 - - [28/Dec/2020:07:50:18 +0000] "GET /users/profile/5fe98d5cd491834fdb9ab14d HTTP/1.1" 304 - "http://localhost:8000/users/profile/5fe98d73d491834fdb9ab14e" "Mozilla/5.0 (X11; Linux x86_64) AppleWebKit/537.36 (KHTML, like Gecko) Chrome/87.0.4280.88 Safari/537.36"
::1 - - [28/Dec/2020:07:50:19 +0000] "GET /users/profile/5fe98d5cd491834fdb9ab14d HTTP/1.1" 304 - "http://localhost:8000/users/profile/5fe98d73d491834fdb9ab14e" "Mozilla/5.0 (X11; Linux x86_64) AppleWebKit/537.36 (KHTML, like Gecko) Chrome/87.0.4280.88 Safari/537.36"
::1 - - [28/Dec/2020:07:50:19 +0000] "GET /users/profile/5fe98d5cd491834fdb9ab14d HTTP/1.1" 304 - "http://localhost:8000/users/profile/5fe98d73d491834fdb9ab14e" "Mozilla/5.0 (X11; Linux x86_64) AppleWebKit/537.36 (KHTML, like Gecko) Chrome/87.0.4280.88 Safari/537.36"
::1 - - [28/Dec/2020:07:50:20 +0000] "GET /users/profile/5fe98d5cd491834fdb9ab14d HTTP/1.1" 304 - "http://localhost:8000/users/profile/5fe98d73d491834fdb9ab14e" "Mozilla/5.0 (X11; Linux x86_64) AppleWebKit/537.36 (KHTML, like Gecko) Chrome/87.0.4280.88 Safari/537.36"
::1 - - [28/Dec/2020:07:50:24 +0000] "GET /users/profile/5fe98d73d491834fdb9ab14e HTTP/1.1" 304 - "-" "Mozilla/5.0 (X11; Linux x86_64) AppleWebKit/537.36 (KHTML, like Gecko) Chrome/87.0.4280.88 Safari/537.36"
::1 - - [28/Dec/2020:07:50:26 +0000] "GET /users/profile/5fe98d5cd491834fdb9ab14d HTTP/1.1" 304 - "http://localhost:8000/users/profile/5fe98d73d491834fdb9ab14e" "Mozilla/5.0 (X11; Linux x86_64) AppleWebKit/537.36 (KHTML, like Gecko) Chrome/87.0.4280.88 Safari/537.36"
::1 - - [28/Dec/2020:07:50:27 +0000] "GET /users/profile/5fe98d5cd491834fdb9ab14d HTTP/1.1" 304 - "http://localhost:8000/users/profile/5fe98d73d491834fdb9ab14e" "Mozilla/5.0 (X11; Linux x86_64) AppleWebKit/537.36 (KHTML, like Gecko) Chrome/87.0.4280.88 Safari/537.36"
::1 - - [28/Dec/2020:07:50:32 +0000] "POST /users/update/5fe98d5cd491834fdb9ab14d HTTP/1.1" 302 164 "http://localhost:8000/users/profile/5fe98d5cd491834fdb9ab14d" "Mozilla/5.0 (X11; Linux x86_64) AppleWebKit/537.36 (KHTML, like Gecko) Chrome/87.0.4280.88 Safari/537.36"
::1 - - [28/Dec/2020:07:50:32 +0000] "GET /users/profile/5fe98d5cd491834fdb9ab14d HTTP/1.1" 200 10213 "http://localhost:8000/users/profile/5fe98d5cd491834fdb9ab14d" "Mozilla/5.0 (X11; Linux x86_64) AppleWebKit/537.36 (KHTML, like Gecko) Chrome/87.0.4280.88 Safari/537.36"
::1 - - [28/Dec/2020:07:50:36 +0000] "GET /users/profile/5fe98d73d491834fdb9ab14e HTTP/1.1" 200 9844 "-" "Mozilla/5.0 (X11; Linux x86_64) AppleWebKit/537.36 (KHTML, like Gecko) Chrome/87.0.4280.88 Safari/537.36"
::1 - - [28/Dec/2020:07:51:15 +0000] "GET /users/profile/5fe98d73d491834fdb9ab14e HTTP/1.1" 200 9844 "-" "Mozilla/5.0 (X11; Linux x86_64) AppleWebKit/537.36 (KHTML, like Gecko) Chrome/87.0.4280.88 Safari/537.36"
::1 - - [28/Dec/2020:07:51:16 +0000] "GET /users/profile/5fe98d73d491834fdb9ab14e HTTP/1.1" 304 - "-" "Mozilla/5.0 (X11; Linux x86_64) AppleWebKit/537.36 (KHTML, like Gecko) Chrome/87.0.4280.88 Safari/537.36"
::1 - - [28/Dec/2020:07:51:19 +0000] "GET /users/profile/5fe98d73d491834fdb9ab14e HTTP/1.1" 304 - "-" "Mozilla/5.0 (X11; Linux x86_64) AppleWebKit/537.36 (KHTML, like Gecko) Chrome/87.0.4280.88 Safari/537.36"
::1 - - [28/Dec/2020:07:51:20 +0000] "GET /users/profile/5fe98d5cd491834fdb9ab14d HTTP/1.1" 200 9952 "http://localhost:8000/users/profile/5fe98d73d491834fdb9ab14e" "Mozilla/5.0 (X11; Linux x86_64) AppleWebKit/537.36 (KHTML, like Gecko) Chrome/87.0.4280.88 Safari/537.36"
::1 - - [28/Dec/2020:07:51:25 +0000] "POST /users/update/5fe98d5cd491834fdb9ab14d HTTP/1.1" 302 164 "http://localhost:8000/users/profile/5fe98d5cd491834fdb9ab14d" "Mozilla/5.0 (X11; Linux x86_64) AppleWebKit/537.36 (KHTML, like Gecko) Chrome/87.0.4280.88 Safari/537.36"
::1 - - [28/Dec/2020:07:51:25 +0000] "GET /users/profile/5fe98d5cd491834fdb9ab14d HTTP/1.1" 200 10213 "http://localhost:8000/users/profile/5fe98d5cd491834fdb9ab14d" "Mozilla/5.0 (X11; Linux x86_64) AppleWebKit/537.36 (KHTML, like Gecko) Chrome/87.0.4280.88 Safari/537.36"
::1 - - [28/Dec/2020:07:51:27 +0000] "GET /users/profile/5fe98d73d491834fdb9ab14e HTTP/1.1" 200 9844 "-" "Mozilla/5.0 (X11; Linux x86_64) AppleWebKit/537.36 (KHTML, like Gecko) Chrome/87.0.4280.88 Safari/537.36"
::1 - - [28/Dec/2020:08:35:41 +0000] "GET /users/profile/5fe98d73d491834fdb9ab14e HTTP/1.1" 304 - "-" "Mozilla/5.0 (X11; Linux x86_64) AppleWebKit/537.36 (KHTML, like Gecko) Chrome/87.0.4280.88 Safari/537.36"
::1 - - [28/Dec/2020:17:59:11 +0000] "GET / HTTP/1.1" 200 10097 "-" "Mozilla/5.0 (X11; Linux x86_64) AppleWebKit/537.36 (KHTML, like Gecko) Chrome/87.0.4280.88 Safari/537.36"
::1 - - [28/Dec/2020:17:59:13 +0000] "GET /users/sign-in HTTP/1.1" 304 - "http://localhost:8000/" "Mozilla/5.0 (X11; Linux x86_64) AppleWebKit/537.36 (KHTML, like Gecko) Chrome/87.0.4280.88 Safari/537.36"
::1 - - [28/Dec/2020:17:59:13 +0000] "GET /rsrc.php/v3/yO/r/YQNfPR9MJfx.png HTTP/1.1" 404 171 "http://localhost:8000/css/user_sign_in.css" "Mozilla/5.0 (X11; Linux x86_64) AppleWebKit/537.36 (KHTML, like Gecko) Chrome/87.0.4280.88 Safari/537.36"
::1 - - [28/Dec/2020:17:59:17 +0000] "POST /users/create-session HTTP/1.1" 302 46 "http://localhost:8000/users/sign-in" "Mozilla/5.0 (X11; Linux x86_64) AppleWebKit/537.36 (KHTML, like Gecko) Chrome/87.0.4280.88 Safari/537.36"
::1 - - [28/Dec/2020:17:59:17 +0000] "GET / HTTP/1.1" 200 8910 "http://localhost:8000/users/sign-in" "Mozilla/5.0 (X11; Linux x86_64) AppleWebKit/537.36 (KHTML, like Gecko) Chrome/87.0.4280.88 Safari/537.36"
::1 - - [28/Dec/2020:17:59:19 +0000] "GET /users/profile/5fe98d5cd491834fdb9ab14d HTTP/1.1" 200 9952 "http://localhost:8000/" "Mozilla/5.0 (X11; Linux x86_64) AppleWebKit/537.36 (KHTML, like Gecko) Chrome/87.0.4280.88 Safari/537.36"
::1 - - [28/Dec/2020:17:59:32 +0000] "GET /users/profile/5fe98d73d491834fdb9ab14e HTTP/1.1" 304 - "-" "Mozilla/5.0 (X11; Linux x86_64) AppleWebKit/537.36 (KHTML, like Gecko) Chrome/87.0.4280.88 Safari/537.36"
::1 - - [28/Dec/2020:18:00:08 +0000] "GET /users/profile/5fe98d73d491834fdb9ab14e HTTP/1.1" 304 - "-" "Mozilla/5.0 (X11; Linux x86_64) AppleWebKit/537.36 (KHTML, like Gecko) Chrome/87.0.4280.88 Safari/537.36"
::1 - - [28/Dec/2020:18:00:11 +0000] "GET /users/profile/5fe98d5cd491834fdb9ab14d HTTP/1.1" 304 - "http://localhost:8000/users/profile/5fe98d73d491834fdb9ab14e" "Mozilla/5.0 (X11; Linux x86_64) AppleWebKit/537.36 (KHTML, like Gecko) Chrome/87.0.4280.88 Safari/537.36"
::1 - - [28/Dec/2020:18:00:21 +0000] "POST /users/update/5fe98d5cd491834fdb9ab14d HTTP/1.1" 302 164 "http://localhost:8000/users/profile/5fe98d5cd491834fdb9ab14d" "Mozilla/5.0 (X11; Linux x86_64) AppleWebKit/537.36 (KHTML, like Gecko) Chrome/87.0.4280.88 Safari/537.36"
::1 - - [28/Dec/2020:18:00:21 +0000] "GET /users/profile/5fe98d5cd491834fdb9ab14d HTTP/1.1" 200 10213 "http://localhost:8000/users/profile/5fe98d5cd491834fdb9ab14d" "Mozilla/5.0 (X11; Linux x86_64) AppleWebKit/537.36 (KHTML, like Gecko) Chrome/87.0.4280.88 Safari/537.36"
::1 - - [28/Dec/2020:18:00:22 +0000] "GET /users/profile/5fe98d73d491834fdb9ab14e HTTP/1.1" 200 9844 "-" "Mozilla/5.0 (X11; Linux x86_64) AppleWebKit/537.36 (KHTML, like Gecko) Chrome/87.0.4280.88 Safari/537.36"
::1 - - [28/Dec/2020:18:00:56 +0000] "GET /users/profile/5fe98d73d491834fdb9ab14e HTTP/1.1" 200 9844 "-" "Mozilla/5.0 (X11; Linux x86_64) AppleWebKit/537.36 (KHTML, like Gecko) Chrome/87.0.4280.88 Safari/537.36"
::1 - - [28/Dec/2020:18:00:59 +0000] "GET /users/profile/5fe98d73d491834fdb9ab14e HTTP/1.1" 304 - "-" "Mozilla/5.0 (X11; Linux x86_64) AppleWebKit/537.36 (KHTML, like Gecko) Chrome/87.0.4280.88 Safari/537.36"
::1 - - [28/Dec/2020:18:01:00 +0000] "GET /users/profile/5fe98d5cd491834fdb9ab14d HTTP/1.1" 200 9952 "http://localhost:8000/users/profile/5fe98d5cd491834fdb9ab14d" "Mozilla/5.0 (X11; Linux x86_64) AppleWebKit/537.36 (KHTML, like Gecko) Chrome/87.0.4280.88 Safari/537.36"
::1 - - [28/Dec/2020:18:01:05 +0000] "POST /users/update/5fe98d5cd491834fdb9ab14d HTTP/1.1" 302 164 "http://localhost:8000/users/profile/5fe98d5cd491834fdb9ab14d" "Mozilla/5.0 (X11; Linux x86_64) AppleWebKit/537.36 (KHTML, like Gecko) Chrome/87.0.4280.88 Safari/537.36"
::1 - - [28/Dec/2020:18:01:05 +0000] "GET /users/profile/5fe98d5cd491834fdb9ab14d HTTP/1.1" 200 10213 "http://localhost:8000/users/profile/5fe98d5cd491834fdb9ab14d" "Mozilla/5.0 (X11; Linux x86_64) AppleWebKit/537.36 (KHTML, like Gecko) Chrome/87.0.4280.88 Safari/537.36"
::1 - - [28/Dec/2020:18:01:08 +0000] "GET /users/profile/5fe98d73d491834fdb9ab14e HTTP/1.1" 200 9844 "-" "Mozilla/5.0 (X11; Linux x86_64) AppleWebKit/537.36 (KHTML, like Gecko) Chrome/87.0.4280.88 Safari/537.36"
::1 - - [28/Dec/2020:18:01:15 +0000] "GET /users/profile/5fe98d5cd491834fdb9ab14d HTTP/1.1" 200 9952 "http://localhost:8000/users/profile/5fe98d5cd491834fdb9ab14d" "Mozilla/5.0 (X11; Linux x86_64) AppleWebKit/537.36 (KHTML, like Gecko) Chrome/87.0.4280.88 Safari/537.36"
::1 - - [28/Dec/2020:18:01:25 +0000] "GET / HTTP/1.1" 200 8642 "http://localhost:8000/users/profile/5fe98d5cd491834fdb9ab14d" "Mozilla/5.0 (X11; Linux x86_64) AppleWebKit/537.36 (KHTML, like Gecko) Chrome/87.0.4280.88 Safari/537.36"
::1 - - [28/Dec/2020:18:05:29 +0000] "GET / HTTP/1.1" 200 8819 "http://localhost:8000/users/profile/5fe98d5cd491834fdb9ab14d" "Mozilla/5.0 (X11; Linux x86_64) AppleWebKit/537.36 (KHTML, like Gecko) Chrome/87.0.4280.88 Safari/537.36"
::1 - - [28/Dec/2020:18:05:34 +0000] "GET / HTTP/1.1" 304 - "-" "Mozilla/5.0 (X11; Linux x86_64) AppleWebKit/537.36 (KHTML, like Gecko) Chrome/87.0.4280.88 Safari/537.36"
::1 - - [28/Dec/2020:18:06:15 +0000] "GET /users/profile/5fe98d5cd491834fdb9ab14d HTTP/1.1" 304 - "http://localhost:8000/" "Mozilla/5.0 (X11; Linux x86_64) AppleWebKit/537.36 (KHTML, like Gecko) Chrome/87.0.4280.88 Safari/537.36"
::1 - - [28/Dec/2020:18:06:22 +0000] "POST /users/update/5fe98d5cd491834fdb9ab14d HTTP/1.1" 302 164 "http://localhost:8000/users/profile/5fe98d5cd491834fdb9ab14d" "Mozilla/5.0 (X11; Linux x86_64) AppleWebKit/537.36 (KHTML, like Gecko) Chrome/87.0.4280.88 Safari/537.36"
::1 - - [28/Dec/2020:18:06:22 +0000] "GET /users/profile/5fe98d5cd491834fdb9ab14d HTTP/1.1" 200 10213 "http://localhost:8000/users/profile/5fe98d5cd491834fdb9ab14d" "Mozilla/5.0 (X11; Linux x86_64) AppleWebKit/537.36 (KHTML, like Gecko) Chrome/87.0.4280.88 Safari/537.36"
::1 - - [28/Dec/2020:18:06:24 +0000] "GET / HTTP/1.1" 200 8819 "http://localhost:8000/users/profile/5fe98d5cd491834fdb9ab14d" "Mozilla/5.0 (X11; Linux x86_64) AppleWebKit/537.36 (KHTML, like Gecko) Chrome/87.0.4280.88 Safari/537.36"
::1 - - [28/Dec/2020:18:06:42 +0000] "GET / HTTP/1.1" 304 - "http://localhost:8000/users/profile/5fe98d5cd491834fdb9ab14d" "Mozilla/5.0 (X11; Linux x86_64) AppleWebKit/537.36 (KHTML, like Gecko) Chrome/87.0.4280.88 Safari/537.36"
::1 - - [28/Dec/2020:18:06:58 +0000] "GET / HTTP/1.1" 304 - "http://localhost:8000/users/profile/5fe98d5cd491834fdb9ab14d" "Mozilla/5.0 (X11; Linux x86_64) AppleWebKit/537.36 (KHTML, like Gecko) Chrome/87.0.4280.88 Safari/537.36"
::1 - - [28/Dec/2020:18:07:11 +0000] "GET / HTTP/1.1" 304 - "http://localhost:8000/users/profile/5fe98d5cd491834fdb9ab14d" "Mozilla/5.0 (X11; Linux x86_64) AppleWebKit/537.36 (KHTML, like Gecko) Chrome/87.0.4280.88 Safari/537.36"
::1 - - [28/Dec/2020:18:07:45 +0000] "GET / HTTP/1.1" 304 - "http://localhost:8000/users/profile/5fe98d5cd491834fdb9ab14d" "Mozilla/5.0 (X11; Linux x86_64) AppleWebKit/537.36 (KHTML, like Gecko) Chrome/87.0.4280.88 Safari/537.36"
::1 - - [28/Dec/2020:18:08:24 +0000] "GET / HTTP/1.1" 200 8825 "http://localhost:8000/users/profile/5fe98d5cd491834fdb9ab14d" "Mozilla/5.0 (X11; Linux x86_64) AppleWebKit/537.36 (KHTML, like Gecko) Chrome/87.0.4280.88 Safari/537.36"
::1 - - [28/Dec/2020:18:08:45 +0000] "GET / HTTP/1.1" 304 - "http://localhost:8000/users/profile/5fe98d5cd491834fdb9ab14d" "Mozilla/5.0 (X11; Linux x86_64) AppleWebKit/537.36 (KHTML, like Gecko) Chrome/87.0.4280.88 Safari/537.36"
::1 - - [28/Dec/2020:18:09:12 +0000] "GET / HTTP/1.1" 200 8937 "http://localhost:8000/users/profile/5fe98d5cd491834fdb9ab14d" "Mozilla/5.0 (X11; Linux x86_64) AppleWebKit/537.36 (KHTML, like Gecko) Chrome/87.0.4280.88 Safari/537.36"
::1 - - [28/Dec/2020:18:09:49 +0000] "GET / HTTP/1.1" 304 - "http://localhost:8000/users/profile/5fe98d5cd491834fdb9ab14d" "Mozilla/5.0 (X11; Linux x86_64) AppleWebKit/537.36 (KHTML, like Gecko) Chrome/87.0.4280.88 Safari/537.36"
::1 - - [28/Dec/2020:18:10:07 +0000] "GET / HTTP/1.1" 304 - "http://localhost:8000/users/profile/5fe98d5cd491834fdb9ab14d" "Mozilla/5.0 (X11; Linux x86_64) AppleWebKit/537.36 (KHTML, like Gecko) Chrome/87.0.4280.88 Safari/537.36"
::1 - - [28/Dec/2020:18:10:25 +0000] "GET / HTTP/1.1" 304 - "http://localhost:8000/users/profile/5fe98d5cd491834fdb9ab14d" "Mozilla/5.0 (X11; Linux x86_64) AppleWebKit/537.36 (KHTML, like Gecko) Chrome/87.0.4280.88 Safari/537.36"
::1 - - [28/Dec/2020:18:10:34 +0000] "GET / HTTP/1.1" 304 - "http://localhost:8000/users/profile/5fe98d5cd491834fdb9ab14d" "Mozilla/5.0 (X11; Linux x86_64) AppleWebKit/537.36 (KHTML, like Gecko) Chrome/87.0.4280.88 Safari/537.36"
::1 - - [28/Dec/2020:18:10:40 +0000] "GET / HTTP/1.1" 304 - "http://localhost:8000/users/profile/5fe98d5cd491834fdb9ab14d" "Mozilla/5.0 (X11; Linux x86_64) AppleWebKit/537.36 (KHTML, like Gecko) Chrome/87.0.4280.88 Safari/537.36"
::1 - - [28/Dec/2020:18:10:43 +0000] "GET / HTTP/1.1" 304 - "http://localhost:8000/users/profile/5fe98d5cd491834fdb9ab14d" "Mozilla/5.0 (X11; Linux x86_64) AppleWebKit/537.36 (KHTML, like Gecko) Chrome/87.0.4280.88 Safari/537.36"
::1 - - [28/Dec/2020:18:10:46 +0000] "GET / HTTP/1.1" 304 - "http://localhost:8000/users/profile/5fe98d5cd491834fdb9ab14d" "Mozilla/5.0 (X11; Linux x86_64) AppleWebKit/537.36 (KHTML, like Gecko) Chrome/87.0.4280.88 Safari/537.36"
::1 - - [28/Dec/2020:18:10:57 +0000] "GET / HTTP/1.1" 304 - "http://localhost:8000/users/profile/5fe98d5cd491834fdb9ab14d" "Mozilla/5.0 (X11; Linux x86_64) AppleWebKit/537.36 (KHTML, like Gecko) Chrome/87.0.4280.88 Safari/537.36"
::1 - - [28/Dec/2020:18:11:02 +0000] "GET / HTTP/1.1" 304 - "http://localhost:8000/users/profile/5fe98d5cd491834fdb9ab14d" "Mozilla/5.0 (X11; Linux x86_64) AppleWebKit/537.36 (KHTML, like Gecko) Chrome/87.0.4280.88 Safari/537.36"
::1 - - [28/Dec/2020:18:11:06 +0000] "GET / HTTP/1.1" 304 - "http://localhost:8000/users/profile/5fe98d5cd491834fdb9ab14d" "Mozilla/5.0 (X11; Linux x86_64) AppleWebKit/537.36 (KHTML, like Gecko) Chrome/87.0.4280.88 Safari/537.36"
::1 - - [28/Dec/2020:18:11:25 +0000] "GET / HTTP/1.1" 304 - "http://localhost:8000/users/profile/5fe98d5cd491834fdb9ab14d" "Mozilla/5.0 (X11; Linux x86_64) AppleWebKit/537.36 (KHTML, like Gecko) Chrome/87.0.4280.88 Safari/537.36"
::1 - - [28/Dec/2020:18:11:38 +0000] "GET / HTTP/1.1" 304 - "http://localhost:8000/users/profile/5fe98d5cd491834fdb9ab14d" "Mozilla/5.0 (X11; Linux x86_64) AppleWebKit/537.36 (KHTML, like Gecko) Chrome/87.0.4280.88 Safari/537.36"
::1 - - [28/Dec/2020:18:11:44 +0000] "GET / HTTP/1.1" 304 - "http://localhost:8000/users/profile/5fe98d5cd491834fdb9ab14d" "Mozilla/5.0 (X11; Linux x86_64) AppleWebKit/537.36 (KHTML, like Gecko) Chrome/87.0.4280.88 Safari/537.36"
::1 - - [28/Dec/2020:18:11:53 +0000] "GET / HTTP/1.1" 304 - "http://localhost:8000/users/profile/5fe98d5cd491834fdb9ab14d" "Mozilla/5.0 (X11; Linux x86_64) AppleWebKit/537.36 (KHTML, like Gecko) Chrome/87.0.4280.88 Safari/537.36"
::1 - - [28/Dec/2020:18:12:01 +0000] "GET / HTTP/1.1" 304 - "http://localhost:8000/users/profile/5fe98d5cd491834fdb9ab14d" "Mozilla/5.0 (X11; Linux x86_64) AppleWebKit/537.36 (KHTML, like Gecko) Chrome/87.0.4280.88 Safari/537.36"
::1 - - [28/Dec/2020:18:12:04 +0000] "GET / HTTP/1.1" 304 - "http://localhost:8000/users/profile/5fe98d5cd491834fdb9ab14d" "Mozilla/5.0 (X11; Linux x86_64) AppleWebKit/537.36 (KHTML, like Gecko) Chrome/87.0.4280.88 Safari/537.36"
::1 - - [28/Dec/2020:18:12:09 +0000] "GET / HTTP/1.1" 304 - "http://localhost:8000/users/profile/5fe98d5cd491834fdb9ab14d" "Mozilla/5.0 (X11; Linux x86_64) AppleWebKit/537.36 (KHTML, like Gecko) Chrome/87.0.4280.88 Safari/537.36"
::1 - - [28/Dec/2020:18:12:36 +0000] "GET / HTTP/1.1" 304 - "http://localhost:8000/users/profile/5fe98d5cd491834fdb9ab14d" "Mozilla/5.0 (X11; Linux x86_64) AppleWebKit/537.36 (KHTML, like Gecko) Chrome/87.0.4280.88 Safari/537.36"
::1 - - [28/Dec/2020:18:13:01 +0000] "GET / HTTP/1.1" 304 - "http://localhost:8000/users/profile/5fe98d5cd491834fdb9ab14d" "Mozilla/5.0 (X11; Linux x86_64) AppleWebKit/537.36 (KHTML, like Gecko) Chrome/87.0.4280.88 Safari/537.36"
::1 - - [28/Dec/2020:18:15:31 +0000] "GET / HTTP/1.1" 200 9012 "http://localhost:8000/users/profile/5fe98d5cd491834fdb9ab14d" "Mozilla/5.0 (X11; Linux x86_64) AppleWebKit/537.36 (KHTML, like Gecko) Chrome/87.0.4280.88 Safari/537.36"
::1 - - [28/Dec/2020:18:15:52 +0000] "GET /users/profile/5fe98d73d491834fdb9ab14e HTTP/1.1" 200 9844 "-" "Mozilla/5.0 (X11; Linux x86_64) AppleWebKit/537.36 (KHTML, like Gecko) Chrome/87.0.4280.88 Safari/537.36"
::1 - - [28/Dec/2020:18:15:56 +0000] "GET /users/friend-request/?to_user=5fe98d73d491834fdb9ab14e&type=Add HTTP/1.1" 302 164 "http://localhost:8000/users/profile/5fe98d73d491834fdb9ab14e" "Mozilla/5.0 (X11; Linux x86_64) AppleWebKit/537.36 (KHTML, like Gecko) Chrome/87.0.4280.88 Safari/537.36"
::1 - - [28/Dec/2020:18:15:56 +0000] "GET /users/profile/5fe98d73d491834fdb9ab14e HTTP/1.1" 200 10120 "http://localhost:8000/users/profile/5fe98d73d491834fdb9ab14e" "Mozilla/5.0 (X11; Linux x86_64) AppleWebKit/537.36 (KHTML, like Gecko) Chrome/87.0.4280.88 Safari/537.36"
::1 - - [28/Dec/2020:18:15:58 +0000] "GET / HTTP/1.1" 200 9258 "http://localhost:8000/users/profile/5fe98d5cd491834fdb9ab14d" "Mozilla/5.0 (X11; Linux x86_64) AppleWebKit/537.36 (KHTML, like Gecko) Chrome/87.0.4280.88 Safari/537.36"
