::1 - - [28/Dec/2020:18:58:41 +0000] "GET /users/profile/5fe98d73d491834fdb9ab14e HTTP/1.1" 200 9858 "http://localhost:8000/" "Mozilla/5.0 (X11; Linux x86_64) AppleWebKit/537.36 (KHTML, like Gecko) Chrome/87.0.4280.88 Safari/537.36"
::1 - - [28/Dec/2020:19:10:16 +0000] "GET /users/profile/5fe98d73d491834fdb9ab14e HTTP/1.1" 304 - "http://localhost:8000/" "Mozilla/5.0 (X11; Linux x86_64) AppleWebKit/537.36 (KHTML, like Gecko) Chrome/87.0.4280.88 Safari/537.36"
::1 - - [28/Dec/2020:19:10:18 +0000] "GET / HTTP/1.1" 304 - "http://localhost:8000/users/profile/5fe98d73d491834fdb9ab14e" "Mozilla/5.0 (X11; Linux x86_64) AppleWebKit/537.36 (KHTML, like Gecko) Chrome/87.0.4280.88 Safari/537.36"
::1 - - [28/Dec/2020:19:29:40 +0000] "GET / HTTP/1.1" 304 - "http://localhost:8000/users/profile/5fe98d73d491834fdb9ab14e" "Mozilla/5.0 (X11; Linux x86_64) AppleWebKit/537.36 (KHTML, like Gecko) Chrome/87.0.4280.88 Safari/537.36"
::1 - - [28/Dec/2020:19:34:43 +0000] "GET / HTTP/1.1" 304 - "http://localhost:8000/users/profile/5fe98d73d491834fdb9ab14e" "Mozilla/5.0 (X11; Linux x86_64) AppleWebKit/537.36 (KHTML, like Gecko) Chrome/87.0.4280.88 Safari/537.36"
::1 - - [28/Dec/2020:19:36:39 +0000] "GET / HTTP/1.1" 304 - "http://localhost:8000/users/profile/5fe98d73d491834fdb9ab14e" "Mozilla/5.0 (X11; Linux x86_64) AppleWebKit/537.36 (KHTML, like Gecko) Chrome/87.0.4280.88 Safari/537.36"
::1 - - [28/Dec/2020:19:37:36 +0000] "GET / HTTP/1.1" 304 - "http://localhost:8000/users/profile/5fe98d73d491834fdb9ab14e" "Mozilla/5.0 (X11; Linux x86_64) AppleWebKit/537.36 (KHTML, like Gecko) Chrome/87.0.4280.88 Safari/537.36"
::1 - - [28/Dec/2020:19:37:46 +0000] "GET / HTTP/1.1" 304 - "http://localhost:8000/users/profile/5fe98d73d491834fdb9ab14e" "Mozilla/5.0 (X11; Linux x86_64) AppleWebKit/537.36 (KHTML, like Gecko) Chrome/87.0.4280.88 Safari/537.36"
::1 - - [28/Dec/2020:19:37:50 +0000] "GET / HTTP/1.1" 304 - "http://localhost:8000/users/profile/5fe98d73d491834fdb9ab14e" "Mozilla/5.0 (X11; Linux x86_64) AppleWebKit/537.36 (KHTML, like Gecko) Chrome/87.0.4280.88 Safari/537.36"
::1 - - [28/Dec/2020:19:39:15 +0000] "GET / HTTP/1.1" 200 9340 "http://localhost:8000/users/profile/5fe98d73d491834fdb9ab14e" "Mozilla/5.0 (X11; Linux x86_64) AppleWebKit/537.36 (KHTML, like Gecko) Chrome/87.0.4280.88 Safari/537.36"
::1 - - [28/Dec/2020:19:39:43 +0000] "GET / HTTP/1.1" 304 - "http://localhost:8000/users/profile/5fe98d73d491834fdb9ab14e" "Mozilla/5.0 (X11; Linux x86_64) AppleWebKit/537.36 (KHTML, like Gecko) Chrome/87.0.4280.88 Safari/537.36"
::1 - - [28/Dec/2020:19:39:48 +0000] "GET / HTTP/1.1" 304 - "http://localhost:8000/users/profile/5fe98d73d491834fdb9ab14e" "Mozilla/5.0 (X11; Linux x86_64) AppleWebKit/537.36 (KHTML, like Gecko) Chrome/87.0.4280.88 Safari/537.36"
::1 - - [28/Dec/2020:19:39:52 +0000] "GET / HTTP/1.1" 304 - "http://localhost:8000/users/profile/5fe98d73d491834fdb9ab14e" "Mozilla/5.0 (X11; Linux x86_64) AppleWebKit/537.36 (KHTML, like Gecko) Chrome/87.0.4280.88 Safari/537.36"
::1 - - [28/Dec/2020:19:40:06 +0000] "GET / HTTP/1.1" 304 - "http://localhost:8000/users/profile/5fe98d73d491834fdb9ab14e" "Mozilla/5.0 (X11; Linux x86_64) AppleWebKit/537.36 (KHTML, like Gecko) Chrome/87.0.4280.88 Safari/537.36"
::1 - - [28/Dec/2020:19:40:13 +0000] "GET / HTTP/1.1" 304 - "http://localhost:8000/users/profile/5fe98d73d491834fdb9ab14e" "Mozilla/5.0 (X11; Linux x86_64) AppleWebKit/537.36 (KHTML, like Gecko) Chrome/87.0.4280.88 Safari/537.36"
::1 - - [28/Dec/2020:19:40:19 +0000] "GET / HTTP/1.1" 304 - "http://localhost:8000/users/profile/5fe98d73d491834fdb9ab14e" "Mozilla/5.0 (X11; Linux x86_64) AppleWebKit/537.36 (KHTML, like Gecko) Chrome/87.0.4280.88 Safari/537.36"
::1 - - [28/Dec/2020:19:40:28 +0000] "GET / HTTP/1.1" 304 - "http://localhost:8000/users/profile/5fe98d73d491834fdb9ab14e" "Mozilla/5.0 (X11; Linux x86_64) AppleWebKit/537.36 (KHTML, like Gecko) Chrome/87.0.4280.88 Safari/537.36"
::1 - - [28/Dec/2020:19:41:48 +0000] "GET / HTTP/1.1" 200 9423 "http://localhost:8000/users/profile/5fe98d73d491834fdb9ab14e" "Mozilla/5.0 (X11; Linux x86_64) AppleWebKit/537.36 (KHTML, like Gecko) Chrome/87.0.4280.88 Safari/537.36"
::1 - - [28/Dec/2020:19:42:01 +0000] "GET / HTTP/1.1" 200 9410 "http://localhost:8000/users/profile/5fe98d73d491834fdb9ab14e" "Mozilla/5.0 (X11; Linux x86_64) AppleWebKit/537.36 (KHTML, like Gecko) Chrome/87.0.4280.88 Safari/537.36"
::1 - - [28/Dec/2020:19:42:18 +0000] "GET / HTTP/1.1" 304 - "http://localhost:8000/users/profile/5fe98d73d491834fdb9ab14e" "Mozilla/5.0 (X11; Linux x86_64) AppleWebKit/537.36 (KHTML, like Gecko) Chrome/87.0.4280.88 Safari/537.36"
::1 - - [28/Dec/2020:19:42:22 +0000] "GET / HTTP/1.1" 304 - "http://localhost:8000/users/profile/5fe98d73d491834fdb9ab14e" "Mozilla/5.0 (X11; Linux x86_64) AppleWebKit/537.36 (KHTML, like Gecko) Chrome/87.0.4280.88 Safari/537.36"
::1 - - [28/Dec/2020:19:42:48 +0000] "GET / HTTP/1.1" 304 - "http://localhost:8000/users/profile/5fe98d73d491834fdb9ab14e" "Mozilla/5.0 (X11; Linux x86_64) AppleWebKit/537.36 (KHTML, like Gecko) Chrome/87.0.4280.88 Safari/537.36"
::1 - - [28/Dec/2020:19:42:54 +0000] "GET / HTTP/1.1" 304 - "http://localhost:8000/users/profile/5fe98d73d491834fdb9ab14e" "Mozilla/5.0 (X11; Linux x86_64) AppleWebKit/537.36 (KHTML, like Gecko) Chrome/87.0.4280.88 Safari/537.36"
::1 - - [28/Dec/2020:19:43:18 +0000] "GET / HTTP/1.1" 304 - "http://localhost:8000/users/profile/5fe98d73d491834fdb9ab14e" "Mozilla/5.0 (X11; Linux x86_64) AppleWebKit/537.36 (KHTML, like Gecko) Chrome/87.0.4280.88 Safari/537.36"
::1 - - [28/Dec/2020:19:43:21 +0000] "GET / HTTP/1.1" 304 - "http://localhost:8000/users/profile/5fe98d73d491834fdb9ab14e" "Mozilla/5.0 (X11; Linux x86_64) AppleWebKit/537.36 (KHTML, like Gecko) Chrome/87.0.4280.88 Safari/537.36"
::1 - - [28/Dec/2020:19:43:27 +0000] "GET / HTTP/1.1" 304 - "http://localhost:8000/users/profile/5fe98d73d491834fdb9ab14e" "Mozilla/5.0 (X11; Linux x86_64) AppleWebKit/537.36 (KHTML, like Gecko) Chrome/87.0.4280.88 Safari/537.36"
::1 - - [28/Dec/2020:19:43:31 +0000] "GET / HTTP/1.1" 304 - "http://localhost:8000/users/profile/5fe98d73d491834fdb9ab14e" "Mozilla/5.0 (X11; Linux x86_64) AppleWebKit/537.36 (KHTML, like Gecko) Chrome/87.0.4280.88 Safari/537.36"
::1 - - [28/Dec/2020:19:43:36 +0000] "GET / HTTP/1.1" 304 - "http://localhost:8000/users/profile/5fe98d73d491834fdb9ab14e" "Mozilla/5.0 (X11; Linux x86_64) AppleWebKit/537.36 (KHTML, like Gecko) Chrome/87.0.4280.88 Safari/537.36"
::1 - - [28/Dec/2020:19:43:39 +0000] "GET /users/sign-out HTTP/1.1" 302 46 "http://localhost:8000/" "Mozilla/5.0 (X11; Linux x86_64) AppleWebKit/537.36 (KHTML, like Gecko) Chrome/87.0.4280.88 Safari/537.36"
::1 - - [28/Dec/2020:19:43:39 +0000] "GET / HTTP/1.1" 200 10366 "http://localhost:8000/" "Mozilla/5.0 (X11; Linux x86_64) AppleWebKit/537.36 (KHTML, like Gecko) Chrome/87.0.4280.88 Safari/537.36"
::1 - - [28/Dec/2020:19:43:41 +0000] "GET /users/sign-up HTTP/1.1" 304 - "http://localhost:8000/" "Mozilla/5.0 (X11; Linux x86_64) AppleWebKit/537.36 (KHTML, like Gecko) Chrome/87.0.4280.88 Safari/537.36"
::1 - - [28/Dec/2020:19:43:42 +0000] "GET /rsrc.php/v3/yO/r/YQNfPR9MJfx.png HTTP/1.1" 404 171 "http://localhost:8000/css/user_sign_up.css" "Mozilla/5.0 (X11; Linux x86_64) AppleWebKit/537.36 (KHTML, like Gecko) Chrome/87.0.4280.88 Safari/537.36"
::1 - - [28/Dec/2020:19:43:50 +0000] "POST /users/create HTTP/1.1" 302 46 "http://localhost:8000/users/sign-up" "Mozilla/5.0 (X11; Linux x86_64) AppleWebKit/537.36 (KHTML, like Gecko) Chrome/87.0.4280.88 Safari/537.36"
::1 - - [28/Dec/2020:19:43:50 +0000] "GET / HTTP/1.1" 200 10353 "http://localhost:8000/users/sign-up" "Mozilla/5.0 (X11; Linux x86_64) AppleWebKit/537.36 (KHTML, like Gecko) Chrome/87.0.4280.88 Safari/537.36"
::1 - - [28/Dec/2020:19:43:52 +0000] "GET /users/sign-in HTTP/1.1" 304 - "http://localhost:8000/" "Mozilla/5.0 (X11; Linux x86_64) AppleWebKit/537.36 (KHTML, like Gecko) Chrome/87.0.4280.88 Safari/537.36"
::1 - - [28/Dec/2020:19:43:52 +0000] "GET /rsrc.php/v3/yO/r/YQNfPR9MJfx.png HTTP/1.1" 404 171 "http://localhost:8000/css/user_sign_in.css" "Mozilla/5.0 (X11; Linux x86_64) AppleWebKit/537.36 (KHTML, like Gecko) Chrome/87.0.4280.88 Safari/537.36"
::1 - - [28/Dec/2020:19:43:56 +0000] "POST /users/create-session HTTP/1.1" 302 46 "http://localhost:8000/users/sign-in" "Mozilla/5.0 (X11; Linux x86_64) AppleWebKit/537.36 (KHTML, like Gecko) Chrome/87.0.4280.88 Safari/537.36"
::1 - - [28/Dec/2020:19:43:56 +0000] "GET / HTTP/1.1" 200 9273 "http://localhost:8000/users/sign-in" "Mozilla/5.0 (X11; Linux x86_64) AppleWebKit/537.36 (KHTML, like Gecko) Chrome/87.0.4280.88 Safari/537.36"
::1 - - [28/Dec/2020:19:44:19 +0000] "GET /users/profile/5fea35733fa3122cf249a1e2 HTTP/1.1" 200 9743 "http://localhost:8000/" "Mozilla/5.0 (X11; Linux x86_64) AppleWebKit/537.36 (KHTML, like Gecko) Chrome/87.0.4280.88 Safari/537.36"
::1 - - [28/Dec/2020:19:44:23 +0000] "GET /users/profile/5fe98d5cd491834fdb9ab14d HTTP/1.1" 200 9832 "-" "Mozilla/5.0 (X11; Linux x86_64) AppleWebKit/537.36 (KHTML, like Gecko) Chrome/87.0.4280.88 Safari/537.36"
::1 - - [28/Dec/2020:19:44:25 +0000] "GET /users/friend-request/?to_user=5fe98d5cd491834fdb9ab14d&type=Add HTTP/1.1" 302 164 "http://localhost:8000/users/profile/5fe98d5cd491834fdb9ab14d" "Mozilla/5.0 (X11; Linux x86_64) AppleWebKit/537.36 (KHTML, like Gecko) Chrome/87.0.4280.88 Safari/537.36"
::1 - - [28/Dec/2020:19:44:25 +0000] "GET /users/profile/5fe98d5cd491834fdb9ab14d HTTP/1.1" 200 10108 "http://localhost:8000/users/profile/5fe98d5cd491834fdb9ab14d" "Mozilla/5.0 (X11; Linux x86_64) AppleWebKit/537.36 (KHTML, like Gecko) Chrome/87.0.4280.88 Safari/537.36"
::1 - - [28/Dec/2020:19:44:42 +0000] "GET /users/profile/5fe98d73d491834fdb9ab14e HTTP/1.1" 200 9786 "-" "Mozilla/5.0 (X11; Linux x86_64) AppleWebKit/537.36 (KHTML, like Gecko) Chrome/87.0.4280.88 Safari/537.36"
::1 - - [28/Dec/2020:19:44:44 +0000] "GET /users/friend-request/?to_user=5fe98d73d491834fdb9ab14e&type=Add HTTP/1.1" 302 164 "http://localhost:8000/users/profile/5fe98d73d491834fdb9ab14e" "Mozilla/5.0 (X11; Linux x86_64) AppleWebKit/537.36 (KHTML, like Gecko) Chrome/87.0.4280.88 Safari/537.36"
::1 - - [28/Dec/2020:19:44:44 +0000] "GET /users/profile/5fe98d73d491834fdb9ab14e HTTP/1.1" 200 10062 "http://localhost:8000/users/profile/5fe98d73d491834fdb9ab14e" "Mozilla/5.0 (X11; Linux x86_64) AppleWebKit/537.36 (KHTML, like Gecko) Chrome/87.0.4280.88 Safari/537.36"
::1 - - [28/Dec/2020:19:44:46 +0000] "GET / HTTP/1.1" 200 9677 "http://localhost:8000/users/profile/5fe98d73d491834fdb9ab14e" "Mozilla/5.0 (X11; Linux x86_64) AppleWebKit/537.36 (KHTML, like Gecko) Chrome/87.0.4280.88 Safari/537.36"
::1 - - [28/Dec/2020:19:46:27 +0000] "GET / HTTP/1.1" 304 - "http://localhost:8000/users/profile/5fe98d73d491834fdb9ab14e" "Mozilla/5.0 (X11; Linux x86_64) AppleWebKit/537.36 (KHTML, like Gecko) Chrome/87.0.4280.88 Safari/537.36"
::1 - - [28/Dec/2020:19:49:02 +0000] "GET / HTTP/1.1" 200 9988 "http://localhost:8000/users/profile/5fe98d73d491834fdb9ab14e" "Mozilla/5.0 (X11; Linux x86_64) AppleWebKit/537.36 (KHTML, like Gecko) Chrome/87.0.4280.88 Safari/537.36"
::1 - - [28/Dec/2020:19:49:05 +0000] "GET /users/profile/5fe98d73d491834fdb9ab14e HTTP/1.1" 200 9800 "http://localhost:8000/" "Mozilla/5.0 (X11; Linux x86_64) AppleWebKit/537.36 (KHTML, like Gecko) Chrome/87.0.4280.88 Safari/537.36"
::1 - - [28/Dec/2020:19:49:07 +0000] "GET /users/friend-request/?to_user=5fe98d73d491834fdb9ab14e&type=Remove HTTP/1.1" 302 164 "http://localhost:8000/users/profile/5fe98d73d491834fdb9ab14e" "Mozilla/5.0 (X11; Linux x86_64) AppleWebKit/537.36 (KHTML, like Gecko) Chrome/87.0.4280.88 Safari/537.36"
::1 - - [28/Dec/2020:19:49:07 +0000] "GET /users/profile/5fe98d73d491834fdb9ab14e HTTP/1.1" 200 10058 "http://localhost:8000/users/profile/5fe98d73d491834fdb9ab14e" "Mozilla/5.0 (X11; Linux x86_64) AppleWebKit/537.36 (KHTML, like Gecko) Chrome/87.0.4280.88 Safari/537.36"
::1 - - [28/Dec/2020:19:49:08 +0000] "GET / HTTP/1.1" 200 9902 "http://localhost:8000/users/profile/5fe98d73d491834fdb9ab14e" "Mozilla/5.0 (X11; Linux x86_64) AppleWebKit/537.36 (KHTML, like Gecko) Chrome/87.0.4280.88 Safari/537.36"
::1 - - [28/Dec/2020:19:51:23 +0000] "GET / HTTP/1.1" 200 9956 "http://localhost:8000/users/profile/5fe98d73d491834fdb9ab14e" "Mozilla/5.0 (X11; Linux x86_64) AppleWebKit/537.36 (KHTML, like Gecko) Chrome/87.0.4280.88 Safari/537.36"
::1 - - [28/Dec/2020:19:52:38 +0000] "GET / HTTP/1.1" 200 9891 "http://localhost:8000/users/profile/5fe98d73d491834fdb9ab14e" "Mozilla/5.0 (X11; Linux x86_64) AppleWebKit/537.36 (KHTML, like Gecko) Chrome/87.0.4280.88 Safari/537.36"
::1 - - [28/Dec/2020:19:53:36 +0000] "GET / HTTP/1.1" 200 9890 "http://localhost:8000/users/profile/5fe98d73d491834fdb9ab14e" "Mozilla/5.0 (X11; Linux x86_64) AppleWebKit/537.36 (KHTML, like Gecko) Chrome/87.0.4280.88 Safari/537.36"
::1 - - [28/Dec/2020:19:53:46 +0000] "GET / HTTP/1.1" 200 9885 "http://localhost:8000/users/profile/5fe98d73d491834fdb9ab14e" "Mozilla/5.0 (X11; Linux x86_64) AppleWebKit/537.36 (KHTML, like Gecko) Chrome/87.0.4280.88 Safari/537.36"
::1 - - [28/Dec/2020:19:55:00 +0000] "GET / HTTP/1.1" 304 - "http://localhost:8000/users/profile/5fe98d73d491834fdb9ab14e" "Mozilla/5.0 (X11; Linux x86_64) AppleWebKit/537.36 (KHTML, like Gecko) Chrome/87.0.4280.88 Safari/537.36"
::1 - - [28/Dec/2020:19:55:11 +0000] "GET / HTTP/1.1" 304 - "http://localhost:8000/users/profile/5fe98d73d491834fdb9ab14e" "Mozilla/5.0 (X11; Linux x86_64) AppleWebKit/537.36 (KHTML, like Gecko) Chrome/87.0.4280.88 Safari/537.36"
::1 - - [28/Dec/2020:19:55:17 +0000] "GET /users/profile/5fea35733fa3122cf249a1e2 HTTP/1.1" 304 - "http://localhost:8000/" "Mozilla/5.0 (X11; Linux x86_64) AppleWebKit/537.36 (KHTML, like Gecko) Chrome/87.0.4280.88 Safari/537.36"
::1 - - [28/Dec/2020:19:55:21 +0000] "POST /users/update/5fea35733fa3122cf249a1e2 HTTP/1.1" 302 164 "http://localhost:8000/users/profile/5fea35733fa3122cf249a1e2" "Mozilla/5.0 (X11; Linux x86_64) AppleWebKit/537.36 (KHTML, like Gecko) Chrome/87.0.4280.88 Safari/537.36"
::1 - - [28/Dec/2020:19:55:21 +0000] "GET /users/profile/5fea35733fa3122cf249a1e2 HTTP/1.1" 200 10133 "http://localhost:8000/users/profile/5fea35733fa3122cf249a1e2" "Mozilla/5.0 (X11; Linux x86_64) AppleWebKit/537.36 (KHTML, like Gecko) Chrome/87.0.4280.88 Safari/537.36"
::1 - - [28/Dec/2020:19:55:23 +0000] "GET / HTTP/1.1" 200 9928 "http://localhost:8000/users/profile/5fea35733fa3122cf249a1e2" "Mozilla/5.0 (X11; Linux x86_64) AppleWebKit/537.36 (KHTML, like Gecko) Chrome/87.0.4280.88 Safari/537.36"
::1 - - [28/Dec/2020:19:56:11 +0000] "GET / HTTP/1.1" 304 - "http://localhost:8000/users/profile/5fea35733fa3122cf249a1e2" "Mozilla/5.0 (X11; Linux x86_64) AppleWebKit/537.36 (KHTML, like Gecko) Chrome/87.0.4280.88 Safari/537.36"
::1 - - [28/Dec/2020:19:56:15 +0000] "GET / HTTP/1.1" 304 - "http://localhost:8000/users/profile/5fea35733fa3122cf249a1e2" "Mozilla/5.0 (X11; Linux x86_64) AppleWebKit/537.36 (KHTML, like Gecko) Chrome/87.0.4280.88 Safari/537.36"
::1 - - [28/Dec/2020:19:56:17 +0000] "GET /users/profile/5fe98d73d491834fdb9ab14e HTTP/1.1" 200 9829 "http://localhost:8000/" "Mozilla/5.0 (X11; Linux x86_64) AppleWebKit/537.36 (KHTML, like Gecko) Chrome/87.0.4280.88 Safari/537.36"
::1 - - [28/Dec/2020:19:56:20 +0000] "GET /users/friend-request/?to_user=5fe98d73d491834fdb9ab14e&type=Add HTTP/1.1" 302 164 "http://localhost:8000/users/profile/5fe98d73d491834fdb9ab14e" "Mozilla/5.0 (X11; Linux x86_64) AppleWebKit/537.36 (KHTML, like Gecko) Chrome/87.0.4280.88 Safari/537.36"
::1 - - [28/Dec/2020:19:56:20 +0000] "GET /users/profile/5fe98d73d491834fdb9ab14e HTTP/1.1" 200 10105 "http://localhost:8000/users/profile/5fe98d73d491834fdb9ab14e" "Mozilla/5.0 (X11; Linux x86_64) AppleWebKit/537.36 (KHTML, like Gecko) Chrome/87.0.4280.88 Safari/537.36"
::1 - - [28/Dec/2020:19:56:22 +0000] "GET / HTTP/1.1" 200 10014 "http://localhost:8000/users/profile/5fe98d73d491834fdb9ab14e" "Mozilla/5.0 (X11; Linux x86_64) AppleWebKit/537.36 (KHTML, like Gecko) Chrome/87.0.4280.88 Safari/537.36"
::1 - - [28/Dec/2020:19:56:26 +0000] "GET /users/profile/5fe98d5cd491834fdb9ab14d HTTP/1.1" 200 9889 "http://localhost:8000/" "Mozilla/5.0 (X11; Linux x86_64) AppleWebKit/537.36 (KHTML, like Gecko) Chrome/87.0.4280.88 Safari/537.36"
::1 - - [28/Dec/2020:19:56:28 +0000] "GET /users/friend-request/?to_user=5fe98d5cd491834fdb9ab14d&type=Remove HTTP/1.1" 302 164 "http://localhost:8000/users/profile/5fe98d5cd491834fdb9ab14d" "Mozilla/5.0 (X11; Linux x86_64) AppleWebKit/537.36 (KHTML, like Gecko) Chrome/87.0.4280.88 Safari/537.36"
::1 - - [28/Dec/2020:19:56:28 +0000] "GET /users/profile/5fe98d5cd491834fdb9ab14d HTTP/1.1" 200 10155 "http://localhost:8000/users/profile/5fe98d5cd491834fdb9ab14d" "Mozilla/5.0 (X11; Linux x86_64) AppleWebKit/537.36 (KHTML, like Gecko) Chrome/87.0.4280.88 Safari/537.36"
::1 - - [28/Dec/2020:19:56:29 +0000] "GET / HTTP/1.1" 200 9928 "http://localhost:8000/users/profile/5fe98d5cd491834fdb9ab14d" "Mozilla/5.0 (X11; Linux x86_64) AppleWebKit/537.36 (KHTML, like Gecko) Chrome/87.0.4280.88 Safari/537.36"
::1 - - [28/Dec/2020:19:56:35 +0000] "GET /users/sign-in HTTP/1.1" 302 46 "-" "Mozilla/5.0 (X11; Linux x86_64) AppleWebKit/537.36 (KHTML, like Gecko) Chrome/87.0.4280.88 Safari/537.36"
::1 - - [28/Dec/2020:19:56:35 +0000] "GET / HTTP/1.1" 304 - "-" "Mozilla/5.0 (X11; Linux x86_64) AppleWebKit/537.36 (KHTML, like Gecko) Chrome/87.0.4280.88 Safari/537.36"
::1 - - [28/Dec/2020:19:56:37 +0000] "GET /users/sign-up HTTP/1.1" 302 46 "-" "Mozilla/5.0 (X11; Linux x86_64) AppleWebKit/537.36 (KHTML, like Gecko) Chrome/87.0.4280.88 Safari/537.36"
::1 - - [28/Dec/2020:19:56:37 +0000] "GET / HTTP/1.1" 304 - "-" "Mozilla/5.0 (X11; Linux x86_64) AppleWebKit/537.36 (KHTML, like Gecko) Chrome/87.0.4280.88 Safari/537.36"
::1 - - [28/Dec/2020:19:56:40 +0000] "GET / HTTP/1.1" 304 - "http://localhost:8000/" "Mozilla/5.0 (X11; Linux x86_64) AppleWebKit/537.36 (KHTML, like Gecko) Chrome/87.0.4280.88 Safari/537.36"
::1 - - [29/Dec/2020:06:08:59 +0000] "GET / HTTP/1.1" 304 - "-" "Mozilla/5.0 (X11; Linux x86_64) AppleWebKit/537.36 (KHTML, like Gecko) Chrome/87.0.4280.88 Safari/537.36"
::1 - - [29/Dec/2020:06:09:00 +0000] "GET /users/profile/5fe98d5cd491834fdb9ab14d HTTP/1.1" 200 9952 "http://localhost:8000/" "Mozilla/5.0 (X11; Linux x86_64) AppleWebKit/537.36 (KHTML, like Gecko) Chrome/87.0.4280.88 Safari/537.36"
::1 - - [29/Dec/2020:06:09:13 +0000] "GET /users/profile/5fe98d5cd491834fdb9ab14d HTTP/1.1" 304 - "http://localhost:8000/" "Mozilla/5.0 (X11; Linux x86_64) AppleWebKit/537.36 (KHTML, like Gecko) Chrome/87.0.4280.88 Safari/537.36"
::1 - - [29/Dec/2020:06:09:14 +0000] "GET /users/profile/5fe98d5cd491834fdb9ab14d HTTP/1.1" 304 - "http://localhost:8000/" "Mozilla/5.0 (X11; Linux x86_64) AppleWebKit/537.36 (KHTML, like Gecko) Chrome/87.0.4280.88 Safari/537.36"
::1 - - [29/Dec/2020:06:09:18 +0000] "GET /users/profile/5fe98d5cd491834fdb9ab14d HTTP/1.1" 304 - "http://localhost:8000/" "Mozilla/5.0 (X11; Linux x86_64) AppleWebKit/537.36 (KHTML, like Gecko) Chrome/87.0.4280.88 Safari/537.36"
::1 - - [29/Dec/2020:11:47:21 +0000] "GET / HTTP/1.1" 200 10097 "-" "Mozilla/5.0 (X11; Linux x86_64) AppleWebKit/537.36 (KHTML, like Gecko) Chrome/87.0.4280.88 Safari/537.36"
::1 - - [29/Dec/2020:11:47:23 +0000] "GET /users/sign-in HTTP/1.1" 304 - "http://localhost:8000/" "Mozilla/5.0 (X11; Linux x86_64) AppleWebKit/537.36 (KHTML, like Gecko) Chrome/87.0.4280.88 Safari/537.36"
::1 - - [29/Dec/2020:11:47:23 +0000] "GET /rsrc.php/v3/yO/r/YQNfPR9MJfx.png HTTP/1.1" 404 171 "http://localhost:8000/css/user_sign_in.css" "Mozilla/5.0 (X11; Linux x86_64) AppleWebKit/537.36 (KHTML, like Gecko) Chrome/87.0.4280.88 Safari/537.36"
::1 - - [29/Dec/2020:11:47:26 +0000] "POST /users/create-session HTTP/1.1" 302 46 "http://localhost:8000/users/sign-in" "Mozilla/5.0 (X11; Linux x86_64) AppleWebKit/537.36 (KHTML, like Gecko) Chrome/87.0.4280.88 Safari/537.36"
::1 - - [29/Dec/2020:11:47:26 +0000] "GET / HTTP/1.1" 200 10221 "http://localhost:8000/users/sign-in" "Mozilla/5.0 (X11; Linux x86_64) AppleWebKit/537.36 (KHTML, like Gecko) Chrome/87.0.4280.88 Safari/537.36"
::1 - - [29/Dec/2020:11:47:30 +0000] "GET /users/profile/5fe98d73d491834fdb9ab14e HTTP/1.1" 200 9858 "http://localhost:8000/" "Mozilla/5.0 (X11; Linux x86_64) AppleWebKit/537.36 (KHTML, like Gecko) Chrome/87.0.4280.88 Safari/537.36"
::1 - - [29/Dec/2020:11:47:33 +0000] "GET /users/friend-request/?to_user=5fe98d73d491834fdb9ab14e&type=Remove HTTP/1.1" 302 164 "http://localhost:8000/users/profile/5fe98d73d491834fdb9ab14e" "Mozilla/5.0 (X11; Linux x86_64) AppleWebKit/537.36 (KHTML, like Gecko) Chrome/87.0.4280.88 Safari/537.36"
::1 - - [29/Dec/2020:11:47:33 +0000] "GET /users/profile/5fe98d73d491834fdb9ab14e HTTP/1.1" 200 10116 "http://localhost:8000/users/profile/5fe98d73d491834fdb9ab14e" "Mozilla/5.0 (X11; Linux x86_64) AppleWebKit/537.36 (KHTML, like Gecko) Chrome/87.0.4280.88 Safari/537.36"
::1 - - [29/Dec/2020:11:47:34 +0000] "GET / HTTP/1.1" 200 9867 "http://localhost:8000/users/profile/5fe98d73d491834fdb9ab14e" "Mozilla/5.0 (X11; Linux x86_64) AppleWebKit/537.36 (KHTML, like Gecko) Chrome/87.0.4280.88 Safari/537.36"
::1 - - [29/Dec/2020:11:47:39 +0000] "GET /users/profile/5fe98d5cd491834fdb9ab14d HTTP/1.1" 304 - "http://localhost:8000/" "Mozilla/5.0 (X11; Linux x86_64) AppleWebKit/537.36 (KHTML, like Gecko) Chrome/87.0.4280.88 Safari/537.36"
::1 - - [29/Dec/2020:11:47:42 +0000] "GET / HTTP/1.1" 304 - "http://localhost:8000/users/profile/5fe98d5cd491834fdb9ab14d" "Mozilla/5.0 (X11; Linux x86_64) AppleWebKit/537.36 (KHTML, like Gecko) Chrome/87.0.4280.88 Safari/537.36"
::1 - - [29/Dec/2020:11:47:48 +0000] "GET /users/profile/5fe98d5cd491834fdb9ab14d HTTP/1.1" 304 - "http://localhost:8000/" "Mozilla/5.0 (X11; Linux x86_64) AppleWebKit/537.36 (KHTML, like Gecko) Chrome/87.0.4280.88 Safari/537.36"
::1 - - [29/Dec/2020:11:47:55 +0000] "POST /users/update/5fe98d5cd491834fdb9ab14d HTTP/1.1" 302 164 "http://localhost:8000/users/profile/5fe98d5cd491834fdb9ab14d" "Mozilla/5.0 (X11; Linux x86_64) AppleWebKit/537.36 (KHTML, like Gecko) Chrome/87.0.4280.88 Safari/537.36"
::1 - - [29/Dec/2020:11:47:55 +0000] "GET /users/profile/5fe98d5cd491834fdb9ab14d HTTP/1.1" 200 10213 "http://localhost:8000/users/profile/5fe98d5cd491834fdb9ab14d" "Mozilla/5.0 (X11; Linux x86_64) AppleWebKit/537.36 (KHTML, like Gecko) Chrome/87.0.4280.88 Safari/537.36"
::1 - - [29/Dec/2020:11:47:57 +0000] "GET / HTTP/1.1" 200 9867 "http://localhost:8000/users/profile/5fe98d5cd491834fdb9ab14d" "Mozilla/5.0 (X11; Linux x86_64) AppleWebKit/537.36 (KHTML, like Gecko) Chrome/87.0.4280.88 Safari/537.36"
::1 - - [29/Dec/2020:11:48:00 +0000] "GET /users/sign-out HTTP/1.1" 302 46 "http://localhost:8000/" "Mozilla/5.0 (X11; Linux x86_64) AppleWebKit/537.36 (KHTML, like Gecko) Chrome/87.0.4280.88 Safari/537.36"
::1 - - [29/Dec/2020:11:48:00 +0000] "GET / HTTP/1.1" 200 10366 "http://localhost:8000/" "Mozilla/5.0 (X11; Linux x86_64) AppleWebKit/537.36 (KHTML, like Gecko) Chrome/87.0.4280.88 Safari/537.36"
::1 - - [01/Jan/2021:08:42:29 +0000] "GET / HTTP/1.1" 200 10097 "-" "Mozilla/5.0 (X11; Linux x86_64) AppleWebKit/537.36 (KHTML, like Gecko) Chrome/87.0.4280.88 Safari/537.36"
::1 - - [01/Jan/2021:08:42:53 +0000] "GET /users/sign-in HTTP/1.1" 200 7086 "http://localhost:8000/" "Mozilla/5.0 (X11; Linux x86_64) AppleWebKit/537.36 (KHTML, like Gecko) Chrome/87.0.4280.88 Safari/537.36"
::1 - - [01/Jan/2021:08:42:54 +0000] "GET /rsrc.php/v3/yO/r/YQNfPR9MJfx.png HTTP/1.1" 404 171 "http://localhost:8000/css/user_sign_in.css" "Mozilla/5.0 (X11; Linux x86_64) AppleWebKit/537.36 (KHTML, like Gecko) Chrome/87.0.4280.88 Safari/537.36"
::1 - - [01/Jan/2021:08:42:56 +0000] "POST /users/create-session HTTP/1.1" 302 46 "http://localhost:8000/users/sign-in" "Mozilla/5.0 (X11; Linux x86_64) AppleWebKit/537.36 (KHTML, like Gecko) Chrome/87.0.4280.88 Safari/537.36"
::1 - - [01/Jan/2021:08:42:56 +0000] "GET / HTTP/1.1" 200 10135 "http://localhost:8000/users/sign-in" "Mozilla/5.0 (X11; Linux x86_64) AppleWebKit/537.36 (KHTML, like Gecko) Chrome/87.0.4280.88 Safari/537.36"
::1 - - [01/Jan/2021:08:44:02 +0000] "GET / HTTP/1.1" 200 9867 "http://localhost:8000/users/sign-in" "Mozilla/5.0 (X11; Linux x86_64) AppleWebKit/537.36 (KHTML, like Gecko) Chrome/87.0.4280.88 Safari/537.36"
::1 - - [01/Jan/2021:08:44:09 +0000] "GET /users/sign-out HTTP/1.1" 302 46 "http://localhost:8000/" "Mozilla/5.0 (X11; Linux x86_64) AppleWebKit/537.36 (KHTML, like Gecko) Chrome/87.0.4280.88 Safari/537.36"
::1 - - [01/Jan/2021:08:44:09 +0000] "GET / HTTP/1.1" 200 10366 "http://localhost:8000/" "Mozilla/5.0 (X11; Linux x86_64) AppleWebKit/537.36 (KHTML, like Gecko) Chrome/87.0.4280.88 Safari/537.36"
::1 - - [01/Jan/2021:08:44:10 +0000] "GET /users/sign-in HTTP/1.1" 304 - "http://localhost:8000/" "Mozilla/5.0 (X11; Linux x86_64) AppleWebKit/537.36 (KHTML, like Gecko) Chrome/87.0.4280.88 Safari/537.36"
::1 - - [01/Jan/2021:08:44:11 +0000] "GET /rsrc.php/v3/yO/r/YQNfPR9MJfx.png HTTP/1.1" 404 171 "http://localhost:8000/css/user_sign_in.css" "Mozilla/5.0 (X11; Linux x86_64) AppleWebKit/537.36 (KHTML, like Gecko) Chrome/87.0.4280.88 Safari/537.36"
::1 - - [01/Jan/2021:08:44:14 +0000] "POST /users/create-session HTTP/1.1" 302 46 "http://localhost:8000/users/sign-in" "Mozilla/5.0 (X11; Linux x86_64) AppleWebKit/537.36 (KHTML, like Gecko) Chrome/87.0.4280.88 Safari/537.36"
::1 - - [01/Jan/2021:08:44:14 +0000] "GET / HTTP/1.1" 200 10135 "http://localhost:8000/users/sign-in" "Mozilla/5.0 (X11; Linux x86_64) AppleWebKit/537.36 (KHTML, like Gecko) Chrome/87.0.4280.88 Safari/537.36"
::1 - - [01/Jan/2021:08:44:47 +0000] "GET /users/sign-out HTTP/1.1" 302 46 "http://localhost:8000/" "Mozilla/5.0 (X11; Linux x86_64) AppleWebKit/537.36 (KHTML, like Gecko) Chrome/87.0.4280.88 Safari/537.36"
::1 - - [01/Jan/2021:08:44:47 +0000] "GET / HTTP/1.1" 200 10366 "http://localhost:8000/" "Mozilla/5.0 (X11; Linux x86_64) AppleWebKit/537.36 (KHTML, like Gecko) Chrome/87.0.4280.88 Safari/537.36"
::1 - - [01/Jan/2021:08:44:53 +0000] "GET /users/sign-in HTTP/1.1" 304 - "http://localhost:8000/" "Mozilla/5.0 (X11; Linux x86_64) AppleWebKit/537.36 (KHTML, like Gecko) Chrome/87.0.4280.88 Safari/537.36"
::1 - - [01/Jan/2021:08:44:53 +0000] "GET /rsrc.php/v3/yO/r/YQNfPR9MJfx.png HTTP/1.1" 404 171 "http://localhost:8000/css/user_sign_in.css" "Mozilla/5.0 (X11; Linux x86_64) AppleWebKit/537.36 (KHTML, like Gecko) Chrome/87.0.4280.88 Safari/537.36"
::1 - - [01/Jan/2021:08:45:22 +0000] "POST /users/create-session HTTP/1.1" 302 46 "http://localhost:8000/users/sign-in" "Mozilla/5.0 (X11; Linux x86_64) AppleWebKit/537.36 (KHTML, like Gecko) Chrome/87.0.4280.88 Safari/537.36"
::1 - - [01/Jan/2021:08:45:22 +0000] "GET / HTTP/1.1" 200 10135 "http://localhost:8000/users/sign-in" "Mozilla/5.0 (X11; Linux x86_64) AppleWebKit/537.36 (KHTML, like Gecko) Chrome/87.0.4280.88 Safari/537.36"
::1 - - [01/Jan/2021:08:45:25 +0000] "GET /users/sign-out HTTP/1.1" 302 46 "http://localhost:8000/" "Mozilla/5.0 (X11; Linux x86_64) AppleWebKit/537.36 (KHTML, like Gecko) Chrome/87.0.4280.88 Safari/537.36"
::1 - - [01/Jan/2021:08:45:25 +0000] "GET / HTTP/1.1" 200 10366 "http://localhost:8000/" "Mozilla/5.0 (X11; Linux x86_64) AppleWebKit/537.36 (KHTML, like Gecko) Chrome/87.0.4280.88 Safari/537.36"
::1 - - [01/Jan/2021:08:45:29 +0000] "GET /users/sign-in HTTP/1.1" 304 - "http://localhost:8000/" "Mozilla/5.0 (X11; Linux x86_64) AppleWebKit/537.36 (KHTML, like Gecko) Chrome/87.0.4280.88 Safari/537.36"
::1 - - [01/Jan/2021:08:45:30 +0000] "GET /rsrc.php/v3/yO/r/YQNfPR9MJfx.png HTTP/1.1" 404 171 "http://localhost:8000/css/user_sign_in.css" "Mozilla/5.0 (X11; Linux x86_64) AppleWebKit/537.36 (KHTML, like Gecko) Chrome/87.0.4280.88 Safari/537.36"
::1 - - [01/Jan/2021:08:45:35 +0000] "POST /users/create-session HTTP/1.1" 302 46 "http://localhost:8000/users/sign-in" "Mozilla/5.0 (X11; Linux x86_64) AppleWebKit/537.36 (KHTML, like Gecko) Chrome/87.0.4280.88 Safari/537.36"
::1 - - [01/Jan/2021:08:45:35 +0000] "GET / HTTP/1.1" 200 10135 "http://localhost:8000/users/sign-in" "Mozilla/5.0 (X11; Linux x86_64) AppleWebKit/537.36 (KHTML, like Gecko) Chrome/87.0.4280.88 Safari/537.36"
::1 - - [01/Jan/2021:08:45:41 +0000] "GET /users/profile/5fe98d5cd491834fdb9ab14d HTTP/1.1" 200 9952 "http://localhost:8000/" "Mozilla/5.0 (X11; Linux x86_64) AppleWebKit/537.36 (KHTML, like Gecko) Chrome/87.0.4280.88 Safari/537.36"
::1 - - [01/Jan/2021:08:45:44 +0000] "GET / HTTP/1.1" 200 9867 "http://localhost:8000/users/profile/5fe98d5cd491834fdb9ab14d" "Mozilla/5.0 (X11; Linux x86_64) AppleWebKit/537.36 (KHTML, like Gecko) Chrome/87.0.4280.88 Safari/537.36"
::1 - - [01/Jan/2021:08:45:46 +0000] "GET /users/profile/5fe98d73d491834fdb9ab14e HTTP/1.1" 200 9844 "http://localhost:8000/" "Mozilla/5.0 (X11; Linux x86_64) AppleWebKit/537.36 (KHTML, like Gecko) Chrome/87.0.4280.88 Safari/537.36"
::1 - - [01/Jan/2021:08:46:08 +0000] "GET /users/profile/5fe98d5cd491834fdb9ab14d HTTP/1.1" 304 - "http://localhost:8000/users/profile/5fe98d73d491834fdb9ab14e" "Mozilla/5.0 (X11; Linux x86_64) AppleWebKit/537.36 (KHTML, like Gecko) Chrome/87.0.4280.88 Safari/537.36"
::1 - - [01/Jan/2021:08:46:45 +0000] "GET /users/profile/5fe98d5cd491834fdb9ab14d HTTP/1.1" 304 - "http://localhost:8000/users/profile/5fe98d73d491834fdb9ab14e" "Mozilla/5.0 (X11; Linux x86_64) AppleWebKit/537.36 (KHTML, like Gecko) Chrome/87.0.4280.88 Safari/537.36"
::1 - - [01/Jan/2021:08:47:08 +0000] "GET /users/profile/5fe98d5cd491834fdb9ab14d HTTP/1.1" 200 9966 "http://localhost:8000/users/profile/5fe98d73d491834fdb9ab14e" "Mozilla/5.0 (X11; Linux x86_64) AppleWebKit/537.36 (KHTML, like Gecko) Chrome/87.0.4280.88 Safari/537.36"
::1 - - [01/Jan/2021:08:47:10 +0000] "GET /users/sign-out HTTP/1.1" 302 46 "http://localhost:8000/users/profile/5fe98d5cd491834fdb9ab14d" "Mozilla/5.0 (X11; Linux x86_64) AppleWebKit/537.36 (KHTML, like Gecko) Chrome/87.0.4280.88 Safari/537.36"
::1 - - [01/Jan/2021:08:47:10 +0000] "GET / HTTP/1.1" 200 10366 "http://localhost:8000/users/profile/5fe98d5cd491834fdb9ab14d" "Mozilla/5.0 (X11; Linux x86_64) AppleWebKit/537.36 (KHTML, like Gecko) Chrome/87.0.4280.88 Safari/537.36"
::1 - - [01/Jan/2021:08:47:11 +0000] "GET /users/sign-in HTTP/1.1" 304 - "http://localhost:8000/" "Mozilla/5.0 (X11; Linux x86_64) AppleWebKit/537.36 (KHTML, like Gecko) Chrome/87.0.4280.88 Safari/537.36"
::1 - - [01/Jan/2021:08:47:11 +0000] "GET /rsrc.php/v3/yO/r/YQNfPR9MJfx.png HTTP/1.1" 404 171 "http://localhost:8000/css/user_sign_in.css" "Mozilla/5.0 (X11; Linux x86_64) AppleWebKit/537.36 (KHTML, like Gecko) Chrome/87.0.4280.88 Safari/537.36"
::1 - - [01/Jan/2021:08:47:19 +0000] "POST /users/create-session HTTP/1.1" 302 46 "http://localhost:8000/users/sign-in" "Mozilla/5.0 (X11; Linux x86_64) AppleWebKit/537.36 (KHTML, like Gecko) Chrome/87.0.4280.88 Safari/537.36"
::1 - - [01/Jan/2021:08:47:19 +0000] "GET / HTTP/1.1" 200 10149 "http://localhost:8000/users/sign-in" "Mozilla/5.0 (X11; Linux x86_64) AppleWebKit/537.36 (KHTML, like Gecko) Chrome/87.0.4280.88 Safari/537.36"
::1 - - [01/Jan/2021:08:48:17 +0000] "GET /users/profile/5fea35733fa3122cf249a1e2 HTTP/1.1" 200 9859 "http://localhost:8000/" "Mozilla/5.0 (X11; Linux x86_64) AppleWebKit/537.36 (KHTML, like Gecko) Chrome/87.0.4280.88 Safari/537.36"
::1 - - [01/Jan/2021:08:48:37 +0000] "GET /users/profile/5fea35733fa3122cf249a1e2 HTTP/1.1" 200 10209 "http://localhost:8000/" "Mozilla/5.0 (X11; Linux x86_64) AppleWebKit/537.36 (KHTML, like Gecko) Chrome/87.0.4280.88 Safari/537.36"
::1 - - [01/Jan/2021:08:49:13 +0000] "GET /users/profile/5fea35733fa3122cf249a1e2 HTTP/1.1" 200 11115 "http://localhost:8000/" "Mozilla/5.0 (X11; Linux x86_64) AppleWebKit/537.36 (KHTML, like Gecko) Chrome/87.0.4280.88 Safari/537.36"
::1 - - [01/Jan/2021:08:49:14 +0000] "GET /users/profile/5fea35733fa3122cf249a1e2 HTTP/1.1" 304 - "http://localhost:8000/" "Mozilla/5.0 (X11; Linux x86_64) AppleWebKit/537.36 (KHTML, like Gecko) Chrome/87.0.4280.88 Safari/537.36"
::1 - - [01/Jan/2021:08:49:15 +0000] "GET /users/profile/5fea35733fa3122cf249a1e2 HTTP/1.1" 304 - "http://localhost:8000/" "Mozilla/5.0 (X11; Linux x86_64) AppleWebKit/537.36 (KHTML, like Gecko) Chrome/87.0.4280.88 Safari/537.36"
::1 - - [01/Jan/2021:08:49:16 +0000] "GET /users/profile/5fea35733fa3122cf249a1e2 HTTP/1.1" 304 - "http://localhost:8000/" "Mozilla/5.0 (X11; Linux x86_64) AppleWebKit/537.36 (KHTML, like Gecko) Chrome/87.0.4280.88 Safari/537.36"
::1 - - [01/Jan/2021:08:49:16 +0000] "GET /users/profile/5fea35733fa3122cf249a1e2 HTTP/1.1" 304 - "http://localhost:8000/" "Mozilla/5.0 (X11; Linux x86_64) AppleWebKit/537.36 (KHTML, like Gecko) Chrome/87.0.4280.88 Safari/537.36"
::1 - - [01/Jan/2021:08:49:17 +0000] "GET /users/profile/5fea35733fa3122cf249a1e2 HTTP/1.1" 304 - "http://localhost:8000/" "Mozilla/5.0 (X11; Linux x86_64) AppleWebKit/537.36 (KHTML, like Gecko) Chrome/87.0.4280.88 Safari/537.36"
::1 - - [01/Jan/2021:08:49:17 +0000] "GET /users/profile/5fea35733fa3122cf249a1e2 HTTP/1.1" 304 - "http://localhost:8000/" "Mozilla/5.0 (X11; Linux x86_64) AppleWebKit/537.36 (KHTML, like Gecko) Chrome/87.0.4280.88 Safari/537.36"
::1 - - [01/Jan/2021:08:49:18 +0000] "GET /users/profile/5fea35733fa3122cf249a1e2 HTTP/1.1" 304 - "http://localhost:8000/" "Mozilla/5.0 (X11; Linux x86_64) AppleWebKit/537.36 (KHTML, like Gecko) Chrome/87.0.4280.88 Safari/537.36"
::1 - - [01/Jan/2021:08:49:18 +0000] "GET /users/profile/5fea35733fa3122cf249a1e2 HTTP/1.1" 304 - "http://localhost:8000/" "Mozilla/5.0 (X11; Linux x86_64) AppleWebKit/537.36 (KHTML, like Gecko) Chrome/87.0.4280.88 Safari/537.36"
::1 - - [01/Jan/2021:08:49:19 +0000] "GET /users/profile/5fea35733fa3122cf249a1e2 HTTP/1.1" 304 - "http://localhost:8000/" "Mozilla/5.0 (X11; Linux x86_64) AppleWebKit/537.36 (KHTML, like Gecko) Chrome/87.0.4280.88 Safari/537.36"
::1 - - [01/Jan/2021:08:49:24 +0000] "GET /messages/destroy/5feee20816395c6d9f9b250d HTTP/1.1" 302 164 "http://localhost:8000/users/profile/5fea35733fa3122cf249a1e2" "Mozilla/5.0 (X11; Linux x86_64) AppleWebKit/537.36 (KHTML, like Gecko) Chrome/87.0.4280.88 Safari/537.36"
::1 - - [01/Jan/2021:08:49:24 +0000] "GET /users/profile/5fea35733fa3122cf249a1e2 HTTP/1.1" 200 10207 "http://localhost:8000/users/profile/5fea35733fa3122cf249a1e2" "Mozilla/5.0 (X11; Linux x86_64) AppleWebKit/537.36 (KHTML, like Gecko) Chrome/87.0.4280.88 Safari/537.36"
::1 - - [01/Jan/2021:08:49:57 +0000] "GET /users/profile/5fea35733fa3122cf249a1e2 HTTP/1.1" 304 - "http://localhost:8000/users/profile/5fea35733fa3122cf249a1e2" "Mozilla/5.0 (X11; Linux x86_64) AppleWebKit/537.36 (KHTML, like Gecko) Chrome/87.0.4280.88 Safari/537.36"
::1 - - [01/Jan/2021:08:50:53 +0000] "GET /users/profile/5fea35733fa3122cf249a1e2 HTTP/1.1" 200 11117 "http://localhost:8000/users/profile/5fea35733fa3122cf249a1e2" "Mozilla/5.0 (X11; Linux x86_64) AppleWebKit/537.36 (KHTML, like Gecko) Chrome/87.0.4280.88 Safari/537.36"
::1 - - [01/Jan/2021:08:51:07 +0000] "GET /users/profile/5fea35733fa3122cf249a1e2 HTTP/1.1" 304 - "http://localhost:8000/users/profile/5fea35733fa3122cf249a1e2" "Mozilla/5.0 (X11; Linux x86_64) AppleWebKit/537.36 (KHTML, like Gecko) Chrome/87.0.4280.88 Safari/537.36"
::1 - - [01/Jan/2021:08:51:45 +0000] "GET /users/profile/5fea35733fa3122cf249a1e2 HTTP/1.1" 200 9388 "http://localhost:8000/users/profile/5fea35733fa3122cf249a1e2" "Mozilla/5.0 (X11; Linux x86_64) AppleWebKit/537.36 (KHTML, like Gecko) Chrome/87.0.4280.88 Safari/537.36"
::1 - - [01/Jan/2021:08:52:02 +0000] "GET /users/profile/5fea35733fa3122cf249a1e2 HTTP/1.1" 200 11122 "http://localhost:8000/users/profile/5fea35733fa3122cf249a1e2" "Mozilla/5.0 (X11; Linux x86_64) AppleWebKit/537.36 (KHTML, like Gecko) Chrome/87.0.4280.88 Safari/537.36"
::1 - - [01/Jan/2021:08:52:34 +0000] "GET /users/profile/5fea35733fa3122cf249a1e2 HTTP/1.1" 200 11226 "http://localhost:8000/users/profile/5fea35733fa3122cf249a1e2" "Mozilla/5.0 (X11; Linux x86_64) AppleWebKit/537.36 (KHTML, like Gecko) Chrome/87.0.4280.88 Safari/537.36"
::1 - - [01/Jan/2021:08:53:16 +0000] "GET /users/profile/5fea35733fa3122cf249a1e2 HTTP/1.1" 200 11496 "http://localhost:8000/users/profile/5fea35733fa3122cf249a1e2" "Mozilla/5.0 (X11; Linux x86_64) AppleWebKit/537.36 (KHTML, like Gecko) Chrome/87.0.4280.88 Safari/537.36"
::1 - - [01/Jan/2021:08:53:32 +0000] "GET /users/profile/5fea35733fa3122cf249a1e2 HTTP/1.1" 200 9759 "http://localhost:8000/users/profile/5fea35733fa3122cf249a1e2" "Mozilla/5.0 (X11; Linux x86_64) AppleWebKit/537.36 (KHTML, like Gecko) Chrome/87.0.4280.88 Safari/537.36"
::1 - - [01/Jan/2021:08:53:35 +0000] "GET /users/profile/5fea35733fa3122cf249a1e2 HTTP/1.1" 200 10213 "http://localhost:8000/users/profile/5fea35733fa3122cf249a1e2" "Mozilla/5.0 (X11; Linux x86_64) AppleWebKit/537.36 (KHTML, like Gecko) Chrome/87.0.4280.88 Safari/537.36"
::1 - - [01/Jan/2021:08:53:42 +0000] "GET /users/profile/5fea35733fa3122cf249a1e2 HTTP/1.1" 200 11577 "http://localhost:8000/users/profile/5fea35733fa3122cf249a1e2" "Mozilla/5.0 (X11; Linux x86_64) AppleWebKit/537.36 (KHTML, like Gecko) Chrome/87.0.4280.88 Safari/537.36"
::1 - - [01/Jan/2021:08:58:23 +0000] "GET /messages/destroy/5feee26c16395c6d9f9b250e HTTP/1.1" 302 164 "http://localhost:8000/users/profile/5fea35733fa3122cf249a1e2" "Mozilla/5.0 (X11; Linux x86_64) AppleWebKit/537.36 (KHTML, like Gecko) Chrome/87.0.4280.88 Safari/537.36"
::1 - - [01/Jan/2021:08:58:23 +0000] "GET /users/profile/5fea35733fa3122cf249a1e2 HTTP/1.1" 200 11122 "http://localhost:8000/users/profile/5fea35733fa3122cf249a1e2" "Mozilla/5.0 (X11; Linux x86_64) AppleWebKit/537.36 (KHTML, like Gecko) Chrome/87.0.4280.88 Safari/537.36"
::1 - - [01/Jan/2021:08:58:24 +0000] "GET /messages/destroy/5feee30e16395c6d9f9b250f HTTP/1.1" 302 164 "http://localhost:8000/users/profile/5fea35733fa3122cf249a1e2" "Mozilla/5.0 (X11; Linux x86_64) AppleWebKit/537.36 (KHTML, like Gecko) Chrome/87.0.4280.88 Safari/537.36"
::1 - - [01/Jan/2021:08:58:24 +0000] "GET /users/profile/5fea35733fa3122cf249a1e2 HTTP/1.1" 200 10668 "http://localhost:8000/users/profile/5fea35733fa3122cf249a1e2" "Mozilla/5.0 (X11; Linux x86_64) AppleWebKit/537.36 (KHTML, like Gecko) Chrome/87.0.4280.88 Safari/537.36"
::1 - - [01/Jan/2021:08:58:45 +0000] "GET /users/profile/5fea35733fa3122cf249a1e2 HTTP/1.1" 304 - "http://localhost:8000/users/profile/5fea35733fa3122cf249a1e2" "Mozilla/5.0 (X11; Linux x86_64) AppleWebKit/537.36 (KHTML, like Gecko) Chrome/87.0.4280.88 Safari/537.36"
::1 - - [01/Jan/2021:08:59:42 +0000] "GET /users/profile/5fea35733fa3122cf249a1e2 HTTP/1.1" 304 - "http://localhost:8000/users/profile/5fea35733fa3122cf249a1e2" "Mozilla/5.0 (X11; Linux x86_64) AppleWebKit/537.36 (KHTML, like Gecko) Chrome/87.0.4280.88 Safari/537.36"
::1 - - [01/Jan/2021:09:00:04 +0000] "GET /users/profile/5fea35733fa3122cf249a1e2 HTTP/1.1" 304 - "http://localhost:8000/users/profile/5fea35733fa3122cf249a1e2" "Mozilla/5.0 (X11; Linux x86_64) AppleWebKit/537.36 (KHTML, like Gecko) Chrome/87.0.4280.88 Safari/537.36"
::1 - - [01/Jan/2021:09:00:21 +0000] "GET /users/profile/5fea35733fa3122cf249a1e2 HTTP/1.1" 304 - "http://localhost:8000/users/profile/5fea35733fa3122cf249a1e2" "Mozilla/5.0 (X11; Linux x86_64) AppleWebKit/537.36 (KHTML, like Gecko) Chrome/87.0.4280.88 Safari/537.36"
::1 - - [01/Jan/2021:09:00:24 +0000] "GET /users/profile/5fea35733fa3122cf249a1e2 HTTP/1.1" 304 - "http://localhost:8000/users/profile/5fea35733fa3122cf249a1e2" "Mozilla/5.0 (X11; Linux x86_64) AppleWebKit/537.36 (KHTML, like Gecko) Chrome/87.0.4280.88 Safari/537.36"
::1 - - [01/Jan/2021:09:00:28 +0000] "GET /users/profile/5fea35733fa3122cf249a1e2 HTTP/1.1" 304 - "http://localhost:8000/users/profile/5fea35733fa3122cf249a1e2" "Mozilla/5.0 (X11; Linux x86_64) AppleWebKit/537.36 (KHTML, like Gecko) Chrome/87.0.4280.88 Safari/537.36"
::1 - - [01/Jan/2021:09:00:31 +0000] "GET /users/profile/5fea35733fa3122cf249a1e2 HTTP/1.1" 304 - "http://localhost:8000/users/profile/5fea35733fa3122cf249a1e2" "Mozilla/5.0 (X11; Linux x86_64) AppleWebKit/537.36 (KHTML, like Gecko) Chrome/87.0.4280.88 Safari/537.36"
::1 - - [01/Jan/2021:09:00:37 +0000] "GET /users/profile/5fea35733fa3122cf249a1e2 HTTP/1.1" 304 - "http://localhost:8000/users/profile/5fea35733fa3122cf249a1e2" "Mozilla/5.0 (X11; Linux x86_64) AppleWebKit/537.36 (KHTML, like Gecko) Chrome/87.0.4280.88 Safari/537.36"
::1 - - [01/Jan/2021:09:00:43 +0000] "GET /users/profile/5fea35733fa3122cf249a1e2 HTTP/1.1" 304 - "http://localhost:8000/users/profile/5fea35733fa3122cf249a1e2" "Mozilla/5.0 (X11; Linux x86_64) AppleWebKit/537.36 (KHTML, like Gecko) Chrome/87.0.4280.88 Safari/537.36"
::1 - - [01/Jan/2021:09:01:11 +0000] "GET /users/profile/5fea35733fa3122cf249a1e2 HTTP/1.1" 304 - "http://localhost:8000/users/profile/5fea35733fa3122cf249a1e2" "Mozilla/5.0 (X11; Linux x86_64) AppleWebKit/537.36 (KHTML, like Gecko) Chrome/87.0.4280.88 Safari/537.36"
::1 - - [01/Jan/2021:09:01:21 +0000] "GET /rsrc.php/v3/yO/r/YQNfPR9MJfx.png HTTP/1.1" 404 171 "http://localhost:8000/css/user_sign_in.css" "Mozilla/5.0 (X11; Linux x86_64) AppleWebKit/537.36 (KHTML, like Gecko) Chrome/87.0.4280.88 Safari/537.36"
::1 - - [01/Jan/2021:09:01:28 +0000] "GET /users/profile/5fe98d73d491834fdb9ab14e HTTP/1.1" 200 9305 "http://localhost:8000/" "Mozilla/5.0 (X11; Linux x86_64) AppleWebKit/537.36 (KHTML, like Gecko) Chrome/87.0.4280.88 Safari/537.36"
::1 - - [01/Jan/2021:09:01:40 +0000] "GET /users/profile/5fe98d73d491834fdb9ab14e HTTP/1.1" 304 - "http://localhost:8000/" "Mozilla/5.0 (X11; Linux x86_64) AppleWebKit/537.36 (KHTML, like Gecko) Chrome/87.0.4280.88 Safari/537.36"
::1 - - [01/Jan/2021:09:01:46 +0000] "GET /users/profile/5fe98d73d491834fdb9ab14e HTTP/1.1" 304 - "http://localhost:8000/" "Mozilla/5.0 (X11; Linux x86_64) AppleWebKit/537.36 (KHTML, like Gecko) Chrome/87.0.4280.88 Safari/537.36"
::1 - - [01/Jan/2021:09:02:06 +0000] "GET /users/friend-request/?to_user=5fe98d73d491834fdb9ab14e&type=Add HTTP/1.1" 302 164 "http://localhost:8000/users/profile/5fe98d73d491834fdb9ab14e" "Mozilla/5.0 (X11; Linux x86_64) AppleWebKit/537.36 (KHTML, like Gecko) Chrome/87.0.4280.88 Safari/537.36"
::1 - - [01/Jan/2021:09:02:06 +0000] "GET /users/profile/5fe98d73d491834fdb9ab14e HTTP/1.1" 200 10026 "http://localhost:8000/users/profile/5fe98d73d491834fdb9ab14e" "Mozilla/5.0 (X11; Linux x86_64) AppleWebKit/537.36 (KHTML, like Gecko) Chrome/87.0.4280.88 Safari/537.36"
::1 - - [01/Jan/2021:09:02:08 +0000] "GET /users/friend-request/?to_user=5fe98d73d491834fdb9ab14e&type=Remove HTTP/1.1" 302 164 "http://localhost:8000/users/profile/5fe98d73d491834fdb9ab14e" "Mozilla/5.0 (X11; Linux x86_64) AppleWebKit/537.36 (KHTML, like Gecko) Chrome/87.0.4280.88 Safari/537.36"
::1 - - [01/Jan/2021:09:02:08 +0000] "GET /users/profile/5fe98d73d491834fdb9ab14e HTTP/1.1" 200 10029 "http://localhost:8000/users/profile/5fe98d73d491834fdb9ab14e" "Mozilla/5.0 (X11; Linux x86_64) AppleWebKit/537.36 (KHTML, like Gecko) Chrome/87.0.4280.88 Safari/537.36"
::1 - - [01/Jan/2021:09:02:19 +0000] "GET / HTTP/1.1" 200 10097 "-" "Mozilla/5.0 (X11; Linux x86_64) AppleWebKit/537.36 (KHTML, like Gecko) Chrome/87.0.4280.88 Safari/537.36 OPR/73.0.3856.284"
::1 - - [01/Jan/2021:09:02:22 +0000] "GET /users/sign-in HTTP/1.1" 200 7086 "http://localhost:8000/" "Mozilla/5.0 (X11; Linux x86_64) AppleWebKit/537.36 (KHTML, like Gecko) Chrome/87.0.4280.88 Safari/537.36 OPR/73.0.3856.284"
::1 - - [01/Jan/2021:09:02:22 +0000] "GET /rsrc.php/v3/yO/r/YQNfPR9MJfx.png HTTP/1.1" 404 171 "http://localhost:8000/css/user_sign_in.css" "Mozilla/5.0 (X11; Linux x86_64) AppleWebKit/537.36 (KHTML, like Gecko) Chrome/87.0.4280.88 Safari/537.36 OPR/73.0.3856.284"
::1 - - [01/Jan/2021:09:02:26 +0000] "POST /users/create-session HTTP/1.1" 302 72 "http://localhost:8000/users/sign-in" "Mozilla/5.0 (X11; Linux x86_64) AppleWebKit/537.36 (KHTML, like Gecko) Chrome/87.0.4280.88 Safari/537.36 OPR/73.0.3856.284"
::1 - - [01/Jan/2021:09:02:26 +0000] "GET /users/sign-in HTTP/1.1" 200 7376 "http://localhost:8000/users/sign-in" "Mozilla/5.0 (X11; Linux x86_64) AppleWebKit/537.36 (KHTML, like Gecko) Chrome/87.0.4280.88 Safari/537.36 OPR/73.0.3856.284"
::1 - - [01/Jan/2021:09:02:33 +0000] "POST /users/create-session HTTP/1.1" 302 46 "http://localhost:8000/users/sign-in" "Mozilla/5.0 (X11; Linux x86_64) AppleWebKit/537.36 (KHTML, like Gecko) Chrome/87.0.4280.88 Safari/537.36 OPR/73.0.3856.284"
::1 - - [01/Jan/2021:09:02:33 +0000] "GET / HTTP/1.1" 200 10149 "http://localhost:8000/users/sign-in" "Mozilla/5.0 (X11; Linux x86_64) AppleWebKit/537.36 (KHTML, like Gecko) Chrome/87.0.4280.88 Safari/537.36 OPR/73.0.3856.284"
::1 - - [01/Jan/2021:09:02:34 +0000] "GET /users/sign-out HTTP/1.1" 302 46 "http://localhost:8000/" "Mozilla/5.0 (X11; Linux x86_64) AppleWebKit/537.36 (KHTML, like Gecko) Chrome/87.0.4280.88 Safari/537.36 OPR/73.0.3856.284"
::1 - - [01/Jan/2021:09:02:34 +0000] "GET / HTTP/1.1" 200 10366 "http://localhost:8000/" "Mozilla/5.0 (X11; Linux x86_64) AppleWebKit/537.36 (KHTML, like Gecko) Chrome/87.0.4280.88 Safari/537.36 OPR/73.0.3856.284"
::1 - - [01/Jan/2021:09:02:36 +0000] "GET /users/sign-in HTTP/1.1" 200 7086 "http://localhost:8000/" "Mozilla/5.0 (X11; Linux x86_64) AppleWebKit/537.36 (KHTML, like Gecko) Chrome/87.0.4280.88 Safari/537.36 OPR/73.0.3856.284"
::1 - - [01/Jan/2021:09:02:36 +0000] "GET /rsrc.php/v3/yO/r/YQNfPR9MJfx.png HTTP/1.1" 404 171 "http://localhost:8000/css/user_sign_in.css" "Mozilla/5.0 (X11; Linux x86_64) AppleWebKit/537.36 (KHTML, like Gecko) Chrome/87.0.4280.88 Safari/537.36 OPR/73.0.3856.284"
::1 - - [01/Jan/2021:09:02:41 +0000] "POST /users/create-session HTTP/1.1" 302 46 "http://localhost:8000/users/sign-in" "Mozilla/5.0 (X11; Linux x86_64) AppleWebKit/537.36 (KHTML, like Gecko) Chrome/87.0.4280.88 Safari/537.36 OPR/73.0.3856.284"
::1 - - [01/Jan/2021:09:02:41 +0000] "GET / HTTP/1.1" 200 10208 "http://localhost:8000/users/sign-in" "Mozilla/5.0 (X11; Linux x86_64) AppleWebKit/537.36 (KHTML, like Gecko) Chrome/87.0.4280.88 Safari/537.36 OPR/73.0.3856.284"
::1 - - [01/Jan/2021:09:02:43 +0000] "GET /users/profile/5fe98d5cd491834fdb9ab14d HTTP/1.1" 200 9476 "http://localhost:8000/" "Mozilla/5.0 (X11; Linux x86_64) AppleWebKit/537.36 (KHTML, like Gecko) Chrome/87.0.4280.88 Safari/537.36 OPR/73.0.3856.284"
::1 - - [01/Jan/2021:09:02:50 +0000] "GET /users/profile/5fe98d73d491834fdb9ab14e HTTP/1.1" 200 9937 "http://localhost:8000/users/profile/5fe98d73d491834fdb9ab14e" "Mozilla/5.0 (X11; Linux x86_64) AppleWebKit/537.36 (KHTML, like Gecko) Chrome/87.0.4280.88 Safari/537.36"
::1 - - [01/Jan/2021:09:03:04 +0000] "GET /users/profile/5fe98d73d491834fdb9ab14e HTTP/1.1" 304 - "http://localhost:8000/users/profile/5fe98d73d491834fdb9ab14e" "Mozilla/5.0 (X11; Linux x86_64) AppleWebKit/537.36 (KHTML, like Gecko) Chrome/87.0.4280.88 Safari/537.36"
::1 - - [01/Jan/2021:09:03:46 +0000] "GET /users/profile/5fe98d73d491834fdb9ab14e HTTP/1.1" 304 - "http://localhost:8000/users/profile/5fe98d73d491834fdb9ab14e" "Mozilla/5.0 (X11; Linux x86_64) AppleWebKit/537.36 (KHTML, like Gecko) Chrome/87.0.4280.88 Safari/537.36"
::1 - - [01/Jan/2021:09:04:03 +0000] "GET /users/profile/5fe98d73d491834fdb9ab14e HTTP/1.1" 304 - "http://localhost:8000/users/profile/5fe98d73d491834fdb9ab14e" "Mozilla/5.0 (X11; Linux x86_64) AppleWebKit/537.36 (KHTML, like Gecko) Chrome/87.0.4280.88 Safari/537.36"
::1 - - [01/Jan/2021:09:04:16 +0000] "GET /users/profile/5fe98d73d491834fdb9ab14e HTTP/1.1" 304 - "http://localhost:8000/users/profile/5fe98d73d491834fdb9ab14e" "Mozilla/5.0 (X11; Linux x86_64) AppleWebKit/537.36 (KHTML, like Gecko) Chrome/87.0.4280.88 Safari/537.36"
::1 - - [01/Jan/2021:09:04:20 +0000] "GET /users/profile/5fe98d73d491834fdb9ab14e HTTP/1.1" 304 - "http://localhost:8000/users/profile/5fe98d73d491834fdb9ab14e" "Mozilla/5.0 (X11; Linux x86_64) AppleWebKit/537.36 (KHTML, like Gecko) Chrome/87.0.4280.88 Safari/537.36"
::1 - - [01/Jan/2021:09:04:25 +0000] "GET /users/profile/5fe98d73d491834fdb9ab14e HTTP/1.1" 304 - "http://localhost:8000/users/profile/5fe98d73d491834fdb9ab14e" "Mozilla/5.0 (X11; Linux x86_64) AppleWebKit/537.36 (KHTML, like Gecko) Chrome/87.0.4280.88 Safari/537.36"
::1 - - [01/Jan/2021:09:04:30 +0000] "GET /users/profile/5fe98d73d491834fdb9ab14e HTTP/1.1" 304 - "http://localhost:8000/users/profile/5fe98d73d491834fdb9ab14e" "Mozilla/5.0 (X11; Linux x86_64) AppleWebKit/537.36 (KHTML, like Gecko) Chrome/87.0.4280.88 Safari/537.36"
::1 - - [01/Jan/2021:09:04:36 +0000] "GET /users/profile/5fe98d73d491834fdb9ab14e HTTP/1.1" 304 - "http://localhost:8000/users/profile/5fe98d73d491834fdb9ab14e" "Mozilla/5.0 (X11; Linux x86_64) AppleWebKit/537.36 (KHTML, like Gecko) Chrome/87.0.4280.88 Safari/537.36"
::1 - - [01/Jan/2021:09:06:34 +0000] "GET /users/profile/5fe98d73d491834fdb9ab14e HTTP/1.1" 304 - "http://localhost:8000/users/profile/5fe98d73d491834fdb9ab14e" "Mozilla/5.0 (X11; Linux x86_64) AppleWebKit/537.36 (KHTML, like Gecko) Chrome/87.0.4280.88 Safari/537.36"
::1 - - [01/Jan/2021:09:06:51 +0000] "GET /users/profile/5fe98d73d491834fdb9ab14e HTTP/1.1" 304 - "http://localhost:8000/users/profile/5fe98d73d491834fdb9ab14e" "Mozilla/5.0 (X11; Linux x86_64) AppleWebKit/537.36 (KHTML, like Gecko) Chrome/87.0.4280.88 Safari/537.36"
::1 - - [01/Jan/2021:09:07:02 +0000] "GET /users/profile/5fe98d73d491834fdb9ab14e HTTP/1.1" 304 - "http://localhost:8000/users/profile/5fe98d73d491834fdb9ab14e" "Mozilla/5.0 (X11; Linux x86_64) AppleWebKit/537.36 (KHTML, like Gecko) Chrome/87.0.4280.88 Safari/537.36"
::1 - - [01/Jan/2021:09:07:18 +0000] "GET /users/profile/5fe98d73d491834fdb9ab14e HTTP/1.1" 304 - "http://localhost:8000/users/profile/5fe98d73d491834fdb9ab14e" "Mozilla/5.0 (X11; Linux x86_64) AppleWebKit/537.36 (KHTML, like Gecko) Chrome/87.0.4280.88 Safari/537.36"
::1 - - [01/Jan/2021:09:07:24 +0000] "GET /users/profile/5fe98d73d491834fdb9ab14e HTTP/1.1" 304 - "http://localhost:8000/users/profile/5fe98d73d491834fdb9ab14e" "Mozilla/5.0 (X11; Linux x86_64) AppleWebKit/537.36 (KHTML, like Gecko) Chrome/87.0.4280.88 Safari/537.36"
::1 - - [01/Jan/2021:09:07:29 +0000] "GET /users/profile/5fe98d5cd491834fdb9ab14d HTTP/1.1" 200 9932 "http://localhost:8000/" "Mozilla/5.0 (X11; Linux x86_64) AppleWebKit/537.36 (KHTML, like Gecko) Chrome/87.0.4280.88 Safari/537.36 OPR/73.0.3856.284"
::1 - - [01/Jan/2021:09:08:22 +0000] "GET /users/profile/5fe98d73d491834fdb9ab14e HTTP/1.1" 200 10123 "http://localhost:8000/users/profile/5fe98d73d491834fdb9ab14e" "Mozilla/5.0 (X11; Linux x86_64) AppleWebKit/537.36 (KHTML, like Gecko) Chrome/87.0.4280.88 Safari/537.36"
::1 - - [01/Jan/2021:09:08:35 +0000] "GET /users/profile/5fe98d73d491834fdb9ab14e HTTP/1.1" 304 - "http://localhost:8000/users/profile/5fe98d73d491834fdb9ab14e" "Mozilla/5.0 (X11; Linux x86_64) AppleWebKit/537.36 (KHTML, like Gecko) Chrome/87.0.4280.88 Safari/537.36"
