[0mPOST /users/create-session [36m302[0m 1323.411 ms - 46[0m
[0mGET / [32m200[0m 29.023 ms - 8872[0m
[0mGET /rsrc.php/v3/yO/r/YQNfPR9MJfx.png [33m404[0m 7.037 ms - 171[0m
[0mPOST /users/create-session [36m302[0m 1308.005 ms - 46[0m
[0mGET / [32m200[0m 26.622 ms - 8845[0m
[0mPOST /users/create-session [36m302[0m 1314.611 ms - 46[0m
[0mGET / [36m304[0m 9.628 ms - -[0m
[0mGET /users/sign-in [36m302[0m 5.021 ms - 46[0m
[0mGET / [32m200[0m 8.729 ms - 8577[0m
[0mGET /users/sign-out [36m302[0m 1097.521 ms - 46[0m
[0mGET / [32m200[0m 8.506 ms - 10331[0m
[0mGET /users/sign-in [32m200[0m 4.789 ms - 7051[0m
[0mGET /rsrc.php/v3/yO/r/YQNfPR9MJfx.png [33m404[0m 1.943 ms - 171[0m
[0mPOST /users/create-session [36m302[0m 1303.894 ms - 46[0m
[0mGET / [32m200[0m 9.643 ms - 8872[0m
[0mGET /rsrc.php/v3/yO/r/YQNfPR9MJfx.png [33m404[0m 3.094 ms - 171[0m
[0mGET /users/sign-in [36m304[0m 2.634 ms - -[0m
[0mGET /rsrc.php/v3/yO/r/YQNfPR9MJfx.png [33m404[0m 3.207 ms - 171[0m
[0mGET /users/sign-in [36m304[0m 2.895 ms - -[0m
[0mGET /users/sign-in [36m304[0m 23.831 ms - -[0m
[0mGET /rsrc.php/v3/yO/r/YQNfPR9MJfx.png [33m404[0m 5.155 ms - 171[0m
[0mGET /users/sign-in [36m304[0m 6.990 ms - -[0m
[0mGET /rsrc.php/v3/yO/r/YQNfPR9MJfx.png [33m404[0m 3.800 ms - 171[0m
[0mGET /users/sign-in [36m304[0m 20.409 ms - -[0m
[0mGET /rsrc.php/v3/yO/r/YQNfPR9MJfx.png [33m404[0m 7.380 ms - 171[0m
[0mGET /users/sign-in [36m304[0m 9.558 ms - -[0m
[0mGET /rsrc.php/v3/yO/r/YQNfPR9MJfx.png [33m404[0m 4.572 ms - 171[0m
[0mGET /users/sign-in [36m304[0m 5.793 ms - -[0m
[0mGET /rsrc.php/v3/yO/r/YQNfPR9MJfx.png [33m404[0m 2.244 ms - 171[0m
[0mGET /users/sign-in [36m304[0m 17.255 ms - -[0m
[0mGET /rsrc.php/v3/yO/r/YQNfPR9MJfx.png [33m404[0m 9.026 ms - 171[0m
[0mPOST /users/create-session [36m302[0m 10.797 ms - 46[0m
[0mGET / [32m200[0m 13.977 ms - 10352[0m
[0mGET /users/sign-in [36m304[0m 22.263 ms - -[0m
[0mGET /rsrc.php/v3/yO/r/YQNfPR9MJfx.png [33m404[0m 9.039 ms - 171[0m
[0mPOST /users/create-session [36m302[0m 12.961 ms - 46[0m
[0mGET / [36m304[0m 15.356 ms - -[0m
[0mGET /users/sign-in [36m304[0m 24.035 ms - -[0m
[0mGET /rsrc.php/v3/yO/r/YQNfPR9MJfx.png [33m404[0m 5.523 ms - 171[0m
[0mPOST /users/create-session [36m302[0m 10.093 ms - 46[0m
[0mGET / [36m304[0m 9.874 ms - -[0m
[0mGET /users/sign-in [36m304[0m 2.996 ms - -[0m
[0mGET /rsrc.php/v3/yO/r/YQNfPR9MJfx.png [33m404[0m 2.712 ms - 171[0m
[0mPOST /users/create-session [36m302[0m 9.592 ms - 46[0m
[0mGET / [36m304[0m 8.256 ms - -[0m
[0mGET / [32m200[0m 32.756 ms - 10062[0m
[0mGET /users/sign-in [36m304[0m 21.026 ms - -[0m
[0mGET /rsrc.php/v3/yO/r/YQNfPR9MJfx.png [33m404[0m 3.382 ms - 171[0m
[0mPOST /users/create-session [36m302[0m 9.595 ms - 72[0m
[0mGET /users/sign-in [32m200[0m 2.810 ms - 7341[0m
[0mGET /rsrc.php/v3/yO/r/YQNfPR9MJfx.png [33m404[0m 2.270 ms - 171[0m
[0mPOST /users/create-session [36m302[0m 10.932 ms - 72[0m
[0mGET /users/sign-in [36m304[0m 6.434 ms - -[0m
[0mGET /rsrc.php/v3/yO/r/YQNfPR9MJfx.png [33m404[0m 3.065 ms - 171[0m
[0mGET /users/forgot-password [32m200[0m 764.766 ms - 6677[0m
[0mGET /rsrc.php/v3/yO/r/YQNfPR9MJfx.png [33m404[0m 2.542 ms - 171[0m
[0mGET / [36m304[0m 31.164 ms - -[0m
[0mGET /users/sign-in [32m200[0m 11.847 ms - 7051[0m
[0mGET /rsrc.php/v3/yO/r/YQNfPR9MJfx.png [33m404[0m 4.246 ms - 171[0m
[0mPOST /users/create-session [36m302[0m 3.206 ms - 72[0m
[0mGET /users/sign-in [32m200[0m 3.761 ms - 7341[0m
[0mGET /rsrc.php/v3/yO/r/YQNfPR9MJfx.png [33m404[0m 3.891 ms - 171[0m
[0mGET / [36m304[0m 20.591 ms - -[0m
[0mGET /users/sign-up [32m200[0m 496.185 ms - 6179[0m
[0mGET /users/sign-up [36m304[0m 500.740 ms - -[0m
[0mGET /rsrc.php/v3/yO/r/YQNfPR9MJfx.png [33m404[0m 2.579 ms - 171[0m
[0mPOST /users/create [36m302[0m 3238.769 ms - 46[0m
[0mGET / [32m200[0m 35.150 ms - 10318[0m
[0mGET /users/sign-in [32m200[0m 5.982 ms - 7051[0m
[0mGET /rsrc.php/v3/yO/r/YQNfPR9MJfx.png [33m404[0m 5.155 ms - 171[0m
[0mPOST /users/create-session [36m302[0m 4.229 ms - 46[0m
[0mGET / [32m200[0m 9.765 ms - 8829[0m
[0mGET /users/sign-in [36m302[0m 3.264 ms - 46[0m
[0mGET / [32m200[0m 11.971 ms - 8561[0m
[0mGET /users/sign-up [36m302[0m 2.498 ms - 72[0m
[0mGET /users/profile [33m404[0m 4.657 ms - 152[0m
[0mGET /users/profile [33m404[0m 4.202 ms - 152[0m
[0mGET / [36m304[0m 50.638 ms - -[0m
[0mGET /users/sign-out [36m302[0m 10.284 ms - 46[0m
[0mGET / [32m200[0m 11.690 ms - 10331[0m
[0mGET /users/sign-in [32m200[0m 4.365 ms - 7051[0m
[0mGET /rsrc.php/v3/yO/r/YQNfPR9MJfx.png [33m404[0m 4.210 ms - 171[0m
[0mPOST /users/create-session [36m302[0m 5.432 ms - 46[0m
[0mGET / [32m200[0m 12.146 ms - 8829[0m
[0mPOST /users/create-session [36m302[0m 10.951 ms - 72[0m
[0mGET /users/sign-in [36m302[0m 6.503 ms - 46[0m
[0mGET / [32m200[0m 9.058 ms - 8561[0m
[0mGET /users/profile/5fe8d56d84d338d08926a1d6 [32m200[0m 11.361 ms - 6400[0m
[0mPOST /users/update/5fe8d56d84d338d08926a1d6 [36m302[0m 1008.659 ms - 164[0m
[0mGET /users/profile/5fe8d56d84d338d08926a1d6 [32m200[0m 29.529 ms - 6704[0m
[0mGET / [32m200[0m 10.308 ms - 8604[0m
[0mGET / [36m304[0m 39.451 ms - -[0m
